2019/12/28 11:41:15.904 [I] [alarm.go:131]  终端内存告警:  终端[cefa7658d0a54b23aa77c6dd927436b9]在最近5分钟内内存使用率大于10%的次数为5, 已超过3次 , email通知: <nil> 
2019/12/28 11:41:15.958 [I] [alarm.go:82]  终端离线告警:  终端[e8b8da9eed0d4d12b205dba10e2e7ce8]最后一次发送心跳时间为2019-12-21T18:13:41+08:00, 已超过离线时间5分钟 , email通知: <nil> 
2019/12/28 11:41:16.066 [I] [alarm.go:108]  终端CPU告警:  终端[cefa7658d0a54b23aa77c6dd927436b9]在最近5分钟内CPU使用率大于10%的次数为5, 已超过3次 , email通知: <nil> 
2019/12/28 11:42:15.074 [I] [alarm.go:82]  终端离线告警:  终端[e8b8da9eed0d4d12b205dba10e2e7ce8]最后一次发送心跳时间为2019-12-21T18:13:41+08:00, 已超过离线时间5分钟 , email通知: <nil> 
2019/12/28 11:42:15.681 [I] [alarm.go:108]  终端CPU告警:  终端[cefa7658d0a54b23aa77c6dd927436b9]在最近5分钟内CPU使用率大于10%的次数为5, 已超过3次 , email通知: <nil> 
2019/12/28 11:42:15.744 [I] [alarm.go:131]  终端内存告警:  终端[cefa7658d0a54b23aa77c6dd927436b9]在最近5分钟内内存使用率大于10%的次数为5, 已超过3次 , email通知: <nil> 
2019/12/28 12:07:05.266 [D] [alarm.go:108]  CPU使用率告警 2019-12-28 12:07:05.2661573 +0800 CST m=+60.050978401 
2019/12/28 12:07:05.266 [D] [alarm.go:142]  内存使用率告警 2019-12-28 12:07:05.2661573 +0800 CST m=+60.050978401 
2019/12/28 12:08:29.259 [D] [alarm.go:74]  离线告警 2019-12-28 12:08:29.2591492 +0800 CST m=+3.089000201 
2019/12/28 12:08:31.150 [I] [alarm.go:92]  终端离线告警:  终端[e8b8da9eed0d4d12b205dba10e2e7ce8]最后一次发送心跳时间为2019-12-21T18:13:41+08:00, 已超过离线时间5分钟 , email通知: <nil> 
2019/12/28 12:08:32.259 [D] [alarm.go:74]  离线告警 2019-12-28 12:08:32.2591505 +0800 CST m=+6.089001501 
2019/12/28 12:08:34.267 [I] [alarm.go:92]  终端离线告警:  终端[e8b8da9eed0d4d12b205dba10e2e7ce8]最后一次发送心跳时间为2019-12-21T18:13:41+08:00, 已超过离线时间5分钟 , email通知: <nil> 
2019/12/28 12:08:35.260 [D] [alarm.go:74]  离线告警 2019-12-28 12:08:35.2601488 +0800 CST m=+9.089999801 
2019/12/28 12:08:35.263 [I] [alarm.go:87]  通知次数(2)超过限制(2), 终端[e8b8da9eed0d4d12b205dba10e2e7ce8]最后一次发送心跳时间为2019-12-21T18:13:41+08:00, 已超过离线时间5分钟 
2019/12/28 12:08:38.259 [D] [alarm.go:74]  离线告警 2019-12-28 12:08:38.2591545 +0800 CST m=+12.089005501 
2019/12/28 12:08:38.266 [I] [alarm.go:87]  通知次数(2)超过限制(2), 终端[e8b8da9eed0d4d12b205dba10e2e7ce8]最后一次发送心跳时间为2019-12-21T18:13:41+08:00, 已超过离线时间5分钟 
2019/12/28 12:08:41.259 [D] [alarm.go:74]  离线告警 2019-12-28 12:08:41.2591485 +0800 CST m=+15.088999501 
2019/12/28 12:08:41.261 [I] [alarm.go:87]  通知次数(2)超过限制(2), 终端[e8b8da9eed0d4d12b205dba10e2e7ce8]最后一次发送心跳时间为2019-12-21T18:13:41+08:00, 已超过离线时间5分钟 
2019/12/28 12:08:44.260 [D] [alarm.go:74]  离线告警 2019-12-28 12:08:44.2601461 +0800 CST m=+18.089997101 
2019/12/28 12:08:44.261 [I] [alarm.go:87]  通知次数(2)超过限制(2), 终端[e8b8da9eed0d4d12b205dba10e2e7ce8]最后一次发送心跳时间为2019-12-21T18:13:41+08:00, 已超过离线时间5分钟 
2019/12/28 12:08:47.259 [D] [alarm.go:74]  离线告警 2019-12-28 12:08:47.2591897 +0800 CST m=+21.089040701 
2019/12/28 12:08:47.262 [I] [alarm.go:87]  通知次数(2)超过限制(2), 终端[e8b8da9eed0d4d12b205dba10e2e7ce8]最后一次发送心跳时间为2019-12-21T18:13:41+08:00, 已超过离线时间5分钟 
2019/12/28 12:08:50.261 [D] [alarm.go:74]  离线告警 2019-12-28 12:08:50.2611453 +0800 CST m=+24.090996301 
2019/12/28 12:08:50.263 [I] [alarm.go:87]  通知次数(2)超过限制(2), 终端[e8b8da9eed0d4d12b205dba10e2e7ce8]最后一次发送心跳时间为2019-12-21T18:13:41+08:00, 已超过离线时间5分钟 
2019/12/28 12:08:53.259 [D] [alarm.go:74]  离线告警 2019-12-28 12:08:53.2591488 +0800 CST m=+27.088999801 
2019/12/28 12:08:53.261 [I] [alarm.go:87]  通知次数(2)超过限制(2), 终端[e8b8da9eed0d4d12b205dba10e2e7ce8]最后一次发送心跳时间为2019-12-21T18:13:41+08:00, 已超过离线时间5分钟 
2019/12/28 12:08:56.261 [D] [alarm.go:74]  离线告警 2019-12-28 12:08:56.2611455 +0800 CST m=+30.090996501 
2019/12/28 12:08:56.264 [I] [alarm.go:87]  通知次数(2)超过限制(2), 终端[e8b8da9eed0d4d12b205dba10e2e7ce8]最后一次发送心跳时间为2019-12-21T18:13:41+08:00, 已超过离线时间5分钟 
2019/12/28 12:08:59.259 [D] [alarm.go:74]  离线告警 2019-12-28 12:08:59.2591504 +0800 CST m=+33.089001401 
2019/12/28 12:08:59.262 [I] [alarm.go:87]  通知次数(2)超过限制(2), 终端[e8b8da9eed0d4d12b205dba10e2e7ce8]最后一次发送心跳时间为2019-12-21T18:13:41+08:00, 已超过离线时间5分钟 
2019/12/28 12:09:02.260 [D] [alarm.go:74]  离线告警 2019-12-28 12:09:02.2601502 +0800 CST m=+36.090001201 
2019/12/28 12:09:02.262 [I] [alarm.go:87]  通知次数(2)超过限制(2), 终端[e8b8da9eed0d4d12b205dba10e2e7ce8]最后一次发送心跳时间为2019-12-21T18:13:41+08:00, 已超过离线时间5分钟 
2019/12/28 12:09:05.276 [D] [alarm.go:74]  离线告警 2019-12-28 12:09:05.2731473 +0800 CST m=+39.102998301 
2019/12/28 12:09:06.720 [I] [alarm.go:92]  终端离线告警:  终端[e8b8da9eed0d4d12b205dba10e2e7ce8]最后一次发送心跳时间为2019-12-21T18:13:41+08:00, 已超过离线时间5分钟 , email通知: <nil> 
2019/12/28 15:19:23.646 [D] [alarm.go:165]  内存使用率告警 2019-12-28 15:19:23.6464852 +0800 CST m=+60.063198201 
2019/12/28 15:19:23.646 [D] [alarm.go:88]  离线告警 2019-12-28 15:19:23.6464852 +0800 CST m=+60.063198201 
2019/12/28 15:19:23.646 [D] [alarm.go:127]  CPU使用率告警 2019-12-28 15:19:23.6464852 +0800 CST m=+60.063198201 
2019/12/28 15:19:25.573 [I] [alarm.go:151]  终端CPU告警:  终端[cefa7658d0a54b23aa77c6dd927436b9]在最近5分钟内CPU使用率大于10%的次数为5, 已超过3次 , email通知: <nil> , sms通知: <nil> 
2019/12/28 15:19:25.613 [I] [alarm.go:110]  终端离线告警:  终端[e8b8da9eed0d4d12b205dba10e2e7ce8]最后一次发送心跳时间为2019-12-21T18:13:41+08:00, 已超过离线时间5分钟 , email通知: <nil> , sms通知: <nil> 
2019/12/28 15:19:26.028 [I] [alarm.go:187]  终端内存告警:  终端[cefa7658d0a54b23aa77c6dd927436b9]在最近5分钟内内存使用率大于10%的次数为5, 已超过3次 , email通知: <nil> , sms通知: <nil> 
2019/12/28 15:21:06.314 [D] [alarm.go:165]  内存使用率告警 2019-12-28 15:21:06.3144888 +0800 CST m=+60.122004501 
2019/12/28 15:21:06.314 [D] [alarm.go:88]  离线告警 2019-12-28 15:21:06.3144888 +0800 CST m=+60.122004501 
2019/12/28 15:21:06.314 [D] [alarm.go:127]  CPU使用率告警 2019-12-28 15:21:06.3144888 +0800 CST m=+60.122004501 
2019/12/28 15:21:07.725 [I] [alarm.go:187]  终端内存告警:  终端[cefa7658d0a54b23aa77c6dd927436b9]在最近5分钟内内存使用率大于10%的次数为5, 已超过3次 , email通知: <nil> , sms通知: <nil> 
2019/12/28 15:21:07.925 [I] [alarm.go:151]  终端CPU告警:  终端[cefa7658d0a54b23aa77c6dd927436b9]在最近5分钟内CPU使用率大于10%的次数为5, 已超过3次 , email通知: <nil> , sms通知: <nil> 
2019/12/28 15:21:08.409 [I] [alarm.go:110]  终端离线告警:  终端[e8b8da9eed0d4d12b205dba10e2e7ce8]最后一次发送心跳时间为2019-12-21T18:13:41+08:00, 已超过离线时间5分钟 , email通知: <nil> , sms通知: <nil> 
2019/12/28 15:22:06.316 [D] [alarm.go:88]  离线告警 2019-12-28 15:22:06.3154877 +0800 CST m=+120.123003401 
2019/12/28 15:22:06.316 [D] [alarm.go:127]  CPU使用率告警 2019-12-28 15:22:06.3154877 +0800 CST m=+120.123003401 
2019/12/28 15:22:06.316 [D] [alarm.go:165]  内存使用率告警 2019-12-28 15:22:06.3154877 +0800 CST m=+120.123003401 
2019/12/28 15:22:06.415 [I] [alarm.go:101]  通知次数(2)超过限制(2), 终端[e8b8da9eed0d4d12b205dba10e2e7ce8]最后一次发送心跳时间为2019-12-21T18:13:41+08:00, 已超过离线时间5分钟 
2019/12/28 15:22:06.484 [I] [alarm.go:142]  通知次数(2)超过限制(2), 终端[cefa7658d0a54b23aa77c6dd927436b9]在最近5分钟内CPU使用率大于10%的次数为5, 已超过3次 
2019/12/28 15:22:06.602 [I] [alarm.go:179]  通知次数(2)超过限制(2), 终端[cefa7658d0a54b23aa77c6dd927436b9]在最近5分钟内内存使用率大于10%的次数为5, 已超过3次 
2019/12/28 15:23:06.315 [D] [alarm.go:165]  内存使用率告警 2019-12-28 15:23:06.3155775 +0800 CST m=+180.123093201 
2019/12/28 15:23:06.315 [D] [alarm.go:127]  CPU使用率告警 2019-12-28 15:23:06.3155775 +0800 CST m=+180.123093201 
2019/12/28 15:23:06.315 [D] [alarm.go:88]  离线告警 2019-12-28 15:23:06.3155775 +0800 CST m=+180.123093201 
2019/12/28 15:23:06.323 [I] [alarm.go:179]  通知次数(2)超过限制(2), 终端[cefa7658d0a54b23aa77c6dd927436b9]在最近5分钟内内存使用率大于10%的次数为5, 已超过3次 
2019/12/28 15:23:06.324 [I] [alarm.go:142]  通知次数(2)超过限制(2), 终端[cefa7658d0a54b23aa77c6dd927436b9]在最近5分钟内CPU使用率大于10%的次数为5, 已超过3次 
2019/12/28 15:23:06.327 [I] [alarm.go:101]  通知次数(2)超过限制(2), 终端[e8b8da9eed0d4d12b205dba10e2e7ce8]最后一次发送心跳时间为2019-12-21T18:13:41+08:00, 已超过离线时间5分钟 
2019/12/28 15:24:06.314 [D] [alarm.go:88]  离线告警 2019-12-28 15:24:06.3145162 +0800 CST m=+240.122031901 
2019/12/28 15:24:06.314 [D] [alarm.go:165]  内存使用率告警 2019-12-28 15:24:06.3145162 +0800 CST m=+240.122031901 
2019/12/28 15:24:06.314 [D] [alarm.go:127]  CPU使用率告警 2019-12-28 15:24:06.3145162 +0800 CST m=+240.122031901 
2019/12/28 15:24:06.316 [I] [alarm.go:101]  通知次数(2)超过限制(2), 终端[e8b8da9eed0d4d12b205dba10e2e7ce8]最后一次发送心跳时间为2019-12-21T18:13:41+08:00, 已超过离线时间5分钟 
2019/12/28 15:24:06.318 [I] [alarm.go:179]  通知次数(2)超过限制(2), 终端[cefa7658d0a54b23aa77c6dd927436b9]在最近5分钟内内存使用率大于10%的次数为5, 已超过3次 
2019/12/28 15:24:06.320 [I] [alarm.go:142]  通知次数(2)超过限制(2), 终端[cefa7658d0a54b23aa77c6dd927436b9]在最近5分钟内CPU使用率大于10%的次数为5, 已超过3次 
2019/12/28 15:25:06.315 [D] [alarm.go:127]  CPU使用率告警 2019-12-28 15:25:06.315485 +0800 CST m=+300.123000701 
2019/12/28 15:25:06.315 [D] [alarm.go:88]  离线告警 2019-12-28 15:25:06.315485 +0800 CST m=+300.123000701 
2019/12/28 15:25:06.315 [D] [alarm.go:165]  内存使用率告警 2019-12-28 15:25:06.315485 +0800 CST m=+300.123000701 
2019/12/28 15:25:06.318 [I] [alarm.go:101]  通知次数(2)超过限制(2), 终端[e8b8da9eed0d4d12b205dba10e2e7ce8]最后一次发送心跳时间为2019-12-21T18:13:41+08:00, 已超过离线时间5分钟 
2019/12/28 15:25:06.318 [I] [alarm.go:142]  通知次数(2)超过限制(2), 终端[cefa7658d0a54b23aa77c6dd927436b9]在最近5分钟内CPU使用率大于10%的次数为5, 已超过3次 
2019/12/28 15:25:06.321 [I] [alarm.go:179]  通知次数(2)超过限制(2), 终端[cefa7658d0a54b23aa77c6dd927436b9]在最近5分钟内内存使用率大于10%的次数为5, 已超过3次 
2019/12/28 15:26:06.314 [D] [alarm.go:88]  离线告警 2019-12-28 15:26:06.3144904 +0800 CST m=+360.122006101 
2019/12/28 15:26:06.314 [D] [alarm.go:165]  内存使用率告警 2019-12-28 15:26:06.3144904 +0800 CST m=+360.122006101 
2019/12/28 15:26:06.314 [D] [alarm.go:127]  CPU使用率告警 2019-12-28 15:26:06.3144904 +0800 CST m=+360.122006101 
2019/12/28 15:26:06.317 [I] [alarm.go:101]  通知次数(2)超过限制(2), 终端[e8b8da9eed0d4d12b205dba10e2e7ce8]最后一次发送心跳时间为2019-12-21T18:13:41+08:00, 已超过离线时间5分钟 
2019/12/28 15:26:06.319 [I] [alarm.go:179]  通知次数(2)超过限制(2), 终端[cefa7658d0a54b23aa77c6dd927436b9]在最近5分钟内内存使用率大于10%的次数为5, 已超过3次 
2019/12/28 15:26:06.321 [I] [alarm.go:142]  通知次数(2)超过限制(2), 终端[cefa7658d0a54b23aa77c6dd927436b9]在最近5分钟内CPU使用率大于10%的次数为5, 已超过3次 
2019/12/28 15:27:06.314 [D] [alarm.go:88]  离线告警 2019-12-28 15:27:06.3145187 +0800 CST m=+420.122034401 
2019/12/28 15:27:06.314 [D] [alarm.go:165]  内存使用率告警 2019-12-28 15:27:06.3145187 +0800 CST m=+420.122034401 
2019/12/28 15:27:06.314 [D] [alarm.go:127]  CPU使用率告警 2019-12-28 15:27:06.3145187 +0800 CST m=+420.122034401 
2019/12/28 15:27:06.317 [I] [alarm.go:101]  通知次数(2)超过限制(2), 终端[e8b8da9eed0d4d12b205dba10e2e7ce8]最后一次发送心跳时间为2019-12-21T18:13:41+08:00, 已超过离线时间5分钟 
2019/12/28 15:27:06.318 [I] [alarm.go:179]  通知次数(2)超过限制(2), 终端[cefa7658d0a54b23aa77c6dd927436b9]在最近5分钟内内存使用率大于10%的次数为5, 已超过3次 
2019/12/28 15:27:06.320 [I] [alarm.go:142]  通知次数(2)超过限制(2), 终端[cefa7658d0a54b23aa77c6dd927436b9]在最近5分钟内CPU使用率大于10%的次数为5, 已超过3次 
2019/12/28 15:28:06.316 [D] [alarm.go:127]  CPU使用率告警 2019-12-28 15:28:06.3154865 +0800 CST m=+480.123002201 
2019/12/28 15:28:06.316 [D] [alarm.go:88]  离线告警 2019-12-28 15:28:06.3154865 +0800 CST m=+480.123002201 
2019/12/28 15:28:06.316 [D] [alarm.go:165]  内存使用率告警 2019-12-28 15:28:06.3154865 +0800 CST m=+480.123002201 
2019/12/28 15:28:06.323 [I] [alarm.go:101]  通知次数(2)超过限制(2), 终端[e8b8da9eed0d4d12b205dba10e2e7ce8]最后一次发送心跳时间为2019-12-21T18:13:41+08:00, 已超过离线时间5分钟 
2019/12/28 15:28:06.324 [I] [alarm.go:142]  通知次数(2)超过限制(2), 终端[cefa7658d0a54b23aa77c6dd927436b9]在最近5分钟内CPU使用率大于10%的次数为5, 已超过3次 
2019/12/28 15:28:06.327 [I] [alarm.go:179]  通知次数(2)超过限制(2), 终端[cefa7658d0a54b23aa77c6dd927436b9]在最近5分钟内内存使用率大于10%的次数为5, 已超过3次 
2019/12/28 15:29:06.315 [D] [alarm.go:165]  内存使用率告警 2019-12-28 15:29:06.3154847 +0800 CST m=+540.123000401 
2019/12/28 15:29:06.315 [D] [alarm.go:127]  CPU使用率告警 2019-12-28 15:29:06.3154847 +0800 CST m=+540.123000401 
2019/12/28 15:29:06.315 [D] [alarm.go:88]  离线告警 2019-12-28 15:29:06.3154847 +0800 CST m=+540.123000401 
2019/12/28 15:29:06.317 [I] [alarm.go:179]  通知次数(2)超过限制(2), 终端[cefa7658d0a54b23aa77c6dd927436b9]在最近5分钟内内存使用率大于10%的次数为5, 已超过3次 
2019/12/28 15:29:06.317 [I] [alarm.go:142]  通知次数(2)超过限制(2), 终端[cefa7658d0a54b23aa77c6dd927436b9]在最近5分钟内CPU使用率大于10%的次数为5, 已超过3次 
2019/12/28 15:29:06.318 [I] [alarm.go:101]  通知次数(2)超过限制(2), 终端[e8b8da9eed0d4d12b205dba10e2e7ce8]最后一次发送心跳时间为2019-12-21T18:13:41+08:00, 已超过离线时间5分钟 
2019/12/28 15:30:06.314 [D] [alarm.go:165]  内存使用率告警 2019-12-28 15:30:06.3145169 +0800 CST m=+600.122032601 
2019/12/28 15:30:06.314 [D] [alarm.go:88]  离线告警 2019-12-28 15:30:06.3145169 +0800 CST m=+600.122032601 
2019/12/28 15:30:06.314 [D] [alarm.go:127]  CPU使用率告警 2019-12-28 15:30:06.3145169 +0800 CST m=+600.122032601 
2019/12/28 15:30:06.318 [I] [alarm.go:101]  通知次数(2)超过限制(2), 终端[e8b8da9eed0d4d12b205dba10e2e7ce8]最后一次发送心跳时间为2019-12-21T18:13:41+08:00, 已超过离线时间5分钟 
2019/12/28 15:30:06.318 [I] [alarm.go:179]  通知次数(2)超过限制(2), 终端[cefa7658d0a54b23aa77c6dd927436b9]在最近5分钟内内存使用率大于10%的次数为5, 已超过3次 
2019/12/28 15:30:06.327 [I] [alarm.go:142]  通知次数(2)超过限制(2), 终端[cefa7658d0a54b23aa77c6dd927436b9]在最近5分钟内CPU使用率大于10%的次数为5, 已超过3次 
2019/12/28 15:31:06.315 [D] [alarm.go:88]  离线告警 2019-12-28 15:31:06.3154903 +0800 CST m=+660.123006001 
2019/12/28 15:31:06.315 [D] [alarm.go:165]  内存使用率告警 2019-12-28 15:31:06.3154903 +0800 CST m=+660.123006001 
2019/12/28 15:31:06.315 [D] [alarm.go:127]  CPU使用率告警 2019-12-28 15:31:06.3154903 +0800 CST m=+660.123006001 
2019/12/28 15:31:06.318 [I] [alarm.go:101]  通知次数(2)超过限制(2), 终端[e8b8da9eed0d4d12b205dba10e2e7ce8]最后一次发送心跳时间为2019-12-21T18:13:41+08:00, 已超过离线时间5分钟 
2019/12/28 15:31:06.319 [I] [alarm.go:179]  通知次数(2)超过限制(2), 终端[cefa7658d0a54b23aa77c6dd927436b9]在最近5分钟内内存使用率大于10%的次数为5, 已超过3次 
2019/12/28 15:31:06.320 [I] [alarm.go:142]  通知次数(2)超过限制(2), 终端[cefa7658d0a54b23aa77c6dd927436b9]在最近5分钟内CPU使用率大于10%的次数为5, 已超过3次 
2019/12/28 15:38:45.936 [D] [alarm.go:165]  内存使用率告警 2019-12-28 15:38:45.9363765 +0800 CST m=+60.052040201 
2019/12/28 15:38:45.936 [D] [alarm.go:88]  离线告警 2019-12-28 15:38:45.9363765 +0800 CST m=+60.052040201 
2019/12/28 15:38:45.936 [D] [alarm.go:127]  CPU使用率告警 2019-12-28 15:38:45.9363765 +0800 CST m=+60.052040201 
2019/12/28 15:38:49.542 [I] [alarm.go:110]  终端离线告警:  终端[e8b8da9eed0d4d12b205dba10e2e7ce8]最后一次发送心跳时间为2019-12-21T18:13:41+08:00, 已超过离线时间5分钟 , email通知: <nil> , sms通知: <nil> 
2019/12/28 15:38:50.015 [I] [alarm.go:151]  终端CPU告警:  终端[cefa7658d0a54b23aa77c6dd927436b9]在最近5分钟内CPU使用率大于10%的次数为5, 已超过3次 , email通知: <nil> , sms通知: <nil> 
2019/12/28 15:38:50.536 [I] [alarm.go:187]  终端内存告警:  终端[cefa7658d0a54b23aa77c6dd927436b9]在最近5分钟内内存使用率大于10%的次数为5, 已超过3次 , email通知: <nil> , sms通知: <nil> 
2019/12/28 15:39:45.936 [D] [alarm.go:88]  离线告警 2019-12-28 15:39:45.9363393 +0800 CST m=+120.052003001 
2019/12/28 15:39:45.936 [D] [alarm.go:127]  CPU使用率告警 2019-12-28 15:39:45.9363393 +0800 CST m=+120.052003001 
2019/12/28 15:39:45.937 [D] [alarm.go:165]  内存使用率告警 2019-12-28 15:39:45.9373394 +0800 CST m=+120.053003101 
2019/12/28 15:39:47.809 [I] [alarm.go:187]  终端内存告警:  终端[cefa7658d0a54b23aa77c6dd927436b9]在最近5分钟内内存使用率大于10%的次数为5, 已超过3次 , email通知: <nil> , sms通知: <nil> 
2019/12/28 15:39:48.013 [I] [alarm.go:110]  终端离线告警:  终端[e8b8da9eed0d4d12b205dba10e2e7ce8]最后一次发送心跳时间为2019-12-21T18:13:41+08:00, 已超过离线时间5分钟 , email通知: <nil> , sms通知: <nil> 
2019/12/28 15:39:48.375 [I] [alarm.go:151]  终端CPU告警:  终端[cefa7658d0a54b23aa77c6dd927436b9]在最近5分钟内CPU使用率大于10%的次数为5, 已超过3次 , email通知: <nil> , sms通知: <nil> 
2019/12/28 15:40:45.936 [D] [alarm.go:127]  CPU使用率告警 2019-12-28 15:40:45.9364265 +0800 CST m=+180.052090201 
2019/12/28 15:40:45.936 [D] [alarm.go:165]  内存使用率告警 2019-12-28 15:40:45.9364265 +0800 CST m=+180.052090201 
2019/12/28 15:40:45.936 [D] [alarm.go:88]  离线告警 2019-12-28 15:40:45.9364265 +0800 CST m=+180.052090201 
2019/12/28 15:40:45.940 [I] [alarm.go:142]  通知次数(2)超过限制(2), 终端[cefa7658d0a54b23aa77c6dd927436b9]在最近5分钟内CPU使用率大于10%的次数为5, 已超过3次 
2019/12/28 15:40:45.940 [I] [alarm.go:179]  通知次数(2)超过限制(2), 终端[cefa7658d0a54b23aa77c6dd927436b9]在最近5分钟内内存使用率大于10%的次数为5, 已超过3次 
2019/12/28 15:40:45.942 [I] [alarm.go:101]  通知次数(2)超过限制(2), 终端[e8b8da9eed0d4d12b205dba10e2e7ce8]最后一次发送心跳时间为2019-12-21T18:13:41+08:00, 已超过离线时间5分钟 
