users:2019/07/26 23:49:11 users.go:96: 1564156151
users:2019/07/26 23:49:11 users.go:97: 122
users:2019/07/27 00:01:35 users.go:152: 添加用户 haifeng
users:2019/07/27 00:01:52 users.go:190: 删除用户 haifeng
users:2019/07/27 00:32:24 users.go:125: 设置密码成功
users:2019/07/27 00:50:10 users.go:138: 设置密码成功
users:2019/07/27 01:02:11 users.go:142: 设置密码成功
users:2019/07/27 01:02:30 users.go:142: 设置密码成功
users:2019/07/27 01:03:07 users.go:142: 设置密码成功
users:2019/07/27 01:03:38 users.go:142: 设置密码成功
users:2019/07/27 01:31:19 users.go:142: 设置密码成功
users:2019/07/27 01:32:11 users.go:265: 查询用户 all
users:2019/07/27 01:32:11 users.go:265: 查询用户 all
users:2019/07/27 01:32:11 users.go:265: 查询用户 all
users:2019/07/27 01:32:11 users.go:265: 查询用户 all
users:2019/07/27 02:23:05 users.go:265: 查询用户 all
users:2019/07/27 02:23:05 users.go:265: 查询用户 all
users:2019/07/27 02:23:05 users.go:265: 查询用户 all
users:2019/07/27 02:23:05 users.go:265: 查询用户 all
users:2019/07/27 02:23:47 users.go:142: 设置密码成功
users:2019/07/27 02:37:01 users.go:144: 设置密码成功
users:2019/07/27 02:40:06 users.go:149: 设置密码成功
users:2019/07/27 02:53:51 users.go:158: 设置密码成功
users:2019/07/27 02:54:22 users.go:158: 设置密码成功
users:2019/07/27 02:57:59 users.go:158: 设置密码成功
users:2019/07/27 03:11:32 users.go:150: 设置密码成功
users:2019/08/02 23:39:34 users.go:264: 添加用户 
users:2019/08/02 23:42:21 users.go:264: 添加用户 
users:2019/08/02 23:45:59 users.go:265: 添加用户 
users:2019/08/02 23:48:13 users.go:265: 添加用户 
users:2019/08/02 23:50:09 users.go:263: 添加用户 
users:2019/08/02 23:51:50 users.go:264: 添加用户 LI
users:2019/08/02 23:53:07 users.go:264: 添加用户 li
users:2019/08/02 23:53:13 users.go:264: 添加用户 li
users:2019/08/03 00:05:51 users.go:331: 查询用户 li
users:2019/08/03 00:06:49 users.go:261: 添加用户 
users:2019/08/03 00:06:58 users.go:327: 查询用户 all
users:2019/08/03 00:06:58 users.go:327: 查询用户 all
users:2019/08/03 00:09:43 users.go:261: 添加用户 
users:2019/08/03 00:09:52 users.go:327: 查询用户 all
users:2019/08/03 00:10:34 users.go:261: 添加用户 
users:2019/08/03 00:10:37 users.go:327: 查询用户 all
users:2019/08/03 00:10:37 users.go:327: 查询用户 all
users:2019/08/03 00:14:56 users.go:258: 添加用户 
users:2019/08/03 00:15:51 users.go:258: 添加用户 
users:2019/08/03 00:15:54 users.go:325: 查询用户 all
users:2019/08/03 00:15:54 users.go:325: 查询用户 all
users:2019/08/03 00:17:32 users.go:325: 查询用户 all
users:2019/08/03 00:17:32 users.go:325: 查询用户 all
users:2019/08/03 00:17:39 users.go:330: 查询用户 gaoge
users:2019/08/03 00:20:51 users.go:330: 查询用户 gaoge
users:2019/08/03 00:21:44 users.go:330: 查询用户 gaoge
users:2019/08/03 00:22:00 users.go:330: 查询用户 gaoge
users:2019/08/03 00:23:14 users.go:302: 删除用户 liliang
users:2019/08/03 00:23:17 users.go:325: 查询用户 all
users:2019/08/03 00:23:32 users.go:275: 更新用户 li
users:2019/08/03 00:23:36 users.go:325: 查询用户 all
