C:\Users\jevon\AppData\Local\Temp\go-build255378610\b001\exe\main.exe:2019/07/25 21:00:02 users.go:158: passwd序列化到csv文件
C:\Users\jevon\AppData\Local\Temp\go-build255378610\b001\exe\main.exe:2019/07/25 21:00:47 users.go:232: map[2:ID: 2
名字: dan
出生日期: 2000/01/01
联系方式: 12
联系地址: 12
备注: 12 4:ID: 4
名字: qq
出生日期: 2010/01/01
联系方式: 12
联系地址: 12
备注: 12 5:ID: 5
名字: wei
出生日期: 2019/01/01
联系方式: 12
联系地址: 12
备注: 12]数据已写入到users_dir\1564059647user.gob文件
C:\Users\jevon\AppData\Local\Temp\go-build126444398\b001\exe\main.exe:2019/07/25 21:35:17 users.go:143: passwd已从passwd_dir\passwd.gob文件读取
C:\Users\jevon\AppData\Local\Temp\go-build126444398\b001\exe\main.exe:2019/07/25 21:35:24 users.go:529: 用户按照ID排序显示
C:\Users\jevon\AppData\Local\Temp\go-build126444398\b001\exe\main.exe:2019/07/25 21:35:24 users.go:529: 用户按照ID排序显示
C:\Users\jevon\AppData\Local\Temp\go-build126444398\b001\exe\main.exe:2019/07/25 21:35:24 users.go:529: 用户按照ID排序显示
C:\Users\jevon\AppData\Local\Temp\go-build126444398\b001\exe\main.exe:2019/07/25 21:35:24 users.go:94: 打印 dan 的信息
C:\Users\jevon\AppData\Local\Temp\go-build126444398\b001\exe\main.exe:2019/07/25 21:35:24 users.go:94: 打印 qq 的信息
C:\Users\jevon\AppData\Local\Temp\go-build126444398\b001\exe\main.exe:2019/07/25 21:35:24 users.go:94: 打印 wei 的信息
C:\Users\jevon\AppData\Local\Temp\go-build183266922\b001\exe\main.exe:2019/07/25 21:44:11 users.go:143: passwd已从passwd_dir\passwd.gob文件读取
C:\Users\jevon\AppData\Local\Temp\go-build097581762\b001\exe\main.exe:2019/07/25 21:46:14 users.go:143: passwd已从passwd_dir\passwd.gob文件读取
C:\Users\jevon\AppData\Local\Temp\go-build097581762\b001\exe\main.exe:2019/07/25 21:46:21 users.go:94: 打印 dan 的信息
C:\Users\jevon\AppData\Local\Temp\go-build097581762\b001\exe\main.exe:2019/07/25 21:46:21 users.go:94: 打印 qq 的信息
C:\Users\jevon\AppData\Local\Temp\go-build097581762\b001\exe\main.exe:2019/07/25 21:46:21 users.go:94: 打印 wei 的信息
C:\Users\jevon\AppData\Local\Temp\go-build822704894\b001\exe\main.exe:2019/07/25 21:48:47 users.go:143: passwd已从passwd_dir\passwd.gob文件读取
C:\Users\jevon\AppData\Local\Temp\go-build706708026\b001\exe\main.exe:2019/07/25 21:48:57 users.go:143: passwd已从passwd_dir\passwd.gob文件读取
C:\Users\jevon\AppData\Local\Temp\go-build706708026\b001\exe\main.exe:2019/07/25 21:48:57 users.go:308: 密码输入错误，请重新输入
C:\Users\jevon\AppData\Local\Temp\go-build706708026\b001\exe\main.exe:2019/07/25 21:49:01 users.go:143: passwd已从passwd_dir\passwd.gob文件读取
C:\Users\jevon\AppData\Local\Temp\go-build333878230\b001\exe\main.exe:2019/07/25 21:51:42 users.go:143: passwd已从passwd_dir\passwd.gob文件读取
C:\Users\jevon\AppData\Local\Temp\go-build258530178\b001\exe\main.exe:2019/07/25 22:00:55 users.go:143: passwd已从passwd_dir\passwd.gob文件读取
C:\Users\jevon\AppData\Local\Temp\go-build812845210\b001\exe\main.exe:2019/07/25 22:03:04 users.go:143: passwd已从passwd_dir\passwd.gob文件读取
C:\Users\jevon\AppData\Local\Temp\go-build812845210\b001\exe\main.exe:2019/07/25 22:03:15 users.go:405: dan用户信息已添加或修改
C:\Users\jevon\AppData\Local\Temp\go-build812845210\b001\exe\main.exe:2019/07/25 22:03:15 users.go:432: ID为 1 的用户已添加
C:\Users\jevon\AppData\Local\Temp\go-build790214818\b001\exe\main.exe:2019/07/25 22:06:12 users.go:143: passwd已从passwd_dir\passwd.gob文件读取
C:\Users\jevon\AppData\Local\Temp\go-build790214818\b001\exe\main.exe:2019/07/25 22:06:15 users.go:257: 用户文件不存在，创建了用户空文件: &{0xc000083400}
C:\Users\jevon\AppData\Local\Temp\go-build790924610\b001\exe\main.exe:2019/07/25 22:10:27 users.go:143: passwd已从passwd_dir\passwd.gob文件读取
C:\Users\jevon\AppData\Local\Temp\go-build790924610\b001\exe\main.exe:2019/07/25 22:10:39 users.go:257: 用户文件不存在，创建了用户空文件: &{0xc000083400}
C:\Users\jevon\AppData\Local\Temp\go-build858286546\b001\exe\main.exe:2019/07/25 22:14:11 users.go:143: passwd已从passwd_dir\passwd.gob文件读取
C:\Users\jevon\AppData\Local\Temp\go-build602102874\b001\exe\main.exe:2019/07/25 22:18:30 users.go:143: passwd已从passwd_dir\passwd.gob文件读取
C:\Users\jevon\AppData\Local\Temp\go-build913214578\b001\exe\main.exe:2019/07/25 22:19:44 users.go:143: passwd已从passwd_dir\passwd.gob文件读取
C:\Users\jevon\AppData\Local\Temp\go-build591083762\b001\exe\main.exe:2019/07/25 22:38:05 users.go:143: passwd已从passwd_dir\passwd.gob文件读取
C:\Users\jevon\AppData\Local\Temp\go-build822859818\b001\exe\main.exe:2019/07/25 22:38:32 users.go:143: passwd已从passwd_dir\passwd.gob文件读取
C:\Users\jevon\AppData\Local\Temp\go-build967278890\b001\exe\main.exe:2019/07/25 22:38:47 users.go:143: passwd已从passwd_dir\passwd.gob文件读取
C:\Users\jevon\AppData\Local\Temp\go-build485266202\b001\exe\main.exe:2019/07/25 22:38:57 users.go:143: passwd已从passwd_dir\passwd.gob文件读取
C:\Users\jevon\AppData\Local\Temp\go-build485266202\b001\exe\main.exe:2019/07/25 22:39:03 users.go:143: passwd已从passwd_dir\passwd.gob文件读取
C:\Users\jevon\AppData\Local\Temp\go-build485266202\b001\exe\main.exe:2019/07/25 22:39:05 users.go:143: passwd已从passwd_dir\passwd.gob文件读取
C:\Users\jevon\AppData\Local\Temp\go-build489580082\b001\exe\main.exe:2019/07/25 22:41:00 users.go:143: passwd已从passwd_dir\passwd.gob文件读取
C:\Users\jevon\AppData\Local\Temp\go-build581841806\b001\exe\main.exe:2019/07/25 22:43:55 users.go:143: passwd已从passwd_dir\passwd.gob文件读取
C:\Users\jevon\AppData\Local\Temp\go-build581841806\b001\exe\main.exe:2019/07/25 22:44:11 users.go:302: 用户密码输入错误
C:\Users\jevon\AppData\Local\Temp\go-build581841806\b001\exe\main.exe:2019/07/25 22:45:35 users.go:302: 用户密码输入错误
C:\Users\jevon\AppData\Local\Temp\go-build581841806\b001\exe\main.exe:2019/07/25 22:45:36 users.go:302: 用户密码输入错误
C:\Users\jevon\AppData\Local\Temp\go-build250651658\b001\exe\main.exe:2019/07/25 22:45:43 users.go:143: passwd已从passwd_dir\passwd.gob文件读取
C:\Users\jevon\AppData\Local\Temp\go-build639094090\b001\exe\main.exe:2019/07/25 22:45:58 users.go:143: passwd已从passwd_dir\passwd.gob文件读取
C:\Users\jevon\AppData\Local\Temp\go-build639094090\b001\exe\main.exe:2019/07/25 22:46:00 users.go:302: 用户密码输入错误
C:\Users\jevon\AppData\Local\Temp\go-build639094090\b001\exe\main.exe:2019/07/25 22:49:32 users.go:126: passwd已写入passwd_dir\passwd.gob文件
C:\Users\jevon\AppData\Local\Temp\go-build639094090\b001\exe\main.exe:2019/07/25 22:49:32 users.go:165: passwd已序列化到passwd_dir\passwdfile.csv文件
C:\Users\jevon\AppData\Local\Temp\go-build639094090\b001\exe\main.exe:2019/07/25 22:49:32 users.go:298: 用户密码更新成功
C:\Users\jevon\AppData\Local\Temp\go-build272207690\b001\exe\main.exe:2019/07/25 22:50:25 users.go:143: passwd已从passwd_dir\passwd.gob文件读取
C:\Users\jevon\AppData\Local\Temp\go-build272207690\b001\exe\main.exe:2019/07/25 22:50:27 users.go:143: passwd已从passwd_dir\passwd.gob文件读取
C:\Users\jevon\AppData\Local\Temp\go-build272207690\b001\exe\main.exe:2019/07/25 22:50:29 users.go:143: passwd已从passwd_dir\passwd.gob文件读取
C:\Users\jevon\AppData\Local\Temp\go-build691389634\b001\exe\main.exe:2019/07/25 22:50:45 users.go:126: passwd已写入passwd_dir\passwd.gob文件
C:\Users\jevon\AppData\Local\Temp\go-build691389634\b001\exe\main.exe:2019/07/25 22:50:45 users.go:165: passwd已序列化到passwd_dir\passwdfile.csv文件
C:\Users\jevon\AppData\Local\Temp\go-build691389634\b001\exe\main.exe:2019/07/25 22:50:45 users.go:288: 密码设置成功
C:\Users\jevon\AppData\Local\Temp\go-build691389634\b001\exe\main.exe:2019/07/25 22:50:49 users.go:143: passwd已从passwd_dir\passwd.gob文件读取
C:\Users\jevon\AppData\Local\Temp\go-build913554786\b001\exe\main.exe:2019/07/25 22:51:05 users.go:143: passwd已从passwd_dir\passwd.gob文件读取
C:\Users\jevon\AppData\Local\Temp\go-build913554786\b001\exe\main.exe:2019/07/25 22:51:06 users.go:303: 用户密码输入错误
C:\Users\jevon\AppData\Local\Temp\go-build913554786\b001\exe\main.exe:2019/07/25 22:51:58 users.go:126: passwd已写入passwd_dir\passwd.gob文件
C:\Users\jevon\AppData\Local\Temp\go-build913554786\b001\exe\main.exe:2019/07/25 22:51:58 users.go:165: passwd已序列化到passwd_dir\passwdfile.csv文件
C:\Users\jevon\AppData\Local\Temp\go-build913554786\b001\exe\main.exe:2019/07/25 22:51:58 users.go:299: 用户密码更新成功
C:\Users\jevon\AppData\Local\Temp\go-build250913538\b001\exe\main.exe:2019/07/25 22:52:04 users.go:143: passwd已从passwd_dir\passwd.gob文件读取
C:\Users\jevon\AppData\Local\Temp\go-build759232274\b001\exe\main.exe:2019/07/25 22:52:52 users.go:143: passwd已从passwd_dir\passwd.gob文件读取
C:\Users\jevon\AppData\Local\Temp\go-build759232274\b001\exe\main.exe:2019/07/25 22:52:54 users.go:304: 用户密码输入错误
C:\Users\jevon\AppData\Local\Temp\go-build759232274\b001\exe\main.exe:2019/07/25 22:53:00 users.go:126: passwd已写入passwd_dir\passwd.gob文件
C:\Users\jevon\AppData\Local\Temp\go-build759232274\b001\exe\main.exe:2019/07/25 22:53:00 users.go:165: passwd已序列化到passwd_dir\passwdfile.csv文件
C:\Users\jevon\AppData\Local\Temp\go-build759232274\b001\exe\main.exe:2019/07/25 22:53:00 users.go:300: 用户密码更新成功
C:\Users\jevon\AppData\Local\Temp\go-build780780502\b001\exe\main.exe:2019/07/25 22:54:40 users.go:142: passwd已从passwd_dir\passwd.gob文件读取
C:\Users\jevon\AppData\Local\Temp\go-build780780502\b001\exe\main.exe:2019/07/25 22:54:41 users.go:303: 用户密码输入错误
C:\Users\jevon\AppData\Local\Temp\go-build780780502\b001\exe\main.exe:2019/07/25 22:54:43 users.go:303: 用户密码输入错误
C:\Users\jevon\AppData\Local\Temp\go-build780780502\b001\exe\main.exe:2019/07/25 22:54:45 users.go:303: 用户密码输入错误
C:\Users\jevon\AppData\Local\Temp\go-build790837482\b001\exe\main.exe:2019/07/25 22:59:01 users.go:142: passwd已从passwd_dir\passwd.gob文件读取
C:\Users\jevon\AppData\Local\Temp\go-build790837482\b001\exe\main.exe:2019/07/25 22:59:07 users.go:303: 用户密码输入错误
C:\Users\jevon\AppData\Local\Temp\go-build790837482\b001\exe\main.exe:2019/07/25 22:59:14 users.go:303: 用户密码输入错误
C:\Users\jevon\AppData\Local\Temp\go-build790837482\b001\exe\main.exe:2019/07/25 22:59:15 users.go:303: 用户密码输入错误
C:\Users\jevon\AppData\Local\Temp\go-build166874514\b001\exe\main.exe:2019/07/25 23:01:59 users.go:142: passwd已从passwd_dir\passwd.gob文件读取
C:\Users\jevon\AppData\Local\Temp\go-build166874514\b001\exe\main.exe:2019/07/25 23:02:02 users.go:303: 用户密码输入错误
C:\Users\jevon\AppData\Local\Temp\go-build166874514\b001\exe\main.exe:2019/07/25 23:02:07 users.go:303: 用户密码输入错误
C:\Users\jevon\AppData\Local\Temp\go-build166874514\b001\exe\main.exe:2019/07/25 23:02:08 users.go:303: 用户密码输入错误
C:\Users\jevon\AppData\Local\Temp\go-build785207210\b001\exe\main.exe:2019/07/25 23:03:09 users.go:142: passwd已从passwd_dir\passwd.gob文件读取
C:\Users\jevon\AppData\Local\Temp\go-build785207210\b001\exe\main.exe:2019/07/25 23:03:11 users.go:304: 用户密码输入错误
C:\Users\jevon\AppData\Local\Temp\go-build785207210\b001\exe\main.exe:2019/07/25 23:03:15 users.go:304: 用户密码输入错误
C:\Users\jevon\AppData\Local\Temp\go-build785207210\b001\exe\main.exe:2019/07/25 23:03:15 users.go:304: 用户密码输入错误
C:\Users\jevon\AppData\Local\Temp\go-build807850234\b001\exe\main.exe:2019/07/25 23:03:59 users.go:142: passwd已从passwd_dir\passwd.gob文件读取
C:\Users\jevon\AppData\Local\Temp\go-build807850234\b001\exe\main.exe:2019/07/25 23:04:01 users.go:304: 用户密码输入错误
C:\Users\jevon\AppData\Local\Temp\go-build807850234\b001\exe\main.exe:2019/07/25 23:04:05 users.go:304: 用户密码输入错误
C:\Users\jevon\AppData\Local\Temp\go-build807850234\b001\exe\main.exe:2019/07/25 23:04:05 users.go:304: 用户密码输入错误
C:\Users\jevon\AppData\Local\Temp\go-build226358250\b001\exe\main.exe:2019/07/25 23:08:32 users.go:142: passwd已从passwd_dir\passwd.gob文件读取
C:\Users\jevon\AppData\Local\Temp\go-build013338218\b001\exe\main.exe:2019/07/25 23:09:13 users.go:142: passwd已从passwd_dir\passwd.gob文件读取
C:\Users\jevon\AppData\Local\Temp\go-build367219138\b001\exe\main.exe:2019/07/25 23:09:52 users.go:142: passwd已从passwd_dir\passwd.gob文件读取
C:\Users\jevon\AppData\Local\Temp\go-build153697802\b001\exe\main.exe:2019/07/25 23:10:03 users.go:142: passwd已从passwd_dir\passwd.gob文件读取
C:\Users\jevon\AppData\Local\Temp\go-build919149230\b001\exe\main.exe:2019/07/25 23:10:31 users.go:142: passwd已从passwd_dir\passwd.gob文件读取
C:\Users\jevon\AppData\Local\Temp\go-build206252146\b001\exe\main.exe:2019/07/25 23:11:02 users.go:142: passwd已从passwd_dir\passwd.gob文件读取
C:\Users\jevon\AppData\Local\Temp\go-build280237902\b001\exe\main.exe:2019/07/25 23:11:20 users.go:142: passwd已从passwd_dir\passwd.gob文件读取
C:\Users\jevon\AppData\Local\Temp\go-build535931702\b001\exe\main.exe:2019/07/25 23:16:34 users.go:142: passwd已从passwd_dir\passwd.gob文件读取
C:\Users\jevon\AppData\Local\Temp\go-build535931702\b001\exe\main.exe:2019/07/25 23:16:35 users.go:142: passwd已从passwd_dir\passwd.gob文件读取
C:\Users\jevon\AppData\Local\Temp\go-build535931702\b001\exe\main.exe:2019/07/25 23:16:35 users.go:142: passwd已从passwd_dir\passwd.gob文件读取
C:\Users\jevon\AppData\Local\Temp\go-build945400874\b001\exe\main.exe:2019/07/25 23:17:49 users.go:142: passwd已从passwd_dir\passwd.gob文件读取
C:\Users\jevon\AppData\Local\Temp\go-build945400874\b001\exe\main.exe:2019/07/25 23:17:50 users.go:142: passwd已从passwd_dir\passwd.gob文件读取
C:\Users\jevon\AppData\Local\Temp\go-build945400874\b001\exe\main.exe:2019/07/25 23:17:50 users.go:142: passwd已从passwd_dir\passwd.gob文件读取
C:\Users\jevon\AppData\Local\Temp\go-build623019182\b001\exe\main.exe:2019/07/25 23:17:58 users.go:142: passwd已从passwd_dir\passwd.gob文件读取
C:\Users\jevon\AppData\Local\Temp\go-build623019182\b001\exe\main.exe:2019/07/25 23:17:59 users.go:142: passwd已从passwd_dir\passwd.gob文件读取
C:\Users\jevon\AppData\Local\Temp\go-build623019182\b001\exe\main.exe:2019/07/25 23:17:59 users.go:142: passwd已从passwd_dir\passwd.gob文件读取
C:\Users\jevon\AppData\Local\Temp\go-build728083862\b001\exe\main.exe:2019/07/25 23:19:30 users.go:142: passwd已从passwd_dir\passwd.gob文件读取
C:\Users\jevon\AppData\Local\Temp\go-build399969098\b001\exe\main.exe:2019/07/25 23:19:46 users.go:125: passwd已写入passwd_dir\passwd.gob文件
C:\Users\jevon\AppData\Local\Temp\go-build399969098\b001\exe\main.exe:2019/07/25 23:19:46 users.go:164: passwd已序列化到passwd_dir\passwdfile.csv文件
C:\Users\jevon\AppData\Local\Temp\go-build399969098\b001\exe\main.exe:2019/07/25 23:19:46 users.go:287: 密码设置成功
C:\Users\jevon\AppData\Local\Temp\go-build399969098\b001\exe\main.exe:2019/07/25 23:19:49 users.go:142: passwd已从passwd_dir\passwd.gob文件读取
C:\Users\jevon\AppData\Local\Temp\go-build208251042\b001\exe\main.exe:2019/07/25 23:22:09 users.go:142: passwd已从passwd_dir\passwd.gob文件读取
C:\Users\jevon\AppData\Local\Temp\go-build195207778\b001\exe\main.exe:2019/07/25 23:23:15 users.go:142: passwd已从passwd_dir\passwd.gob文件读取
C:\Users\jevon\AppData\Local\Temp\go-build973064682\b001\exe\main.exe:2019/07/25 23:24:11 users.go:142: passwd已从passwd_dir\passwd.gob文件读取
C:\Users\jevon\AppData\Local\Temp\go-build973064682\b001\exe\main.exe:2019/07/25 23:24:17 users.go:304: 用户密码输入错误
C:\Users\jevon\AppData\Local\Temp\go-build973064682\b001\exe\main.exe:2019/07/25 23:24:23 users.go:304: 用户密码输入错误
C:\Users\jevon\AppData\Local\Temp\go-build973064682\b001\exe\main.exe:2019/07/25 23:24:24 users.go:304: 用户密码输入错误
C:\Users\jevon\AppData\Local\Temp\go-build217863710\b001\exe\main.exe:2019/07/25 23:25:55 users.go:142: passwd已从passwd_dir\passwd.gob文件读取
C:\Users\jevon\AppData\Local\Temp\go-build217863710\b001\exe\main.exe:2019/07/25 23:26:06 users.go:304: 用户密码输入错误
C:\Users\jevon\AppData\Local\Temp\go-build217863710\b001\exe\main.exe:2019/07/25 23:26:21 users.go:304: 用户密码输入错误
C:\Users\jevon\AppData\Local\Temp\go-build217863710\b001\exe\main.exe:2019/07/25 23:26:22 users.go:304: 用户密码输入错误
C:\Users\jevon\AppData\Local\Temp\go-build173001386\b001\exe\main.exe:2019/07/25 23:28:21 users.go:142: passwd已从passwd_dir\passwd.gob文件读取
C:\Users\jevon\AppData\Local\Temp\go-build173001386\b001\exe\main.exe:2019/07/25 23:28:22 users.go:307: 用户密码输入错误
C:\Users\jevon\AppData\Local\Temp\go-build173001386\b001\exe\main.exe:2019/07/25 23:28:27 users.go:307: 用户密码输入错误
C:\Users\jevon\AppData\Local\Temp\go-build173001386\b001\exe\main.exe:2019/07/25 23:28:28 users.go:307: 用户密码输入错误
C:\Users\jevon\AppData\Local\Temp\go-build442968310\b001\exe\main.exe:2019/07/25 23:32:08 users.go:142: passwd已从passwd_dir\passwd.gob文件读取
C:\Users\jevon\AppData\Local\Temp\go-build442968310\b001\exe\main.exe:2019/07/25 23:32:17 users.go:308: 用户密码输入错误
C:\Users\jevon\AppData\Local\Temp\go-build442968310\b001\exe\main.exe:2019/07/25 23:32:18 users.go:308: 用户密码输入错误
C:\Users\jevon\AppData\Local\Temp\go-build442968310\b001\exe\main.exe:2019/07/25 23:32:20 users.go:308: 用户密码输入错误
C:\Users\jevon\AppData\Local\Temp\go-build474567046\b001\exe\main.exe:2019/07/25 23:32:39 users.go:142: passwd已从passwd_dir\passwd.gob文件读取
C:\Users\jevon\AppData\Local\Temp\go-build474567046\b001\exe\main.exe:2019/07/25 23:32:41 users.go:142: passwd已从passwd_dir\passwd.gob文件读取
C:\Users\jevon\AppData\Local\Temp\go-build474567046\b001\exe\main.exe:2019/07/25 23:32:49 users.go:125: passwd已写入passwd_dir\passwd.gob文件
C:\Users\jevon\AppData\Local\Temp\go-build474567046\b001\exe\main.exe:2019/07/25 23:32:49 users.go:164: passwd已序列化到passwd_dir\passwdfile.csv文件
C:\Users\jevon\AppData\Local\Temp\go-build474567046\b001\exe\main.exe:2019/07/25 23:32:49 users.go:304: 用户密码更新成功
C:\Users\jevon\AppData\Local\Temp\go-build589511542\b001\exe\main.exe:2019/07/25 23:34:17 users.go:142: passwd已从passwd_dir\passwd.gob文件读取
C:\Users\jevon\AppData\Local\Temp\go-build589511542\b001\exe\main.exe:2019/07/25 23:34:24 users.go:308: 用户密码输入错误
C:\Users\jevon\AppData\Local\Temp\go-build589511542\b001\exe\main.exe:2019/07/25 23:34:25 users.go:308: 用户密码输入错误
C:\Users\jevon\AppData\Local\Temp\go-build589511542\b001\exe\main.exe:2019/07/25 23:34:27 users.go:308: 用户密码输入错误
C:\Users\jevon\AppData\Local\Temp\go-build353328826\b001\exe\main.exe:2019/07/25 23:35:28 users.go:142: passwd已从passwd_dir\passwd.gob文件读取
C:\Users\jevon\AppData\Local\Temp\go-build353328826\b001\exe\main.exe:2019/07/25 23:35:31 users.go:308: 用户密码输入错误
C:\Users\jevon\AppData\Local\Temp\go-build513372098\b001\exe\main.exe:2019/07/25 23:42:04 users.go:142: passwd已从passwd_dir\passwd.gob文件读取
C:\Users\jevon\AppData\Local\Temp\go-build513372098\b001\exe\main.exe:2019/07/25 23:42:07 users.go:142: passwd已从passwd_dir\passwd.gob文件读取
C:\Users\jevon\AppData\Local\Temp\go-build513372098\b001\exe\main.exe:2019/07/25 23:42:13 users.go:308: 用户密码输入错误
C:\Users\jevon\AppData\Local\Temp\go-build513372098\b001\exe\main.exe:2019/07/25 23:42:14 users.go:308: 用户密码输入错误
C:\Users\jevon\AppData\Local\Temp\go-build513372098\b001\exe\main.exe:2019/07/25 23:42:15 users.go:308: 用户密码输入错误
C:\Users\jevon\AppData\Local\Temp\go-build338071482\b001\exe\main.exe:2019/07/25 23:43:15 users.go:142: passwd已从passwd_dir\passwd.gob文件读取
C:\Users\jevon\AppData\Local\Temp\go-build338071482\b001\exe\main.exe:2019/07/25 23:43:18 users.go:308: 用户密码输入错误
C:\Users\jevon\AppData\Local\Temp\go-build338071482\b001\exe\main.exe:2019/07/25 23:43:20 users.go:308: 用户密码输入错误
C:\Users\jevon\AppData\Local\Temp\go-build338071482\b001\exe\main.exe:2019/07/25 23:43:21 users.go:308: 用户密码输入错误
C:\Users\jevon\AppData\Local\Temp\go-build850822170\b001\exe\main.exe:2019/07/25 23:43:30 users.go:142: passwd已从passwd_dir\passwd.gob文件读取
C:\Users\jevon\AppData\Local\Temp\go-build850822170\b001\exe\main.exe:2019/07/25 23:43:38 users.go:125: passwd已写入passwd_dir\passwd.gob文件
C:\Users\jevon\AppData\Local\Temp\go-build850822170\b001\exe\main.exe:2019/07/25 23:43:38 users.go:164: passwd已序列化到passwd_dir\passwdfile.csv文件
C:\Users\jevon\AppData\Local\Temp\go-build850822170\b001\exe\main.exe:2019/07/25 23:43:38 users.go:304: 用户密码更新成功
C:\Users\jevon\AppData\Local\Temp\go-build850822170\b001\exe\main.exe:2019/07/25 23:44:51 users.go:308: 用户密码输入错误
C:\Users\jevon\AppData\Local\Temp\go-build850822170\b001\exe\main.exe:2019/07/25 23:44:52 users.go:308: 用户密码输入错误
C:\Users\jevon\AppData\Local\Temp\go-build935377790\b001\exe\main.exe:2019/07/25 23:44:59 users.go:142: passwd已从passwd_dir\passwd.gob文件读取
C:\Users\jevon\AppData\Local\Temp\go-build935377790\b001\exe\main.exe:2019/07/25 23:45:03 users.go:308: 用户密码输入错误
C:\Users\jevon\AppData\Local\Temp\go-build935377790\b001\exe\main.exe:2019/07/25 23:45:04 users.go:308: 用户密码输入错误
C:\Users\jevon\AppData\Local\Temp\go-build935377790\b001\exe\main.exe:2019/07/25 23:45:09 users.go:125: passwd已写入passwd_dir\passwd.gob文件
C:\Users\jevon\AppData\Local\Temp\go-build935377790\b001\exe\main.exe:2019/07/25 23:45:09 users.go:164: passwd已序列化到passwd_dir\passwdfile.csv文件
C:\Users\jevon\AppData\Local\Temp\go-build935377790\b001\exe\main.exe:2019/07/25 23:45:09 users.go:304: 用户密码更新成功
C:\Users\jevon\AppData\Local\Temp\go-build518138818\b001\exe\main.exe:2019/07/25 23:45:14 users.go:142: passwd已从passwd_dir\passwd.gob文件读取
C:\Users\jevon\AppData\Local\Temp\go-build518138818\b001\exe\main.exe:2019/07/25 23:45:15 users.go:142: passwd已从passwd_dir\passwd.gob文件读取
C:\Users\jevon\AppData\Local\Temp\go-build518138818\b001\exe\main.exe:2019/07/25 23:45:15 users.go:142: passwd已从passwd_dir\passwd.gob文件读取
C:\Users\jevon\AppData\Local\Temp\go-build052272090\b001\exe\main.exe:2019/07/25 23:51:16 users.go:150: passwd已从passwd_dir\passwd.gob文件读取
C:\Users\jevon\AppData\Local\Temp\go-build052272090\b001\exe\main.exe:2019/07/25 23:51:18 users.go:150: passwd已从passwd_dir\passwd.gob文件读取
C:\Users\jevon\AppData\Local\Temp\go-build052272090\b001\exe\main.exe:2019/07/25 23:51:28 users.go:133: passwd已写入passwd_dir\passwd.gob文件
C:\Users\jevon\AppData\Local\Temp\go-build052272090\b001\exe\main.exe:2019/07/25 23:51:28 users.go:172: passwd已序列化到passwd_dir\passwdfile.csv文件
C:\Users\jevon\AppData\Local\Temp\go-build052272090\b001\exe\main.exe:2019/07/25 23:51:28 users.go:312: 用户密码更新成功
C:\Users\jevon\AppData\Local\Temp\go-build523452298\b001\exe\main.exe:2019/07/25 23:51:34 users.go:150: passwd已从passwd_dir\passwd.gob文件读取
C:\Users\jevon\AppData\Local\Temp\go-build628568586\b001\exe\main.exe:2019/07/25 23:54:09 users.go:157: passwd已从passwd_dir\passwd.gob文件读取
C:\Users\jevon\AppData\Local\Temp\go-build628568586\b001\exe\main.exe:2019/07/25 23:54:12 users.go:157: passwd已从passwd_dir\passwd.gob文件读取
C:\Users\jevon\AppData\Local\Temp\go-build628568586\b001\exe\main.exe:2019/07/25 23:54:16 users.go:271: 用户文件不存在，创建了用户空文件: &{0xc000081680}
C:\Users\jevon\AppData\Local\Temp\go-build628568586\b001\exe\main.exe:2019/07/25 23:54:29 users.go:487: wei用户信息已添加或修改
C:\Users\jevon\AppData\Local\Temp\go-build628568586\b001\exe\main.exe:2019/07/25 23:54:29 users.go:514: ID为 1 的用户已添加
C:\Users\jevon\AppData\Local\Temp\go-build628568586\b001\exe\main.exe:2019/07/25 23:54:33 users.go:94: 打印 wei 的信息
