2019/12/27 10:39:18.323 [D] [alarm.go:107]  内存使用率告警 2019-12-27 10:39:18.3182325 +0800 CST m=+60.194009501 
2019/12/27 10:39:18.323 [D] [alarm.go:86]  CPU使用率告警 2019-12-27 10:39:18.3162379 +0800 CST m=+60.192014901 
2019/12/27 10:39:18.323 [D] [alarm.go:66]  离线告警 2019-12-27 10:39:18.3182325 +0800 CST m=+60.194009501 
2019/12/27 10:39:18.357 [D] [alarm.go:121]  终端cefa7658d0a54b23aa77c6dd927436b9在5分钟内已经有5次内存使用率超过30% 
2019/12/27 10:40:18.312 [D] [alarm.go:86]  CPU使用率告警 2019-12-27 10:40:18.3127738 +0800 CST m=+120.188550801 
2019/12/27 10:40:18.312 [D] [alarm.go:66]  离线告警 2019-12-27 10:40:18.3127738 +0800 CST m=+120.188550801 
2019/12/27 10:40:18.312 [D] [alarm.go:107]  内存使用率告警 2019-12-27 10:40:18.3127738 +0800 CST m=+120.188550801 
2019/12/27 10:40:18.326 [D] [alarm.go:121]  终端cefa7658d0a54b23aa77c6dd927436b9在5分钟内已经有5次内存使用率超过30% 
2019/12/27 10:41:18.314 [D] [alarm.go:86]  CPU使用率告警 2019-12-27 10:41:18.3142974 +0800 CST m=+180.190074401 
2019/12/27 10:41:18.314 [D] [alarm.go:66]  离线告警 2019-12-27 10:41:18.3142974 +0800 CST m=+180.190074401 
2019/12/27 10:41:18.314 [D] [alarm.go:107]  内存使用率告警 2019-12-27 10:41:18.3142974 +0800 CST m=+180.190074401 
2019/12/27 10:41:18.321 [D] [alarm.go:121]  终端cefa7658d0a54b23aa77c6dd927436b9在5分钟内已经有5次内存使用率超过30% 
2019/12/27 10:42:18.324 [D] [alarm.go:66]  离线告警 2019-12-27 10:42:18.3228037 +0800 CST m=+240.198580701 
2019/12/27 10:42:18.324 [D] [alarm.go:86]  CPU使用率告警 2019-12-27 10:42:18.3228037 +0800 CST m=+240.198580701 
2019/12/27 10:42:18.324 [D] [alarm.go:107]  内存使用率告警 2019-12-27 10:42:18.3228037 +0800 CST m=+240.198580701 
2019/12/27 10:42:18.348 [D] [alarm.go:121]  终端cefa7658d0a54b23aa77c6dd927436b9在5分钟内已经有5次内存使用率超过30% 
2019/12/27 10:43:18.319 [D] [alarm.go:66]  离线告警 2019-12-27 10:43:18.3163495 +0800 CST m=+300.192126501 
2019/12/27 10:43:18.319 [D] [alarm.go:86]  CPU使用率告警 2019-12-27 10:43:18.3163495 +0800 CST m=+300.192126501 
2019/12/27 10:43:18.319 [D] [alarm.go:107]  内存使用率告警 2019-12-27 10:43:18.3163495 +0800 CST m=+300.192126501 
2019/12/27 10:43:18.340 [D] [alarm.go:121]  终端cefa7658d0a54b23aa77c6dd927436b9在5分钟内已经有5次内存使用率超过30% 
2019/12/27 10:44:18.348 [D] [alarm.go:86]  CPU使用率告警 2019-12-27 10:44:18.3388181 +0800 CST m=+360.214595101 
2019/12/27 10:44:18.348 [D] [alarm.go:107]  内存使用率告警 2019-12-27 10:44:18.3388181 +0800 CST m=+360.214595101 
2019/12/27 10:44:18.348 [D] [alarm.go:66]  离线告警 2019-12-27 10:44:18.3388181 +0800 CST m=+360.214595101 
2019/12/27 10:44:18.537 [D] [alarm.go:118]  告警数量(5)超过阈值(5),终端cefa7658d0a54b23aa77c6dd927436b9在5分钟内已经有5次内存使用率超过30% 
2019/12/27 10:45:18.320 [D] [alarm.go:86]  CPU使用率告警 2019-12-27 10:45:18.3164053 +0800 CST m=+420.192182301 
2019/12/27 10:45:18.320 [D] [alarm.go:107]  内存使用率告警 2019-12-27 10:45:18.3164053 +0800 CST m=+420.192182301 
2019/12/27 10:45:18.320 [D] [alarm.go:66]  离线告警 2019-12-27 10:45:18.3164053 +0800 CST m=+420.192182301 
2019/12/27 10:45:18.440 [D] [alarm.go:118]  告警数量(5)超过阈值(5),终端cefa7658d0a54b23aa77c6dd927436b9在5分钟内已经有5次内存使用率超过30% 
2019/12/27 10:46:18.317 [D] [alarm.go:86]  CPU使用率告警 2019-12-27 10:46:18.3149375 +0800 CST m=+480.190714501 
2019/12/27 10:46:18.317 [D] [alarm.go:107]  内存使用率告警 2019-12-27 10:46:18.3149375 +0800 CST m=+480.190714501 
2019/12/27 10:46:18.317 [D] [alarm.go:66]  离线告警 2019-12-27 10:46:18.3179291 +0800 CST m=+480.193706101 
2019/12/27 10:46:18.351 [D] [alarm.go:118]  告警数量(5)超过阈值(5),终端cefa7658d0a54b23aa77c6dd927436b9在5分钟内已经有5次内存使用率超过30% 
2019/12/27 10:47:18.376 [D] [alarm.go:107]  内存使用率告警 2019-12-27 10:47:18.336406 +0800 CST m=+540.212183001 
2019/12/27 10:47:18.375 [D] [alarm.go:86]  CPU使用率告警 2019-12-27 10:47:18.3354085 +0800 CST m=+540.211185501 
2019/12/27 10:47:18.377 [D] [alarm.go:66]  离线告警 2019-12-27 10:47:18.3374034 +0800 CST m=+540.213180401 
2019/12/27 10:47:18.496 [D] [alarm.go:118]  告警数量(5)超过阈值(5),终端cefa7658d0a54b23aa77c6dd927436b9在5分钟内已经有5次内存使用率超过30% 
2019/12/27 10:48:18.329 [D] [alarm.go:107]  内存使用率告警 2019-12-27 10:48:18.3249649 +0800 CST m=+600.200741901 
2019/12/27 10:48:18.329 [D] [alarm.go:86]  CPU使用率告警 2019-12-27 10:48:18.3249649 +0800 CST m=+600.200741901 
2019/12/27 10:48:18.329 [D] [alarm.go:66]  离线告警 2019-12-27 10:48:18.3249649 +0800 CST m=+600.200741901 
2019/12/27 10:48:18.495 [D] [alarm.go:118]  告警数量(5)超过阈值(5),终端cefa7658d0a54b23aa77c6dd927436b9在5分钟内已经有5次内存使用率超过30% 
2019/12/27 10:50:04.486 [D] [alarm.go:127]  内存使用率告警 2019-12-27 10:50:04.4860333 +0800 CST m=+60.165086801 
2019/12/27 10:50:04.486 [D] [alarm.go:68]  离线告警 2019-12-27 10:50:04.4860333 +0800 CST m=+60.165086801 
2019/12/27 10:50:04.486 [D] [alarm.go:98]  CPU使用率告警 2019-12-27 10:50:04.4860333 +0800 CST m=+60.165086801 
2019/12/27 10:50:04.499 [D] [alarm.go:138]  告警数量(5)超过阈值(5),终端cefa7658d0a54b23aa77c6dd927436b9在5分钟内已经有5次内存使用率超过30% 
2019/12/27 10:50:04.514 [D] [alarm.go:109]  告警数量(5)超过阈值(5),终端cefa7658d0a54b23aa77c6dd927436b9在5分钟内已经有5次CPU使用率超过30% 
2019/12/27 10:51:04.487 [D] [alarm.go:127]  内存使用率告警 2019-12-27 10:51:04.4864037 +0800 CST m=+120.165457201 
2019/12/27 10:51:04.487 [D] [alarm.go:68]  离线告警 2019-12-27 10:51:04.4864037 +0800 CST m=+120.165457201 
2019/12/27 10:51:04.487 [D] [alarm.go:98]  CPU使用率告警 2019-12-27 10:51:04.4864037 +0800 CST m=+120.165457201 
2019/12/27 10:51:04.501 [D] [alarm.go:138]  告警数量(5)超过阈值(5),终端cefa7658d0a54b23aa77c6dd927436b9在5分钟内已经有5次内存使用率超过30% 
2019/12/27 10:51:04.514 [D] [alarm.go:109]  告警数量(5)超过阈值(5),终端cefa7658d0a54b23aa77c6dd927436b9在5分钟内已经有5次CPU使用率超过30% 
2019/12/27 10:52:04.485 [D] [alarm.go:68]  离线告警 2019-12-27 10:52:04.4859334 +0800 CST m=+180.164986901 
2019/12/27 10:52:04.485 [D] [alarm.go:127]  内存使用率告警 2019-12-27 10:52:04.4859334 +0800 CST m=+180.164986901 
2019/12/27 10:52:04.485 [D] [alarm.go:98]  CPU使用率告警 2019-12-27 10:52:04.4859334 +0800 CST m=+180.164986901 
2019/12/27 10:52:04.496 [D] [alarm.go:138]  告警数量(5)超过阈值(5),终端cefa7658d0a54b23aa77c6dd927436b9在5分钟内已经有5次内存使用率超过30% 
2019/12/27 10:52:04.498 [D] [alarm.go:109]  告警数量(5)超过阈值(5),终端cefa7658d0a54b23aa77c6dd927436b9在5分钟内已经有5次CPU使用率超过30% 
2019/12/27 10:53:04.486 [D] [alarm.go:98]  CPU使用率告警 2019-12-27 10:53:04.4864594 +0800 CST m=+240.165512901 
2019/12/27 10:53:04.486 [D] [alarm.go:68]  离线告警 2019-12-27 10:53:04.4864594 +0800 CST m=+240.165512901 
2019/12/27 10:53:04.486 [D] [alarm.go:127]  内存使用率告警 2019-12-27 10:53:04.4864594 +0800 CST m=+240.165512901 
2019/12/27 10:53:04.494 [D] [alarm.go:109]  告警数量(5)超过阈值(5),终端cefa7658d0a54b23aa77c6dd927436b9在5分钟内已经有5次CPU使用率超过30% 
2019/12/27 10:53:04.565 [D] [alarm.go:138]  告警数量(5)超过阈值(5),终端cefa7658d0a54b23aa77c6dd927436b9在5分钟内已经有5次内存使用率超过30% 
2019/12/27 10:54:04.501 [D] [alarm.go:68]  离线告警 2019-12-27 10:54:04.4899959 +0800 CST m=+300.169049401 
2019/12/27 10:54:04.501 [D] [alarm.go:127]  内存使用率告警 2019-12-27 10:54:04.4899959 +0800 CST m=+300.169049401 
2019/12/27 10:54:04.501 [D] [alarm.go:98]  CPU使用率告警 2019-12-27 10:54:04.4899959 +0800 CST m=+300.169049401 
2019/12/27 10:54:04.905 [D] [alarm.go:138]  告警数量(5)超过阈值(5),终端cefa7658d0a54b23aa77c6dd927436b9在5分钟内已经有4次内存使用率超过30% 
2019/12/27 10:54:04.964 [D] [alarm.go:109]  告警数量(5)超过阈值(5),终端cefa7658d0a54b23aa77c6dd927436b9在5分钟内已经有4次CPU使用率超过30% 
2019/12/27 10:55:04.485 [D] [alarm.go:127]  内存使用率告警 2019-12-27 10:55:04.4855348 +0800 CST m=+360.164588301 
2019/12/27 10:55:04.485 [D] [alarm.go:98]  CPU使用率告警 2019-12-27 10:55:04.4855348 +0800 CST m=+360.164588301 
2019/12/27 10:55:04.485 [D] [alarm.go:68]  离线告警 2019-12-27 10:55:04.4855348 +0800 CST m=+360.164588301 
2019/12/27 10:55:04.493 [D] [alarm.go:138]  告警数量(5)超过阈值(5),终端cefa7658d0a54b23aa77c6dd927436b9在5分钟内已经有5次内存使用率超过30% 
2019/12/27 10:55:04.496 [D] [alarm.go:109]  告警数量(5)超过阈值(5),终端cefa7658d0a54b23aa77c6dd927436b9在5分钟内已经有4次CPU使用率超过30% 
2019/12/27 10:56:04.487 [D] [alarm.go:127]  内存使用率告警 2019-12-27 10:56:04.487171 +0800 CST m=+420.166224501 
2019/12/27 10:56:04.487 [D] [alarm.go:68]  离线告警 2019-12-27 10:56:04.487171 +0800 CST m=+420.166224501 
2019/12/27 10:56:04.487 [D] [alarm.go:98]  CPU使用率告警 2019-12-27 10:56:04.487171 +0800 CST m=+420.166224501 
2019/12/27 10:56:04.497 [D] [alarm.go:138]  告警数量(5)超过阈值(5),终端cefa7658d0a54b23aa77c6dd927436b9在5分钟内已经有5次内存使用率超过30% 
2019/12/27 10:56:04.500 [D] [alarm.go:109]  告警数量(5)超过阈值(5),终端cefa7658d0a54b23aa77c6dd927436b9在5分钟内已经有4次CPU使用率超过30% 
2019/12/27 16:51:15.746 [D] [alarm.go:68]  离线告警 2019-12-27 16:51:15.7468974 +0800 CST m=+60.152401801 
2019/12/27 16:51:15.746 [D] [alarm.go:127]  内存使用率告警 2019-12-27 16:51:15.7468974 +0800 CST m=+60.152401801 
2019/12/27 16:51:15.747 [D] [alarm.go:98]  CPU使用率告警 2019-12-27 16:51:15.7478946 +0800 CST m=+60.153399001 
2019/12/27 16:51:15.796 [D] [alarm.go:81]  终端cefa7658d0a54b23aa77c6dd927436b9已离线超过5分钟 
2019/12/27 16:52:15.747 [D] [alarm.go:127]  内存使用率告警 2019-12-27 16:52:15.7475722 +0800 CST m=+120.152148801 
2019/12/27 16:52:15.751 [D] [alarm.go:98]  CPU使用率告警 2019-12-27 16:52:15.7515555 +0800 CST m=+120.156132001 
2019/12/27 16:52:15.751 [D] [alarm.go:68]  离线告警 2019-12-27 16:52:15.7515555 +0800 CST m=+120.156132001 
2019/12/27 16:52:15.755 [D] [alarm.go:78]  告警数量(1)超过阈值(1), 终端cefa7658d0a54b23aa77c6dd927436b9已离线超过5分钟 
2019/12/27 16:53:15.751 [D] [alarm.go:127]  内存使用率告警 2019-12-27 16:53:15.750487 +0800 CST m=+180.154196801 
2019/12/27 16:53:15.751 [D] [alarm.go:68]  离线告警 2019-12-27 16:53:15.750487 +0800 CST m=+180.154196801 
2019/12/27 16:53:15.751 [D] [alarm.go:98]  CPU使用率告警 2019-12-27 16:53:15.750487 +0800 CST m=+180.154196801 
2019/12/27 16:53:15.812 [D] [alarm.go:78]  告警数量(1)超过阈值(1), 终端cefa7658d0a54b23aa77c6dd927436b9已离线超过5分钟 
2019/12/27 16:54:15.749 [D] [alarm.go:98]  CPU使用率告警 2019-12-27 16:54:15.7490021 +0800 CST m=+240.151893301 
2019/12/27 16:54:15.749 [D] [alarm.go:68]  离线告警 2019-12-27 16:54:15.7490021 +0800 CST m=+240.151893301 
2019/12/27 16:54:15.749 [D] [alarm.go:127]  内存使用率告警 2019-12-27 16:54:15.7490021 +0800 CST m=+240.151893301 
2019/12/27 16:54:15.749 [D] [alarm.go:78]  告警数量(1)超过阈值(1), 终端cefa7658d0a54b23aa77c6dd927436b9已离线超过5分钟 
2019/12/27 16:55:15.752 [D] [alarm.go:127]  内存使用率告警 2019-12-27 16:55:15.7521711 +0800 CST m=+300.154281801 
2019/12/27 16:55:15.752 [D] [alarm.go:98]  CPU使用率告警 2019-12-27 16:55:15.7521711 +0800 CST m=+300.154281801 
2019/12/27 16:55:15.752 [D] [alarm.go:68]  离线告警 2019-12-27 16:55:15.7521711 +0800 CST m=+300.154281801 
2019/12/27 16:55:15.756 [D] [alarm.go:78]  告警数量(1)超过阈值(1), 终端cefa7658d0a54b23aa77c6dd927436b9已离线超过5分钟 
2019/12/27 16:56:15.753 [D] [alarm.go:127]  内存使用率告警 2019-12-27 16:56:15.7534376 +0800 CST m=+360.153424401 
2019/12/27 16:56:15.753 [D] [alarm.go:98]  CPU使用率告警 2019-12-27 16:56:15.7534376 +0800 CST m=+360.153424401 
2019/12/27 16:56:15.753 [D] [alarm.go:68]  离线告警 2019-12-27 16:56:15.7534376 +0800 CST m=+360.153424401 
2019/12/27 16:56:15.785 [D] [alarm.go:78]  告警数量(1)超过阈值(1), 终端cefa7658d0a54b23aa77c6dd927436b9已离线超过5分钟 
2019/12/27 16:57:15.757 [D] [alarm.go:68]  离线告警 2019-12-27 16:57:15.75772 +0800 CST m=+420.152216201 
2019/12/27 16:57:15.757 [D] [alarm.go:98]  CPU使用率告警 2019-12-27 16:57:15.75772 +0800 CST m=+420.152216201 
2019/12/27 16:57:15.757 [D] [alarm.go:127]  内存使用率告警 2019-12-27 16:57:15.75772 +0800 CST m=+420.152216201 
2019/12/27 16:57:15.758 [D] [alarm.go:78]  告警数量(1)超过阈值(1), 终端cefa7658d0a54b23aa77c6dd927436b9已离线超过5分钟 
2019/12/27 16:58:15.764 [D] [alarm.go:127]  内存使用率告警 2019-12-27 16:58:15.7636223 +0800 CST m=+480.153638801 
2019/12/27 16:58:15.764 [D] [alarm.go:68]  离线告警 2019-12-27 16:58:15.7636223 +0800 CST m=+480.153638801 
2019/12/27 16:58:15.764 [D] [alarm.go:98]  CPU使用率告警 2019-12-27 16:58:15.7636223 +0800 CST m=+480.153638801 
2019/12/27 16:58:15.768 [D] [alarm.go:78]  告警数量(1)超过阈值(1), 终端cefa7658d0a54b23aa77c6dd927436b9已离线超过5分钟 
2019/12/27 16:59:15.765 [D] [alarm.go:98]  CPU使用率告警 2019-12-27 16:59:15.7659359 +0800 CST m=+540.152272601 
2019/12/27 16:59:15.766 [D] [alarm.go:68]  离线告警 2019-12-27 16:59:15.7659359 +0800 CST m=+540.152272601 
2019/12/27 16:59:15.766 [D] [alarm.go:127]  内存使用率告警 2019-12-27 16:59:15.7659359 +0800 CST m=+540.152272601 
2019/12/27 16:59:15.771 [D] [alarm.go:78]  告警数量(1)超过阈值(1), 终端cefa7658d0a54b23aa77c6dd927436b9已离线超过5分钟 
2019/12/27 17:00:15.781 [D] [alarm.go:68]  离线告警 2019-12-27 17:00:15.7792555 +0800 CST m=+600.162544001 
2019/12/27 17:00:15.781 [D] [alarm.go:78]  告警数量(1)超过阈值(1), 终端cefa7658d0a54b23aa77c6dd927436b9已离线超过5分钟 
2019/12/27 17:00:15.781 [D] [alarm.go:98]  CPU使用率告警 2019-12-27 17:00:15.7792555 +0800 CST m=+600.162544001 
2019/12/27 17:00:15.781 [D] [alarm.go:127]  内存使用率告警 2019-12-27 17:00:15.7792555 +0800 CST m=+600.162544001 
2019/12/27 17:01:15.771 [D] [alarm.go:127]  内存使用率告警 2019-12-27 17:01:15.7713733 +0800 CST m=+660.152114401 
2019/12/27 17:01:15.771 [D] [alarm.go:68]  离线告警 2019-12-27 17:01:15.7713733 +0800 CST m=+660.152114401 
2019/12/27 17:01:15.772 [D] [alarm.go:98]  CPU使用率告警 2019-12-27 17:01:15.7713733 +0800 CST m=+660.152114401 
2019/12/27 17:01:15.776 [D] [alarm.go:78]  告警数量(1)超过阈值(1), 终端cefa7658d0a54b23aa77c6dd927436b9已离线超过5分钟 
2019/12/27 17:02:15.787 [D] [alarm.go:98]  CPU使用率告警 2019-12-27 17:02:15.783189 +0800 CST m=+720.161777101 
2019/12/27 17:02:15.789 [D] [alarm.go:68]  离线告警 2019-12-27 17:02:15.783189 +0800 CST m=+720.161777101 
2019/12/27 17:02:15.790 [D] [alarm.go:127]  内存使用率告警 2019-12-27 17:02:15.783189 +0800 CST m=+720.161777101 
2019/12/27 17:02:15.796 [D] [alarm.go:78]  告警数量(1)超过阈值(1), 终端cefa7658d0a54b23aa77c6dd927436b9已离线超过5分钟 
2019/12/27 17:03:15.774 [D] [alarm.go:98]  CPU使用率告警 2019-12-27 17:03:15.7748724 +0800 CST m=+780.151620901 
2019/12/27 17:03:15.776 [D] [alarm.go:68]  离线告警 2019-12-27 17:03:15.7748724 +0800 CST m=+780.151620901 
2019/12/27 17:03:15.776 [D] [alarm.go:127]  内存使用率告警 2019-12-27 17:03:15.7748724 +0800 CST m=+780.151620901 
2019/12/27 17:03:15.784 [D] [alarm.go:78]  告警数量(1)超过阈值(1), 终端cefa7658d0a54b23aa77c6dd927436b9已离线超过5分钟 
2019/12/27 17:04:15.777 [D] [alarm.go:68]  离线告警 2019-12-27 17:04:15.7769468 +0800 CST m=+840.152102601 
2019/12/27 17:04:15.790 [D] [alarm.go:78]  告警数量(1)超过阈值(1), 终端cefa7658d0a54b23aa77c6dd927436b9已离线超过5分钟 
2019/12/27 17:04:15.790 [D] [alarm.go:98]  CPU使用率告警 2019-12-27 17:04:15.7899116 +0800 CST m=+840.165067101 
2019/12/27 17:04:15.791 [D] [alarm.go:127]  内存使用率告警 2019-12-27 17:04:15.7899116 +0800 CST m=+840.165067101 
2019/12/27 17:05:15.779 [D] [alarm.go:98]  CPU使用率告警 2019-12-27 17:05:15.7795218 +0800 CST m=+900.153280301 
2019/12/27 17:05:15.780 [D] [alarm.go:127]  内存使用率告警 2019-12-27 17:05:15.7795218 +0800 CST m=+900.153280301 
2019/12/27 17:05:15.780 [D] [alarm.go:68]  离线告警 2019-12-27 17:05:15.7795218 +0800 CST m=+900.153280301 
2019/12/27 17:05:15.786 [D] [alarm.go:78]  告警数量(1)超过阈值(1), 终端cefa7658d0a54b23aa77c6dd927436b9已离线超过5分钟 
2019/12/27 17:06:15.781 [D] [alarm.go:68]  离线告警 2019-12-27 17:06:15.7803433 +0800 CST m=+960.152859001 
2019/12/27 17:06:15.781 [D] [alarm.go:98]  CPU使用率告警 2019-12-27 17:06:15.7803433 +0800 CST m=+960.152859001 
2019/12/27 17:06:15.781 [D] [alarm.go:127]  内存使用率告警 2019-12-27 17:06:15.7803433 +0800 CST m=+960.152859001 
2019/12/27 17:06:15.783 [D] [alarm.go:78]  告警数量(1)超过阈值(1), 终端cefa7658d0a54b23aa77c6dd927436b9已离线超过5分钟 
2019/12/27 17:07:15.781 [D] [alarm.go:127]  内存使用率告警 2019-12-27 17:07:15.7819455 +0800 CST m=+1020.153340701 
2019/12/27 17:07:15.781 [D] [alarm.go:68]  离线告警 2019-12-27 17:07:15.7819455 +0800 CST m=+1020.153340701 
2019/12/27 17:07:15.781 [D] [alarm.go:98]  CPU使用率告警 2019-12-27 17:07:15.7819455 +0800 CST m=+1020.153340701 
2019/12/27 17:07:15.782 [D] [alarm.go:78]  告警数量(1)超过阈值(1), 终端cefa7658d0a54b23aa77c6dd927436b9已离线超过5分钟 
2019/12/27 17:08:15.791 [D] [alarm.go:98]  CPU使用率告警 2019-12-27 17:08:15.788913 +0800 CST m=+1080.159285301 
2019/12/27 17:08:15.792 [D] [alarm.go:68]  离线告警 2019-12-27 17:08:15.788913 +0800 CST m=+1080.159285301 
2019/12/27 17:08:15.792 [D] [alarm.go:127]  内存使用率告警 2019-12-27 17:08:15.788913 +0800 CST m=+1080.159285301 
2019/12/27 17:08:15.797 [D] [alarm.go:78]  告警数量(1)超过阈值(1), 终端cefa7658d0a54b23aa77c6dd927436b9已离线超过5分钟 
2019/12/27 17:09:15.784 [D] [alarm.go:98]  CPU使用率告警 2019-12-27 17:09:15.7841206 +0800 CST m=+1140.153547901 
2019/12/27 17:09:15.784 [D] [alarm.go:127]  内存使用率告警 2019-12-27 17:09:15.7841206 +0800 CST m=+1140.153547901 
2019/12/27 17:09:15.784 [D] [alarm.go:68]  离线告警 2019-12-27 17:09:15.7841206 +0800 CST m=+1140.153547901 
2019/12/27 17:09:15.796 [D] [alarm.go:78]  告警数量(1)超过阈值(1), 终端cefa7658d0a54b23aa77c6dd927436b9已离线超过5分钟 
2019/12/27 17:10:15.783 [D] [alarm.go:68]  离线告警 2019-12-27 17:10:15.7837661 +0800 CST m=+1200.152308401 
2019/12/27 17:10:15.785 [D] [alarm.go:127]  内存使用率告警 2019-12-27 17:10:15.7837661 +0800 CST m=+1200.152308401 
2019/12/27 17:10:15.785 [D] [alarm.go:98]  CPU使用率告警 2019-12-27 17:10:15.7837661 +0800 CST m=+1200.152308401 
2019/12/27 17:10:15.789 [D] [alarm.go:78]  告警数量(1)超过阈值(1), 终端cefa7658d0a54b23aa77c6dd927436b9已离线超过5分钟 
2019/12/27 17:11:15.784 [D] [alarm.go:98]  CPU使用率告警 2019-12-27 17:11:15.7842792 +0800 CST m=+1260.151983801 
2019/12/27 17:11:15.784 [D] [alarm.go:127]  内存使用率告警 2019-12-27 17:11:15.7842792 +0800 CST m=+1260.151983801 
2019/12/27 17:11:15.784 [D] [alarm.go:68]  离线告警 2019-12-27 17:11:15.7842792 +0800 CST m=+1260.151983801 
2019/12/27 17:11:15.789 [D] [alarm.go:78]  告警数量(1)超过阈值(1), 终端cefa7658d0a54b23aa77c6dd927436b9已离线超过5分钟 
2019/12/27 17:12:15.785 [D] [alarm.go:98]  CPU使用率告警 2019-12-27 17:12:15.7854045 +0800 CST m=+1320.152308901 
2019/12/27 17:12:15.786 [D] [alarm.go:68]  离线告警 2019-12-27 17:12:15.7862316 +0800 CST m=+1320.153136001 
2019/12/27 17:12:15.787 [D] [alarm.go:78]  告警数量(1)超过阈值(1), 终端cefa7658d0a54b23aa77c6dd927436b9已离线超过5分钟 
2019/12/27 17:12:15.787 [D] [alarm.go:127]  内存使用率告警 2019-12-27 17:12:15.7862316 +0800 CST m=+1320.153136001 
2019/12/27 17:13:15.792 [D] [alarm.go:127]  内存使用率告警 2019-12-27 17:13:15.7885399 +0800 CST m=+1380.154673801 
2019/12/27 17:13:15.795 [D] [alarm.go:68]  离线告警 2019-12-27 17:13:15.7885399 +0800 CST m=+1380.154673801 
2019/12/27 17:13:15.795 [D] [alarm.go:98]  CPU使用率告警 2019-12-27 17:13:15.7875434 +0800 CST m=+1380.153677301 
2019/12/27 17:13:15.797 [D] [alarm.go:78]  告警数量(1)超过阈值(1), 终端cefa7658d0a54b23aa77c6dd927436b9已离线超过5分钟 
2019/12/27 17:14:15.788 [D] [alarm.go:127]  内存使用率告警 2019-12-27 17:14:15.7878642 +0800 CST m=+1440.153251101 
2019/12/27 17:14:15.789 [D] [alarm.go:68]  离线告警 2019-12-27 17:14:15.7878642 +0800 CST m=+1440.153251101 
2019/12/27 17:14:15.790 [D] [alarm.go:78]  告警数量(1)超过阈值(1), 终端cefa7658d0a54b23aa77c6dd927436b9已离线超过5分钟 
2019/12/27 17:14:15.790 [D] [alarm.go:98]  CPU使用率告警 2019-12-27 17:14:15.7878642 +0800 CST m=+1440.153251101 
2019/12/27 17:15:15.841 [D] [alarm.go:98]  CPU使用率告警 2019-12-27 17:15:15.8131555 +0800 CST m=+1500.177813701 
2019/12/27 17:15:15.842 [D] [alarm.go:127]  内存使用率告警 2019-12-27 17:15:15.8131555 +0800 CST m=+1500.177813701 
2019/12/27 17:15:15.842 [D] [alarm.go:68]  离线告警 2019-12-27 17:15:15.8131555 +0800 CST m=+1500.177813701 
2019/12/27 17:15:16.132 [D] [alarm.go:78]  告警数量(1)超过阈值(1), 终端cefa7658d0a54b23aa77c6dd927436b9已离线超过5分钟 
2019/12/27 17:16:15.789 [D] [alarm.go:127]  内存使用率告警 2019-12-27 17:16:15.7893056 +0800 CST m=+1560.153250201 
2019/12/27 17:16:15.789 [D] [alarm.go:68]  离线告警 2019-12-27 17:16:15.7893056 +0800 CST m=+1560.153250201 
2019/12/27 17:16:15.789 [D] [alarm.go:98]  CPU使用率告警 2019-12-27 17:16:15.7893056 +0800 CST m=+1560.153250201 
2019/12/27 17:16:15.790 [D] [alarm.go:78]  告警数量(1)超过阈值(1), 终端cefa7658d0a54b23aa77c6dd927436b9已离线超过5分钟 
2019/12/27 17:17:15.790 [D] [alarm.go:127]  内存使用率告警 2019-12-27 17:17:15.7900283 +0800 CST m=+1620.153270501 
2019/12/27 17:17:15.790 [D] [alarm.go:68]  离线告警 2019-12-27 17:17:15.7900283 +0800 CST m=+1620.153270501 
2019/12/27 17:17:15.790 [D] [alarm.go:98]  CPU使用率告警 2019-12-27 17:17:15.7900283 +0800 CST m=+1620.153270501 
2019/12/27 17:17:15.969 [D] [alarm.go:78]  告警数量(1)超过阈值(1), 终端cefa7658d0a54b23aa77c6dd927436b9已离线超过5分钟 
2019/12/27 17:18:15.789 [D] [alarm.go:127]  内存使用率告警 2019-12-27 17:18:15.7893143 +0800 CST m=+1680.151863501 
2019/12/27 17:18:15.789 [D] [alarm.go:68]  离线告警 2019-12-27 17:18:15.7893143 +0800 CST m=+1680.151863501 
2019/12/27 17:18:15.790 [D] [alarm.go:98]  CPU使用率告警 2019-12-27 17:18:15.7893143 +0800 CST m=+1680.151863501 
2019/12/27 17:18:15.791 [D] [alarm.go:78]  告警数量(1)超过阈值(1), 终端cefa7658d0a54b23aa77c6dd927436b9已离线超过5分钟 
2019/12/27 17:19:15.791 [D] [alarm.go:68]  离线告警 2019-12-27 17:19:15.7915395 +0800 CST m=+1740.153402801 
2019/12/27 17:19:15.791 [D] [alarm.go:127]  内存使用率告警 2019-12-27 17:19:15.7915395 +0800 CST m=+1740.153402801 
2019/12/27 17:19:15.792 [D] [alarm.go:78]  告警数量(1)超过阈值(1), 终端cefa7658d0a54b23aa77c6dd927436b9已离线超过5分钟 
2019/12/27 17:19:15.791 [D] [alarm.go:98]  CPU使用率告警 2019-12-27 17:19:15.7915395 +0800 CST m=+1740.153402801 
2019/12/27 17:20:15.790 [D] [alarm.go:127]  内存使用率告警 2019-12-27 17:20:15.7907654 +0800 CST m=+1800.151948801 
2019/12/27 17:20:15.791 [D] [alarm.go:98]  CPU使用率告警 2019-12-27 17:20:15.7907654 +0800 CST m=+1800.151948801 
2019/12/27 17:20:15.791 [D] [alarm.go:68]  离线告警 2019-12-27 17:20:15.7907654 +0800 CST m=+1800.151948801 
2019/12/27 17:20:15.792 [D] [alarm.go:78]  告警数量(1)超过阈值(1), 终端cefa7658d0a54b23aa77c6dd927436b9已离线超过5分钟 
2019/12/27 17:21:15.791 [D] [alarm.go:68]  离线告警 2019-12-27 17:21:15.7911225 +0800 CST m=+1860.151630201 
2019/12/27 17:21:15.791 [D] [alarm.go:127]  内存使用率告警 2019-12-27 17:21:15.7911225 +0800 CST m=+1860.151630201 
2019/12/27 17:21:15.792 [D] [alarm.go:98]  CPU使用率告警 2019-12-27 17:21:15.7911225 +0800 CST m=+1860.151630201 
2019/12/27 17:21:15.794 [D] [alarm.go:78]  告警数量(1)超过阈值(1), 终端cefa7658d0a54b23aa77c6dd927436b9已离线超过5分钟 
2019/12/27 17:22:15.805 [D] [alarm.go:98]  CPU使用率告警 2019-12-27 17:22:15.7918345 +0800 CST m=+1920.151670201 
2019/12/27 17:22:15.805 [D] [alarm.go:68]  离线告警 2019-12-27 17:22:15.7918345 +0800 CST m=+1920.151670201 
2019/12/27 17:22:15.806 [D] [alarm.go:78]  告警数量(1)超过阈值(1), 终端cefa7658d0a54b23aa77c6dd927436b9已离线超过5分钟 
2019/12/27 17:22:15.806 [D] [alarm.go:127]  内存使用率告警 2019-12-27 17:22:15.7918345 +0800 CST m=+1920.151670201 
2019/12/27 17:23:15.793 [D] [alarm.go:98]  CPU使用率告警 2019-12-27 17:23:15.7932181 +0800 CST m=+1980.152384601 
2019/12/27 17:23:15.793 [D] [alarm.go:68]  离线告警 2019-12-27 17:23:15.7932181 +0800 CST m=+1980.152384601 
2019/12/27 17:23:15.793 [D] [alarm.go:127]  内存使用率告警 2019-12-27 17:23:15.7932181 +0800 CST m=+1980.152384601 
2019/12/27 17:23:15.797 [D] [alarm.go:78]  告警数量(1)超过阈值(1), 终端cefa7658d0a54b23aa77c6dd927436b9已离线超过5分钟 
2019/12/27 17:24:15.793 [D] [alarm.go:98]  CPU使用率告警 2019-12-27 17:24:15.7932637 +0800 CST m=+2040.151764201 
2019/12/27 17:24:15.793 [D] [alarm.go:127]  内存使用率告警 2019-12-27 17:24:15.7932637 +0800 CST m=+2040.151764201 
2019/12/27 17:24:15.793 [D] [alarm.go:68]  离线告警 2019-12-27 17:24:15.7932637 +0800 CST m=+2040.151764201 
2019/12/27 17:24:15.810 [D] [alarm.go:78]  告警数量(1)超过阈值(1), 终端cefa7658d0a54b23aa77c6dd927436b9已离线超过5分钟 
2019/12/27 17:25:15.794 [D] [alarm.go:68]  离线告警 2019-12-27 17:25:15.794023 +0800 CST m=+2100.151840601 
2019/12/27 17:25:15.794 [D] [alarm.go:98]  CPU使用率告警 2019-12-27 17:25:15.794023 +0800 CST m=+2100.151840601 
2019/12/27 17:25:15.794 [D] [alarm.go:127]  内存使用率告警 2019-12-27 17:25:15.794023 +0800 CST m=+2100.151840601 
2019/12/27 17:25:15.805 [D] [alarm.go:78]  告警数量(1)超过阈值(1), 终端cefa7658d0a54b23aa77c6dd927436b9已离线超过5分钟 
2019/12/27 17:26:15.818 [D] [alarm.go:127]  内存使用率告警 2019-12-27 17:26:15.8162095 +0800 CST m=+2160.173360901 
2019/12/27 17:26:15.818 [D] [alarm.go:68]  离线告警 2019-12-27 17:26:15.8172257 +0800 CST m=+2160.174377001 
2019/12/27 17:26:15.832 [D] [alarm.go:78]  告警数量(1)超过阈值(1), 终端cefa7658d0a54b23aa77c6dd927436b9已离线超过5分钟 
2019/12/27 17:26:15.818 [D] [alarm.go:98]  CPU使用率告警 2019-12-27 17:26:15.8162095 +0800 CST m=+2160.173360901 
2019/12/27 17:27:15.826 [D] [alarm.go:127]  内存使用率告警 2019-12-27 17:27:15.8214369 +0800 CST m=+2220.177922201 
2019/12/27 17:27:15.826 [D] [alarm.go:98]  CPU使用率告警 2019-12-27 17:27:15.8214369 +0800 CST m=+2220.177922201 
2019/12/27 17:27:15.826 [D] [alarm.go:68]  离线告警 2019-12-27 17:27:15.8214369 +0800 CST m=+2220.177922201 
2019/12/27 17:27:15.872 [D] [alarm.go:78]  告警数量(1)超过阈值(1), 终端cefa7658d0a54b23aa77c6dd927436b9已离线超过5分钟 
2019/12/27 17:28:15.797 [D] [alarm.go:127]  内存使用率告警 2019-12-27 17:28:15.7976211 +0800 CST m=+2280.153440701 
2019/12/27 17:28:15.797 [D] [alarm.go:68]  离线告警 2019-12-27 17:28:15.7976211 +0800 CST m=+2280.153440701 
2019/12/27 17:28:15.797 [D] [alarm.go:98]  CPU使用率告警 2019-12-27 17:28:15.7976211 +0800 CST m=+2280.153440701 
2019/12/27 17:28:15.799 [D] [alarm.go:78]  告警数量(1)超过阈值(1), 终端cefa7658d0a54b23aa77c6dd927436b9已离线超过5分钟 
2019/12/27 17:29:15.796 [D] [alarm.go:98]  CPU使用率告警 2019-12-27 17:29:15.7968298 +0800 CST m=+2340.151983401 
2019/12/27 17:29:15.796 [D] [alarm.go:68]  离线告警 2019-12-27 17:29:15.7968298 +0800 CST m=+2340.151983401 
2019/12/27 17:29:15.796 [D] [alarm.go:127]  内存使用率告警 2019-12-27 17:29:15.7968298 +0800 CST m=+2340.151983401 
2019/12/27 17:29:15.797 [D] [alarm.go:78]  告警数量(1)超过阈值(1), 终端cefa7658d0a54b23aa77c6dd927436b9已离线超过5分钟 
2019/12/27 17:30:15.798 [D] [alarm.go:98]  CPU使用率告警 2019-12-27 17:30:15.7980466 +0800 CST m=+2400.152534201 
2019/12/27 17:30:15.798 [D] [alarm.go:68]  离线告警 2019-12-27 17:30:15.7980466 +0800 CST m=+2400.152534201 
2019/12/27 17:30:15.798 [D] [alarm.go:127]  内存使用率告警 2019-12-27 17:30:15.7980466 +0800 CST m=+2400.152534201 
2019/12/27 17:30:15.804 [D] [alarm.go:78]  告警数量(1)超过阈值(1), 终端cefa7658d0a54b23aa77c6dd927436b9已离线超过5分钟 
2019/12/27 17:31:15.798 [D] [alarm.go:68]  离线告警 2019-12-27 17:31:15.7982491 +0800 CST m=+2460.152070701 
2019/12/27 17:31:15.800 [D] [alarm.go:78]  告警数量(1)超过阈值(1), 终端cefa7658d0a54b23aa77c6dd927436b9已离线超过5分钟 
2019/12/27 17:31:15.800 [D] [alarm.go:127]  内存使用率告警 2019-12-27 17:31:15.7982491 +0800 CST m=+2460.152070701 
2019/12/27 17:31:15.801 [D] [alarm.go:98]  CPU使用率告警 2019-12-27 17:31:15.7982491 +0800 CST m=+2460.152070701 
2019/12/27 17:32:15.800 [D] [alarm.go:98]  CPU使用率告警 2019-12-27 17:32:15.8000577 +0800 CST m=+2520.153213201 
2019/12/27 17:32:15.800 [D] [alarm.go:68]  离线告警 2019-12-27 17:32:15.8000577 +0800 CST m=+2520.153213201 
2019/12/27 17:32:15.802 [D] [alarm.go:78]  告警数量(1)超过阈值(1), 终端cefa7658d0a54b23aa77c6dd927436b9已离线超过5分钟 
2019/12/27 17:32:15.802 [D] [alarm.go:127]  内存使用率告警 2019-12-27 17:32:15.8000577 +0800 CST m=+2520.153213201 
2019/12/27 17:33:15.799 [D] [alarm.go:98]  CPU使用率告警 2019-12-27 17:33:15.799524 +0800 CST m=+2580.152013501 
2019/12/27 17:33:15.799 [D] [alarm.go:68]  离线告警 2019-12-27 17:33:15.799524 +0800 CST m=+2580.152013501 
2019/12/27 17:33:15.799 [D] [alarm.go:127]  内存使用率告警 2019-12-27 17:33:15.799524 +0800 CST m=+2580.152013501 
2019/12/27 17:33:15.805 [D] [alarm.go:78]  告警数量(1)超过阈值(1), 终端cefa7658d0a54b23aa77c6dd927436b9已离线超过5分钟 
2019/12/27 17:34:15.800 [D] [alarm.go:68]  离线告警 2019-12-27 17:34:15.8002661 +0800 CST m=+2640.152089601 
2019/12/27 17:34:15.800 [D] [alarm.go:127]  内存使用率告警 2019-12-27 17:34:15.8002661 +0800 CST m=+2640.152089601 
2019/12/27 17:34:15.800 [D] [alarm.go:98]  CPU使用率告警 2019-12-27 17:34:15.8002661 +0800 CST m=+2640.152089601 
2019/12/27 17:34:15.817 [D] [alarm.go:78]  告警数量(1)超过阈值(1), 终端cefa7658d0a54b23aa77c6dd927436b9已离线超过5分钟 
2019/12/27 17:35:15.802 [D] [alarm.go:98]  CPU使用率告警 2019-12-27 17:35:15.8024194 +0800 CST m=+2700.153576901 
2019/12/27 17:35:15.802 [D] [alarm.go:127]  内存使用率告警 2019-12-27 17:35:15.8024194 +0800 CST m=+2700.153576901 
2019/12/27 17:35:15.802 [D] [alarm.go:68]  离线告警 2019-12-27 17:35:15.8024194 +0800 CST m=+2700.153576901 
2019/12/27 17:35:15.804 [D] [alarm.go:78]  告警数量(1)超过阈值(1), 终端cefa7658d0a54b23aa77c6dd927436b9已离线超过5分钟 
2019/12/27 17:36:15.801 [D] [alarm.go:127]  内存使用率告警 2019-12-27 17:36:15.8016724 +0800 CST m=+2760.152163901 
2019/12/27 17:36:15.801 [D] [alarm.go:68]  离线告警 2019-12-27 17:36:15.8016724 +0800 CST m=+2760.152163901 
2019/12/27 17:36:15.801 [D] [alarm.go:98]  CPU使用率告警 2019-12-27 17:36:15.8016724 +0800 CST m=+2760.152163901 
2019/12/27 17:36:15.808 [D] [alarm.go:78]  告警数量(1)超过阈值(1), 终端cefa7658d0a54b23aa77c6dd927436b9已离线超过5分钟 
2019/12/27 17:37:15.802 [D] [alarm.go:127]  内存使用率告警 2019-12-27 17:37:15.8024642 +0800 CST m=+2820.152289701 
2019/12/27 17:37:15.802 [D] [alarm.go:98]  CPU使用率告警 2019-12-27 17:37:15.8024642 +0800 CST m=+2820.152289701 
2019/12/27 17:37:15.802 [D] [alarm.go:68]  离线告警 2019-12-27 17:37:15.8024642 +0800 CST m=+2820.152289701 
2019/12/27 17:37:15.818 [D] [alarm.go:78]  告警数量(1)超过阈值(1), 终端cefa7658d0a54b23aa77c6dd927436b9已离线超过5分钟 
2019/12/27 17:38:15.802 [D] [alarm.go:98]  CPU使用率告警 2019-12-27 17:38:15.8027058 +0800 CST m=+2880.151865301 
2019/12/27 17:38:15.802 [D] [alarm.go:127]  内存使用率告警 2019-12-27 17:38:15.8027058 +0800 CST m=+2880.151865301 
2019/12/27 17:38:15.802 [D] [alarm.go:68]  离线告警 2019-12-27 17:38:15.8027058 +0800 CST m=+2880.151865301 
2019/12/27 17:38:15.831 [D] [alarm.go:78]  告警数量(1)超过阈值(1), 终端cefa7658d0a54b23aa77c6dd927436b9已离线超过5分钟 
2019/12/27 17:39:15.803 [D] [alarm.go:98]  CPU使用率告警 2019-12-27 17:39:15.8039473 +0800 CST m=+2940.152440801 
2019/12/27 17:39:15.805 [D] [alarm.go:68]  离线告警 2019-12-27 17:39:15.8039473 +0800 CST m=+2940.152440801 
2019/12/27 17:39:15.803 [D] [alarm.go:127]  内存使用率告警 2019-12-27 17:39:15.8039473 +0800 CST m=+2940.152440801 
2019/12/27 17:39:15.842 [D] [alarm.go:78]  告警数量(1)超过阈值(1), 终端cefa7658d0a54b23aa77c6dd927436b9已离线超过5分钟 
2019/12/27 17:40:15.804 [D] [alarm.go:68]  离线告警 2019-12-27 17:40:15.8047842 +0800 CST m=+3000.152611701 
2019/12/27 17:40:15.805 [D] [alarm.go:98]  CPU使用率告警 2019-12-27 17:40:15.8047842 +0800 CST m=+3000.152611701 
2019/12/27 17:40:15.805 [D] [alarm.go:127]  内存使用率告警 2019-12-27 17:40:15.8047842 +0800 CST m=+3000.152611701 
2019/12/27 17:40:15.818 [D] [alarm.go:78]  告警数量(1)超过阈值(1), 终端cefa7658d0a54b23aa77c6dd927436b9已离线超过5分钟 
2019/12/27 17:41:15.804 [D] [alarm.go:98]  CPU使用率告警 2019-12-27 17:41:15.8045953 +0800 CST m=+3060.151756801 
2019/12/27 17:41:15.807 [D] [alarm.go:68]  离线告警 2019-12-27 17:41:15.8069634 +0800 CST m=+3060.154124901 
2019/12/27 17:41:15.807 [D] [alarm.go:127]  内存使用率告警 2019-12-27 17:41:15.8069634 +0800 CST m=+3060.154124901 
2019/12/27 17:41:15.816 [D] [alarm.go:78]  告警数量(1)超过阈值(1), 终端cefa7658d0a54b23aa77c6dd927436b9已离线超过5分钟 
2019/12/27 17:42:15.805 [D] [alarm.go:68]  离线告警 2019-12-27 17:42:15.805194 +0800 CST m=+3120.151686701 
2019/12/27 17:42:15.805 [D] [alarm.go:127]  内存使用率告警 2019-12-27 17:42:15.8054583 +0800 CST m=+3120.151951001 
2019/12/27 17:42:15.806 [D] [alarm.go:98]  CPU使用率告警 2019-12-27 17:42:15.8061827 +0800 CST m=+3120.152675401 
2019/12/27 17:42:15.812 [D] [alarm.go:78]  告警数量(1)超过阈值(1), 终端cefa7658d0a54b23aa77c6dd927436b9已离线超过5分钟 
2019/12/27 17:43:15.806 [D] [alarm.go:98]  CPU使用率告警 2019-12-27 17:43:15.8064096 +0800 CST m=+3180.152236301 
2019/12/27 17:43:15.806 [D] [alarm.go:127]  内存使用率告警 2019-12-27 17:43:15.8064096 +0800 CST m=+3180.152236301 
2019/12/27 17:43:15.806 [D] [alarm.go:68]  离线告警 2019-12-27 17:43:15.8064096 +0800 CST m=+3180.152236301 
2019/12/27 17:43:15.824 [D] [alarm.go:78]  告警数量(1)超过阈值(1), 终端cefa7658d0a54b23aa77c6dd927436b9已离线超过5分钟 
2019/12/27 17:44:15.808 [D] [alarm.go:127]  内存使用率告警 2019-12-27 17:44:15.8067926 +0800 CST m=+3240.151953301 
2019/12/27 17:44:15.809 [D] [alarm.go:98]  CPU使用率告警 2019-12-27 17:44:15.8067926 +0800 CST m=+3240.151953301 
2019/12/27 17:44:15.809 [D] [alarm.go:68]  离线告警 2019-12-27 17:44:15.8067926 +0800 CST m=+3240.151953301 
2019/12/27 17:44:15.846 [D] [alarm.go:78]  告警数量(1)超过阈值(1), 终端cefa7658d0a54b23aa77c6dd927436b9已离线超过5分钟 
2019/12/27 17:45:15.808 [D] [alarm.go:68]  离线告警 2019-12-27 17:45:15.8080183 +0800 CST m=+3300.152512901 
2019/12/27 17:45:15.808 [D] [alarm.go:98]  CPU使用率告警 2019-12-27 17:45:15.8080183 +0800 CST m=+3300.152512901 
2019/12/27 17:45:15.808 [D] [alarm.go:127]  内存使用率告警 2019-12-27 17:45:15.8080183 +0800 CST m=+3300.152512901 
2019/12/27 17:45:15.815 [D] [alarm.go:78]  告警数量(1)超过阈值(1), 终端cefa7658d0a54b23aa77c6dd927436b9已离线超过5分钟 
2019/12/27 17:46:15.808 [D] [alarm.go:98]  CPU使用率告警 2019-12-27 17:46:15.808993 +0800 CST m=+3360.152821601 
2019/12/27 17:46:15.808 [D] [alarm.go:68]  离线告警 2019-12-27 17:46:15.808993 +0800 CST m=+3360.152821601 
2019/12/27 17:46:15.808 [D] [alarm.go:127]  内存使用率告警 2019-12-27 17:46:15.808993 +0800 CST m=+3360.152821601 
2019/12/27 17:46:15.813 [D] [alarm.go:78]  告警数量(1)超过阈值(1), 终端cefa7658d0a54b23aa77c6dd927436b9已离线超过5分钟 
2019/12/27 17:47:15.808 [D] [alarm.go:127]  内存使用率告警 2019-12-27 17:47:15.8086615 +0800 CST m=+3420.151824101 
2019/12/27 17:47:15.809 [D] [alarm.go:68]  离线告警 2019-12-27 17:47:15.8096716 +0800 CST m=+3420.152834201 
2019/12/27 17:47:15.809 [D] [alarm.go:98]  CPU使用率告警 2019-12-27 17:47:15.8096716 +0800 CST m=+3420.152834201 
2019/12/27 17:47:15.815 [D] [alarm.go:78]  告警数量(1)超过阈值(1), 终端cefa7658d0a54b23aa77c6dd927436b9已离线超过5分钟 
2019/12/27 17:48:15.810 [D] [alarm.go:68]  离线告警 2019-12-27 17:48:15.8108636 +0800 CST m=+3480.153360201 
2019/12/27 17:48:15.810 [D] [alarm.go:127]  内存使用率告警 2019-12-27 17:48:15.8108636 +0800 CST m=+3480.153360201 
2019/12/27 17:48:15.810 [D] [alarm.go:98]  CPU使用率告警 2019-12-27 17:48:15.8108636 +0800 CST m=+3480.153360201 
2019/12/27 17:48:15.860 [D] [alarm.go:78]  告警数量(1)超过阈值(1), 终端cefa7658d0a54b23aa77c6dd927436b9已离线超过5分钟 
2019/12/27 17:49:15.810 [D] [alarm.go:127]  内存使用率告警 2019-12-27 17:49:15.8100894 +0800 CST m=+3540.151920001 
2019/12/27 17:49:15.810 [D] [alarm.go:98]  CPU使用率告警 2019-12-27 17:49:15.8100894 +0800 CST m=+3540.151920001 
2019/12/27 17:49:15.810 [D] [alarm.go:68]  离线告警 2019-12-27 17:49:15.8100894 +0800 CST m=+3540.151920001 
2019/12/27 17:49:15.836 [D] [alarm.go:78]  告警数量(1)超过阈值(1), 终端cefa7658d0a54b23aa77c6dd927436b9已离线超过5分钟 
2019/12/27 17:50:15.812 [D] [alarm.go:68]  离线告警 2019-12-27 17:50:15.8123195 +0800 CST m=+3600.153484101 
2019/12/27 17:50:15.812 [D] [alarm.go:127]  内存使用率告警 2019-12-27 17:50:15.8123195 +0800 CST m=+3600.153484101 
2019/12/27 17:50:15.812 [D] [alarm.go:98]  CPU使用率告警 2019-12-27 17:50:15.8123195 +0800 CST m=+3600.153484101 
2019/12/27 17:50:15.819 [D] [alarm.go:78]  告警数量(1)超过阈值(1), 终端cefa7658d0a54b23aa77c6dd927436b9已离线超过5分钟 
2019/12/27 17:51:15.811 [D] [alarm.go:127]  内存使用率告警 2019-12-27 17:51:15.8113256 +0800 CST m=+3660.151824201 
2019/12/27 17:51:15.814 [D] [alarm.go:98]  CPU使用率告警 2019-12-27 17:51:15.8113256 +0800 CST m=+3660.151824201 
2019/12/27 17:51:15.826 [D] [alarm.go:68]  离线告警 2019-12-27 17:51:15.82644 +0800 CST m=+3660.166938401 
2019/12/27 17:51:15.830 [D] [alarm.go:78]  告警数量(1)超过阈值(1), 终端cefa7658d0a54b23aa77c6dd927436b9已离线超过5分钟 
2019/12/27 17:52:15.812 [D] [alarm.go:127]  内存使用率告警 2019-12-27 17:52:15.8125595 +0800 CST m=+3720.152392101 
2019/12/27 17:52:15.812 [D] [alarm.go:68]  离线告警 2019-12-27 17:52:15.8125595 +0800 CST m=+3720.152392101 
2019/12/27 17:52:15.812 [D] [alarm.go:98]  CPU使用率告警 2019-12-27 17:52:15.8125595 +0800 CST m=+3720.152392101 
2019/12/27 17:52:15.819 [D] [alarm.go:78]  告警数量(1)超过阈值(1), 终端cefa7658d0a54b23aa77c6dd927436b9已离线超过5分钟 
2019/12/27 17:53:15.813 [D] [alarm.go:98]  CPU使用率告警 2019-12-27 17:53:15.8132594 +0800 CST m=+3780.152426001 
2019/12/27 17:53:15.813 [D] [alarm.go:127]  内存使用率告警 2019-12-27 17:53:15.8139065 +0800 CST m=+3780.153073101 
2019/12/27 17:53:15.813 [D] [alarm.go:68]  离线告警 2019-12-27 17:53:15.8132594 +0800 CST m=+3780.152426001 
2019/12/27 17:53:15.837 [D] [alarm.go:78]  告警数量(1)超过阈值(1), 终端cefa7658d0a54b23aa77c6dd927436b9已离线超过5分钟 
2019/12/27 17:54:15.813 [D] [alarm.go:127]  内存使用率告警 2019-12-27 17:54:15.813413 +0800 CST m=+3840.151913601 
2019/12/27 17:54:15.813 [D] [alarm.go:98]  CPU使用率告警 2019-12-27 17:54:15.813413 +0800 CST m=+3840.151913601 
2019/12/27 17:54:15.813 [D] [alarm.go:68]  离线告警 2019-12-27 17:54:15.813413 +0800 CST m=+3840.151913601 
2019/12/27 17:54:15.838 [D] [alarm.go:78]  告警数量(1)超过阈值(1), 终端cefa7658d0a54b23aa77c6dd927436b9已离线超过5分钟 
2019/12/27 17:55:15.814 [D] [alarm.go:127]  内存使用率告警 2019-12-27 17:55:15.8146422 +0800 CST m=+3900.151725301 
2019/12/27 17:55:15.814 [D] [alarm.go:68]  离线告警 2019-12-27 17:55:15.8146422 +0800 CST m=+3900.151725301 
2019/12/27 17:55:15.814 [D] [alarm.go:98]  CPU使用率告警 2019-12-27 17:55:15.8146422 +0800 CST m=+3900.151725301 
2019/12/27 17:55:15.817 [D] [alarm.go:78]  告警数量(1)超过阈值(1), 终端cefa7658d0a54b23aa77c6dd927436b9已离线超过5分钟 
2019/12/27 17:56:15.832 [D] [alarm.go:127]  内存使用率告警 2019-12-27 17:56:15.8328037 +0800 CST m=+3960.152949801 
2019/12/27 17:56:15.832 [D] [alarm.go:98]  CPU使用率告警 2019-12-27 17:56:15.8328037 +0800 CST m=+3960.152949801 
2019/12/27 17:56:15.832 [D] [alarm.go:68]  离线告警 2019-12-27 17:56:15.8328037 +0800 CST m=+3960.152949801 
2019/12/27 17:56:15.837 [D] [alarm.go:78]  告警数量(1)超过阈值(1), 终端cefa7658d0a54b23aa77c6dd927436b9已离线超过5分钟 
2019/12/27 17:57:15.846 [D] [alarm.go:68]  离线告警 2019-12-27 17:57:15.8468893 +0800 CST m=+4020.153490501 
2019/12/27 17:57:15.846 [D] [alarm.go:127]  内存使用率告警 2019-12-27 17:57:15.8468893 +0800 CST m=+4020.153490501 
2019/12/27 17:57:15.846 [D] [alarm.go:98]  CPU使用率告警 2019-12-27 17:57:15.8468893 +0800 CST m=+4020.153490501 
2019/12/27 17:57:15.847 [D] [alarm.go:78]  告警数量(1)超过阈值(1), 终端cefa7658d0a54b23aa77c6dd927436b9已离线超过5分钟 
2019/12/27 17:58:15.856 [D] [alarm.go:68]  离线告警 2019-12-27 17:58:15.856299 +0800 CST m=+4080.152037101 
2019/12/27 17:58:15.857 [D] [alarm.go:78]  告警数量(1)超过阈值(1), 终端cefa7658d0a54b23aa77c6dd927436b9已离线超过5分钟 
2019/12/27 17:58:15.856 [D] [alarm.go:127]  内存使用率告警 2019-12-27 17:58:15.856299 +0800 CST m=+4080.152037101 
2019/12/27 17:58:15.865 [D] [alarm.go:98]  CPU使用率告警 2019-12-27 17:58:15.8652761 +0800 CST m=+4080.161012801 
2019/12/27 17:59:15.866 [D] [alarm.go:127]  内存使用率告警 2019-12-27 17:59:15.8665814 +0800 CST m=+4140.153573801 
2019/12/27 17:59:15.866 [D] [alarm.go:68]  离线告警 2019-12-27 17:59:15.8665814 +0800 CST m=+4140.153573801 
2019/12/27 17:59:15.866 [D] [alarm.go:98]  CPU使用率告警 2019-12-27 17:59:15.8665814 +0800 CST m=+4140.153573801 
2019/12/27 17:59:15.868 [D] [alarm.go:78]  告警数量(1)超过阈值(1), 终端cefa7658d0a54b23aa77c6dd927436b9已离线超过5分钟 
2019/12/27 18:00:15.872 [D] [alarm.go:68]  离线告警 2019-12-27 18:00:15.8722128 +0800 CST m=+4200.152120601 
2019/12/27 18:00:15.872 [D] [alarm.go:127]  内存使用率告警 2019-12-27 18:00:15.8722128 +0800 CST m=+4200.152120601 
2019/12/27 18:00:15.873 [D] [alarm.go:98]  CPU使用率告警 2019-12-27 18:00:15.8732102 +0800 CST m=+4200.153117901 
2019/12/27 18:00:15.873 [D] [alarm.go:78]  告警数量(1)超过阈值(1), 终端cefa7658d0a54b23aa77c6dd927436b9已离线超过5分钟 
2019/12/27 18:01:15.928 [D] [alarm.go:127]  内存使用率告警 2019-12-27 18:01:15.8854915 +0800 CST m=+4260.159643301 
2019/12/27 18:01:15.929 [D] [alarm.go:98]  CPU使用率告警 2019-12-27 18:01:15.8854915 +0800 CST m=+4260.159643301 
2019/12/27 18:01:15.929 [D] [alarm.go:68]  离线告警 2019-12-27 18:01:15.8854915 +0800 CST m=+4260.159643301 
2019/12/27 18:01:15.939 [D] [alarm.go:78]  告警数量(1)超过阈值(1), 终端cefa7658d0a54b23aa77c6dd927436b9已离线超过5分钟 
2019/12/27 18:02:15.883 [D] [alarm.go:98]  CPU使用率告警 2019-12-27 18:02:15.8830456 +0800 CST m=+4320.152494001 
2019/12/27 18:02:15.885 [D] [alarm.go:127]  内存使用率告警 2019-12-27 18:02:15.8840431 +0800 CST m=+4320.153491401 
2019/12/27 18:02:15.885 [D] [alarm.go:68]  离线告警 2019-12-27 18:02:15.8840431 +0800 CST m=+4320.153491401 
2019/12/27 18:02:15.887 [D] [alarm.go:78]  告警数量(1)超过阈值(1), 终端cefa7658d0a54b23aa77c6dd927436b9已离线超过5分钟 
2019/12/27 18:03:15.889 [D] [alarm.go:127]  内存使用率告警 2019-12-27 18:03:15.8894532 +0800 CST m=+4380.155029101 
2019/12/27 18:03:15.889 [D] [alarm.go:98]  CPU使用率告警 2019-12-27 18:03:15.8894532 +0800 CST m=+4380.155029101 
2019/12/27 18:03:15.889 [D] [alarm.go:68]  离线告警 2019-12-27 18:03:15.8894532 +0800 CST m=+4380.155029101 
2019/12/27 18:03:15.903 [D] [alarm.go:78]  告警数量(1)超过阈值(1), 终端cefa7658d0a54b23aa77c6dd927436b9已离线超过5分钟 
2019/12/27 18:04:15.889 [D] [alarm.go:98]  CPU使用率告警 2019-12-27 18:04:15.8892397 +0800 CST m=+4440.151600801 
2019/12/27 18:04:15.889 [D] [alarm.go:127]  内存使用率告警 2019-12-27 18:04:15.8892397 +0800 CST m=+4440.151600801 
2019/12/27 18:04:15.889 [D] [alarm.go:68]  离线告警 2019-12-27 18:04:15.8892397 +0800 CST m=+4440.151600801 
2019/12/27 18:04:15.898 [D] [alarm.go:78]  告警数量(1)超过阈值(1), 终端cefa7658d0a54b23aa77c6dd927436b9已离线超过5分钟 
2019/12/27 18:05:15.892 [D] [alarm.go:127]  内存使用率告警 2019-12-27 18:05:15.8924939 +0800 CST m=+4500.152159701 
2019/12/27 18:05:15.893 [D] [alarm.go:68]  离线告警 2019-12-27 18:05:15.8934922 +0800 CST m=+4500.153157901 
2019/12/27 18:05:15.893 [D] [alarm.go:98]  CPU使用率告警 2019-12-27 18:05:15.8934922 +0800 CST m=+4500.153157901 
2019/12/27 18:05:15.893 [D] [alarm.go:78]  告警数量(1)超过阈值(1), 终端cefa7658d0a54b23aa77c6dd927436b9已离线超过5分钟 
2019/12/27 18:06:15.894 [D] [alarm.go:127]  内存使用率告警 2019-12-27 18:06:15.8943231 +0800 CST m=+4560.151704901 
2019/12/27 18:06:15.894 [D] [alarm.go:98]  CPU使用率告警 2019-12-27 18:06:15.8943231 +0800 CST m=+4560.151704901 
2019/12/27 18:06:15.894 [D] [alarm.go:68]  离线告警 2019-12-27 18:06:15.8943231 +0800 CST m=+4560.151704901 
2019/12/27 18:06:15.911 [D] [alarm.go:78]  告警数量(1)超过阈值(1), 终端cefa7658d0a54b23aa77c6dd927436b9已离线超过5分钟 
2019/12/27 18:07:15.896 [D] [alarm.go:68]  离线告警 2019-12-27 18:07:15.8968142 +0800 CST m=+4620.152236501 
2019/12/27 18:07:15.896 [D] [alarm.go:127]  内存使用率告警 2019-12-27 18:07:15.8968142 +0800 CST m=+4620.152236501 
2019/12/27 18:07:15.896 [D] [alarm.go:98]  CPU使用率告警 2019-12-27 18:07:15.8968142 +0800 CST m=+4620.152236501 
2019/12/27 18:07:15.898 [D] [alarm.go:78]  告警数量(1)超过阈值(1), 终端cefa7658d0a54b23aa77c6dd927436b9已离线超过5分钟 
2019/12/27 18:08:15.899 [D] [alarm.go:98]  CPU使用率告警 2019-12-27 18:08:15.8996716 +0800 CST m=+4680.153391601 
2019/12/27 18:08:15.899 [D] [alarm.go:127]  内存使用率告警 2019-12-27 18:08:15.8996716 +0800 CST m=+4680.153391601 
2019/12/27 18:08:15.899 [D] [alarm.go:68]  离线告警 2019-12-27 18:08:15.8996716 +0800 CST m=+4680.153391601 
2019/12/27 18:08:15.908 [D] [alarm.go:78]  告警数量(1)超过阈值(1), 终端cefa7658d0a54b23aa77c6dd927436b9已离线超过5分钟 
2019/12/27 18:09:15.901 [D] [alarm.go:98]  CPU使用率告警 2019-12-27 18:09:15.9013104 +0800 CST m=+4740.153531301 
2019/12/27 18:09:15.901 [D] [alarm.go:68]  离线告警 2019-12-27 18:09:15.9013104 +0800 CST m=+4740.153531301 
2019/12/27 18:09:15.901 [D] [alarm.go:127]  内存使用率告警 2019-12-27 18:09:15.9013104 +0800 CST m=+4740.153531301 
2019/12/27 18:09:15.902 [D] [alarm.go:78]  告警数量(1)超过阈值(1), 终端cefa7658d0a54b23aa77c6dd927436b9已离线超过5分钟 
2019/12/27 18:10:15.901 [D] [alarm.go:68]  离线告警 2019-12-27 18:10:15.9011952 +0800 CST m=+4800.152077701 
2019/12/27 18:10:15.901 [D] [alarm.go:98]  CPU使用率告警 2019-12-27 18:10:15.9011952 +0800 CST m=+4800.152077701 
2019/12/27 18:10:15.901 [D] [alarm.go:127]  内存使用率告警 2019-12-27 18:10:15.9011952 +0800 CST m=+4800.152077701 
2019/12/27 18:10:15.902 [D] [alarm.go:78]  告警数量(1)超过阈值(1), 终端cefa7658d0a54b23aa77c6dd927436b9已离线超过5分钟 
2019/12/27 18:11:15.901 [D] [alarm.go:68]  离线告警 2019-12-27 18:11:15.9019509 +0800 CST m=+4860.151622501 
2019/12/27 18:11:15.901 [D] [alarm.go:127]  内存使用率告警 2019-12-27 18:11:15.9019509 +0800 CST m=+4860.151622501 
2019/12/27 18:11:15.901 [D] [alarm.go:98]  CPU使用率告警 2019-12-27 18:11:15.9019509 +0800 CST m=+4860.151622501 
2019/12/27 18:11:15.909 [D] [alarm.go:78]  告警数量(1)超过阈值(1), 终端cefa7658d0a54b23aa77c6dd927436b9已离线超过5分钟 
2019/12/27 18:12:15.904 [D] [alarm.go:127]  内存使用率告警 2019-12-27 18:12:15.9045979 +0800 CST m=+4920.153158801 
2019/12/27 18:12:15.904 [D] [alarm.go:98]  CPU使用率告警 2019-12-27 18:12:15.9045979 +0800 CST m=+4920.153158801 
2019/12/27 18:12:15.904 [D] [alarm.go:68]  离线告警 2019-12-27 18:12:15.9045979 +0800 CST m=+4920.153158801 
2019/12/27 18:12:15.913 [D] [alarm.go:78]  告警数量(1)超过阈值(1), 终端cefa7658d0a54b23aa77c6dd927436b9已离线超过5分钟 
2019/12/27 18:13:15.908 [D] [alarm.go:68]  离线告警 2019-12-27 18:13:15.9087737 +0800 CST m=+4980.151706001 
2019/12/27 18:13:15.908 [D] [alarm.go:127]  内存使用率告警 2019-12-27 18:13:15.9087737 +0800 CST m=+4980.151706001 
2019/12/27 18:13:15.908 [D] [alarm.go:98]  CPU使用率告警 2019-12-27 18:13:15.9087737 +0800 CST m=+4980.151706001 
2019/12/27 18:13:15.909 [D] [alarm.go:78]  告警数量(1)超过阈值(1), 终端cefa7658d0a54b23aa77c6dd927436b9已离线超过5分钟 
2019/12/27 18:14:15.915 [D] [alarm.go:98]  CPU使用率告警 2019-12-27 18:14:15.9150258 +0800 CST m=+5040.153241701 
2019/12/27 18:14:15.915 [D] [alarm.go:127]  内存使用率告警 2019-12-27 18:14:15.9150258 +0800 CST m=+5040.153241701 
2019/12/27 18:14:15.915 [D] [alarm.go:68]  离线告警 2019-12-27 18:14:15.9150258 +0800 CST m=+5040.153241701 
2019/12/27 18:14:15.928 [D] [alarm.go:78]  告警数量(1)超过阈值(1), 终端cefa7658d0a54b23aa77c6dd927436b9已离线超过5分钟 
2019/12/27 18:15:15.917 [D] [alarm.go:127]  内存使用率告警 2019-12-27 18:15:15.9174066 +0800 CST m=+5100.151736201 
2019/12/27 18:15:15.917 [D] [alarm.go:98]  CPU使用率告警 2019-12-27 18:15:15.9174066 +0800 CST m=+5100.151736201 
2019/12/27 18:15:15.917 [D] [alarm.go:68]  离线告警 2019-12-27 18:15:15.9174066 +0800 CST m=+5100.151736201 
2019/12/27 18:15:15.918 [D] [alarm.go:78]  告警数量(1)超过阈值(1), 终端cefa7658d0a54b23aa77c6dd927436b9已离线超过5分钟 
2019/12/27 18:16:15.921 [D] [alarm.go:98]  CPU使用率告警 2019-12-27 18:16:15.9214676 +0800 CST m=+5160.152565501 
2019/12/27 18:16:15.921 [D] [alarm.go:127]  内存使用率告警 2019-12-27 18:16:15.9214676 +0800 CST m=+5160.152565501 
2019/12/27 18:16:15.921 [D] [alarm.go:68]  离线告警 2019-12-27 18:16:15.9214676 +0800 CST m=+5160.152565501 
2019/12/27 18:16:15.923 [D] [alarm.go:78]  告警数量(1)超过阈值(1), 终端cefa7658d0a54b23aa77c6dd927436b9已离线超过5分钟 
2019/12/27 18:17:15.923 [D] [alarm.go:127]  内存使用率告警 2019-12-27 18:17:15.9236839 +0800 CST m=+5220.152061601 
2019/12/27 18:17:15.923 [D] [alarm.go:98]  CPU使用率告警 2019-12-27 18:17:15.9236839 +0800 CST m=+5220.152061601 
2019/12/27 18:17:15.923 [D] [alarm.go:68]  离线告警 2019-12-27 18:17:15.9236839 +0800 CST m=+5220.152061601 
2019/12/27 18:17:15.926 [D] [alarm.go:78]  告警数量(1)超过阈值(1), 终端cefa7658d0a54b23aa77c6dd927436b9已离线超过5分钟 
2019/12/27 18:18:15.925 [D] [alarm.go:98]  CPU使用率告警 2019-12-27 18:18:15.9255365 +0800 CST m=+5280.151606001 
2019/12/27 18:18:15.925 [D] [alarm.go:68]  离线告警 2019-12-27 18:18:15.9255365 +0800 CST m=+5280.151606001 
2019/12/27 18:18:15.925 [D] [alarm.go:127]  内存使用率告警 2019-12-27 18:18:15.9255365 +0800 CST m=+5280.151606001 
2019/12/27 18:18:15.925 [D] [alarm.go:78]  告警数量(1)超过阈值(1), 终端cefa7658d0a54b23aa77c6dd927436b9已离线超过5分钟 
2019/12/27 18:19:15.929 [D] [alarm.go:68]  离线告警 2019-12-27 18:19:15.9290874 +0800 CST m=+5340.153173801 
2019/12/27 18:19:15.929 [D] [alarm.go:98]  CPU使用率告警 2019-12-27 18:19:15.9290874 +0800 CST m=+5340.153173801 
2019/12/27 18:19:15.929 [D] [alarm.go:127]  内存使用率告警 2019-12-27 18:19:15.9290874 +0800 CST m=+5340.153173801 
2019/12/27 18:19:15.930 [D] [alarm.go:78]  告警数量(1)超过阈值(1), 终端cefa7658d0a54b23aa77c6dd927436b9已离线超过5分钟 
2019/12/27 18:20:15.929 [D] [alarm.go:98]  CPU使用率告警 2019-12-27 18:20:15.9293458 +0800 CST m=+5400.151706701 
2019/12/27 18:20:15.929 [D] [alarm.go:68]  离线告警 2019-12-27 18:20:15.9293458 +0800 CST m=+5400.151706701 
2019/12/27 18:20:15.929 [D] [alarm.go:127]  内存使用率告警 2019-12-27 18:20:15.9293458 +0800 CST m=+5400.151706701 
2019/12/27 18:20:15.930 [D] [alarm.go:78]  告警数量(1)超过阈值(1), 终端cefa7658d0a54b23aa77c6dd927436b9已离线超过5分钟 
2019/12/27 18:21:15.932 [D] [alarm.go:127]  内存使用率告警 2019-12-27 18:21:15.9322213 +0800 CST m=+5460.153060201 
2019/12/27 18:21:15.932 [D] [alarm.go:68]  离线告警 2019-12-27 18:21:15.9322213 +0800 CST m=+5460.153060201 
2019/12/27 18:21:15.932 [D] [alarm.go:98]  CPU使用率告警 2019-12-27 18:21:15.9322213 +0800 CST m=+5460.153060201 
2019/12/27 18:21:15.935 [D] [alarm.go:78]  告警数量(1)超过阈值(1), 终端cefa7658d0a54b23aa77c6dd927436b9已离线超过5分钟 
2019/12/27 18:22:15.932 [D] [alarm.go:98]  CPU使用率告警 2019-12-27 18:22:15.9323663 +0800 CST m=+5520.151844201 
2019/12/27 18:22:15.932 [D] [alarm.go:68]  离线告警 2019-12-27 18:22:15.9323663 +0800 CST m=+5520.151844201 
2019/12/27 18:22:15.932 [D] [alarm.go:127]  内存使用率告警 2019-12-27 18:22:15.9323663 +0800 CST m=+5520.151844201 
2019/12/27 18:22:15.933 [D] [alarm.go:78]  告警数量(1)超过阈值(1), 终端cefa7658d0a54b23aa77c6dd927436b9已离线超过5分钟 
2019/12/27 18:23:15.933 [D] [alarm.go:68]  离线告警 2019-12-27 18:23:15.9334648 +0800 CST m=+5580.151708801 
2019/12/27 18:23:15.933 [D] [alarm.go:127]  内存使用率告警 2019-12-27 18:23:15.9334648 +0800 CST m=+5580.151708801 
2019/12/27 18:23:15.933 [D] [alarm.go:98]  CPU使用率告警 2019-12-27 18:23:15.9334648 +0800 CST m=+5580.151708801 
2019/12/27 18:23:15.934 [D] [alarm.go:78]  告警数量(1)超过阈值(1), 终端cefa7658d0a54b23aa77c6dd927436b9已离线超过5分钟 
2019/12/27 18:24:15.935 [D] [alarm.go:68]  离线告警 2019-12-27 18:24:15.9358883 +0800 CST m=+5640.152999301 
2019/12/27 18:24:15.935 [D] [alarm.go:127]  内存使用率告警 2019-12-27 18:24:15.9358883 +0800 CST m=+5640.152999301 
2019/12/27 18:24:15.935 [D] [alarm.go:98]  CPU使用率告警 2019-12-27 18:24:15.9358883 +0800 CST m=+5640.152999301 
2019/12/27 18:24:15.936 [D] [alarm.go:78]  告警数量(1)超过阈值(1), 终端cefa7658d0a54b23aa77c6dd927436b9已离线超过5分钟 
2019/12/27 18:25:15.935 [D] [alarm.go:68]  离线告警 2019-12-27 18:25:15.9355686 +0800 CST m=+5700.151626101 
2019/12/27 18:25:15.935 [D] [alarm.go:127]  内存使用率告警 2019-12-27 18:25:15.9355686 +0800 CST m=+5700.151626101 
2019/12/27 18:25:15.935 [D] [alarm.go:98]  CPU使用率告警 2019-12-27 18:25:15.9355686 +0800 CST m=+5700.151626101 
2019/12/27 18:25:15.936 [D] [alarm.go:78]  告警数量(1)超过阈值(1), 终端cefa7658d0a54b23aa77c6dd927436b9已离线超过5分钟 
2019/12/27 18:26:15.939 [D] [alarm.go:127]  内存使用率告警 2019-12-27 18:26:15.9392934 +0800 CST m=+5760.154360201 
2019/12/27 18:26:15.939 [D] [alarm.go:68]  离线告警 2019-12-27 18:26:15.9392934 +0800 CST m=+5760.154360201 
2019/12/27 18:26:15.950 [D] [alarm.go:78]  告警数量(1)超过阈值(1), 终端cefa7658d0a54b23aa77c6dd927436b9已离线超过5分钟 
2019/12/27 18:26:15.942 [D] [alarm.go:98]  CPU使用率告警 2019-12-27 18:26:15.9392934 +0800 CST m=+5760.154360201 
2019/12/27 18:27:15.937 [D] [alarm.go:127]  内存使用率告警 2019-12-27 18:27:15.9377783 +0800 CST m=+5820.151904501 
2019/12/27 18:27:15.937 [D] [alarm.go:68]  离线告警 2019-12-27 18:27:15.9377783 +0800 CST m=+5820.151904501 
2019/12/27 18:27:15.937 [D] [alarm.go:98]  CPU使用率告警 2019-12-27 18:27:15.9377783 +0800 CST m=+5820.151904501 
2019/12/27 18:27:15.938 [D] [alarm.go:78]  告警数量(1)超过阈值(1), 终端cefa7658d0a54b23aa77c6dd927436b9已离线超过5分钟 
2019/12/27 18:28:15.940 [D] [alarm.go:98]  CPU使用率告警 2019-12-27 18:28:15.940093 +0800 CST m=+5880.153317601 
2019/12/27 18:28:15.940 [D] [alarm.go:127]  内存使用率告警 2019-12-27 18:28:15.940093 +0800 CST m=+5880.153317601 
2019/12/27 18:28:15.940 [D] [alarm.go:68]  离线告警 2019-12-27 18:28:15.940093 +0800 CST m=+5880.153317601 
2019/12/27 18:28:15.945 [D] [alarm.go:78]  告警数量(1)超过阈值(1), 终端cefa7658d0a54b23aa77c6dd927436b9已离线超过5分钟 
2019/12/27 18:29:15.939 [D] [alarm.go:127]  内存使用率告警 2019-12-27 18:29:15.9395212 +0800 CST m=+5940.151875501 
2019/12/27 18:29:15.939 [D] [alarm.go:68]  离线告警 2019-12-27 18:29:15.9395212 +0800 CST m=+5940.151875501 
2019/12/27 18:29:15.939 [D] [alarm.go:98]  CPU使用率告警 2019-12-27 18:29:15.9395212 +0800 CST m=+5940.151875501 
2019/12/27 18:29:15.940 [D] [alarm.go:78]  告警数量(1)超过阈值(1), 终端cefa7658d0a54b23aa77c6dd927436b9已离线超过5分钟 
2019/12/27 18:30:15.946 [D] [alarm.go:98]  CPU使用率告警 2019-12-27 18:30:15.9469079 +0800 CST m=+6000.153416401 
2019/12/27 18:30:15.946 [D] [alarm.go:127]  内存使用率告警 2019-12-27 18:30:15.9469079 +0800 CST m=+6000.153416401 
2019/12/27 18:30:15.946 [D] [alarm.go:68]  离线告警 2019-12-27 18:30:15.9469079 +0800 CST m=+6000.153416401 
2019/12/27 18:30:15.953 [D] [alarm.go:78]  告警数量(1)超过阈值(1), 终端cefa7658d0a54b23aa77c6dd927436b9已离线超过5分钟 
2019/12/27 18:31:15.950 [D] [alarm.go:68]  离线告警 2019-12-27 18:31:15.9508022 +0800 CST m=+6060.152073801 
2019/12/27 18:31:15.950 [D] [alarm.go:98]  CPU使用率告警 2019-12-27 18:31:15.9508022 +0800 CST m=+6060.152073801 
2019/12/27 18:31:15.950 [D] [alarm.go:127]  内存使用率告警 2019-12-27 18:31:15.9508022 +0800 CST m=+6060.152073801 
2019/12/27 18:31:15.956 [D] [alarm.go:78]  告警数量(1)超过阈值(1), 终端cefa7658d0a54b23aa77c6dd927436b9已离线超过5分钟 
2019/12/27 18:32:15.956 [D] [alarm.go:98]  CPU使用率告警 2019-12-27 18:32:15.9565929 +0800 CST m=+6120.153560701 
2019/12/27 18:32:15.956 [D] [alarm.go:68]  离线告警 2019-12-27 18:32:15.9565929 +0800 CST m=+6120.153560701 
2019/12/27 18:32:15.956 [D] [alarm.go:127]  内存使用率告警 2019-12-27 18:32:15.9565929 +0800 CST m=+6120.153560701 
2019/12/27 18:32:15.957 [D] [alarm.go:78]  告警数量(1)超过阈值(1), 终端cefa7658d0a54b23aa77c6dd927436b9已离线超过5分钟 
2019/12/27 18:33:15.958 [D] [alarm.go:98]  CPU使用率告警 2019-12-27 18:33:15.958605 +0800 CST m=+6180.152006701 
2019/12/27 18:33:15.958 [D] [alarm.go:127]  内存使用率告警 2019-12-27 18:33:15.958605 +0800 CST m=+6180.152006701 
2019/12/27 18:33:15.959 [D] [alarm.go:68]  离线告警 2019-12-27 18:33:15.9594441 +0800 CST m=+6180.152845801 
2019/12/27 18:33:15.959 [D] [alarm.go:78]  告警数量(1)超过阈值(1), 终端cefa7658d0a54b23aa77c6dd927436b9已离线超过5分钟 
2019/12/27 18:34:15.961 [D] [alarm.go:127]  内存使用率告警 2019-12-27 18:34:15.9612877 +0800 CST m=+6240.151698701 
2019/12/27 18:34:15.961 [D] [alarm.go:98]  CPU使用率告警 2019-12-27 18:34:15.9612877 +0800 CST m=+6240.151698701 
2019/12/27 18:34:15.961 [D] [alarm.go:68]  离线告警 2019-12-27 18:34:15.9612877 +0800 CST m=+6240.151698701 
2019/12/27 18:34:15.967 [D] [alarm.go:78]  告警数量(1)超过阈值(1), 终端cefa7658d0a54b23aa77c6dd927436b9已离线超过5分钟 
2019/12/27 18:35:15.965 [D] [alarm.go:68]  离线告警 2019-12-27 18:35:15.9650841 +0800 CST m=+6300.152967301 
2019/12/27 18:35:15.965 [D] [alarm.go:98]  CPU使用率告警 2019-12-27 18:35:15.9650841 +0800 CST m=+6300.152967301 
2019/12/27 18:35:15.965 [D] [alarm.go:127]  内存使用率告警 2019-12-27 18:35:15.9650841 +0800 CST m=+6300.152967301 
2019/12/27 18:35:15.966 [D] [alarm.go:78]  告警数量(1)超过阈值(1), 终端cefa7658d0a54b23aa77c6dd927436b9已离线超过5分钟 
2019/12/27 18:36:15.966 [D] [alarm.go:68]  离线告警 2019-12-27 18:36:15.9668583 +0800 CST m=+6360.152580401 
2019/12/27 18:36:15.966 [D] [alarm.go:127]  内存使用率告警 2019-12-27 18:36:15.9668583 +0800 CST m=+6360.152580401 
2019/12/27 18:36:15.966 [D] [alarm.go:98]  CPU使用率告警 2019-12-27 18:36:15.9668583 +0800 CST m=+6360.152580401 
2019/12/27 18:36:15.967 [D] [alarm.go:78]  告警数量(1)超过阈值(1), 终端cefa7658d0a54b23aa77c6dd927436b9已离线超过5分钟 
2019/12/27 18:37:15.968 [D] [alarm.go:98]  CPU使用率告警 2019-12-27 18:37:15.9683429 +0800 CST m=+6420.152193301 
2019/12/27 18:37:15.968 [D] [alarm.go:127]  内存使用率告警 2019-12-27 18:37:15.9683429 +0800 CST m=+6420.152193301 
2019/12/27 18:37:15.969 [D] [alarm.go:68]  离线告警 2019-12-27 18:37:15.9693416 +0800 CST m=+6420.153191901 
2019/12/27 18:37:15.969 [D] [alarm.go:78]  告警数量(1)超过阈值(1), 终端cefa7658d0a54b23aa77c6dd927436b9已离线超过5分钟 
2019/12/27 18:38:15.969 [D] [alarm.go:98]  CPU使用率告警 2019-12-27 18:38:15.9697298 +0800 CST m=+6480.151937601 
2019/12/27 18:38:15.969 [D] [alarm.go:127]  内存使用率告警 2019-12-27 18:38:15.9697298 +0800 CST m=+6480.151937601 
2019/12/27 18:38:15.969 [D] [alarm.go:68]  离线告警 2019-12-27 18:38:15.9697298 +0800 CST m=+6480.151937601 
2019/12/27 18:38:15.972 [D] [alarm.go:78]  告警数量(1)超过阈值(1), 终端cefa7658d0a54b23aa77c6dd927436b9已离线超过5分钟 
2019/12/27 18:39:15.972 [D] [alarm.go:68]  离线告警 2019-12-27 18:39:15.9725307 +0800 CST m=+6540.153277101 
2019/12/27 18:39:15.973 [D] [alarm.go:127]  内存使用率告警 2019-12-27 18:39:15.9725307 +0800 CST m=+6540.153277101 
2019/12/27 18:39:15.972 [D] [alarm.go:98]  CPU使用率告警 2019-12-27 18:39:15.9725307 +0800 CST m=+6540.153277101 
2019/12/27 18:39:15.983 [D] [alarm.go:78]  告警数量(1)超过阈值(1), 终端cefa7658d0a54b23aa77c6dd927436b9已离线超过5分钟 
2019/12/27 18:40:15.972 [D] [alarm.go:68]  离线告警 2019-12-27 18:40:15.9723935 +0800 CST m=+6600.151821801 
2019/12/27 18:40:15.972 [D] [alarm.go:98]  CPU使用率告警 2019-12-27 18:40:15.9723935 +0800 CST m=+6600.151821801 
2019/12/27 18:40:15.972 [D] [alarm.go:127]  内存使用率告警 2019-12-27 18:40:15.9723935 +0800 CST m=+6600.151821801 
2019/12/27 18:40:15.973 [D] [alarm.go:78]  告警数量(1)超过阈值(1), 终端cefa7658d0a54b23aa77c6dd927436b9已离线超过5分钟 
2019/12/27 18:41:15.975 [D] [alarm.go:98]  CPU使用率告警 2019-12-27 18:41:15.9751353 +0800 CST m=+6660.153358601 
2019/12/27 18:41:15.976 [D] [alarm.go:127]  内存使用率告警 2019-12-27 18:41:15.9751353 +0800 CST m=+6660.153358601 
2019/12/27 18:41:15.978 [D] [alarm.go:68]  离线告警 2019-12-27 18:41:15.9751353 +0800 CST m=+6660.153358601 
2019/12/27 18:41:15.984 [D] [alarm.go:78]  告警数量(1)超过阈值(1), 终端cefa7658d0a54b23aa77c6dd927436b9已离线超过5分钟 
2019/12/27 18:42:15.974 [D] [alarm.go:68]  离线告警 2019-12-27 18:42:15.9747959 +0800 CST m=+6720.151903801 
2019/12/27 18:42:15.974 [D] [alarm.go:98]  CPU使用率告警 2019-12-27 18:42:15.9747959 +0800 CST m=+6720.151903801 
2019/12/27 18:42:15.974 [D] [alarm.go:127]  内存使用率告警 2019-12-27 18:42:15.9747959 +0800 CST m=+6720.151903801 
2019/12/27 18:42:15.976 [D] [alarm.go:78]  告警数量(1)超过阈值(1), 终端cefa7658d0a54b23aa77c6dd927436b9已离线超过5分钟 
2019/12/27 18:43:15.976 [D] [alarm.go:127]  内存使用率告警 2019-12-27 18:43:15.9764675 +0800 CST m=+6780.152531101 
2019/12/27 18:43:15.976 [D] [alarm.go:98]  CPU使用率告警 2019-12-27 18:43:15.9764675 +0800 CST m=+6780.152531101 
2019/12/27 18:43:15.976 [D] [alarm.go:68]  离线告警 2019-12-27 18:43:15.9764675 +0800 CST m=+6780.152531101 
2019/12/27 18:43:15.980 [D] [alarm.go:78]  告警数量(1)超过阈值(1), 终端cefa7658d0a54b23aa77c6dd927436b9已离线超过5分钟 
2019/12/27 18:44:15.976 [D] [alarm.go:68]  离线告警 2019-12-27 18:44:15.976913 +0800 CST m=+6840.151988101 
2019/12/27 18:44:15.976 [D] [alarm.go:127]  内存使用率告警 2019-12-27 18:44:15.976913 +0800 CST m=+6840.151988101 
2019/12/27 18:44:15.977 [D] [alarm.go:98]  CPU使用率告警 2019-12-27 18:44:15.9779116 +0800 CST m=+6840.152986701 
2019/12/27 18:44:15.977 [D] [alarm.go:78]  告警数量(1)超过阈值(1), 终端cefa7658d0a54b23aa77c6dd927436b9已离线超过5分钟 
2019/12/27 18:45:15.978 [D] [alarm.go:127]  内存使用率告警 2019-12-27 18:45:15.9781773 +0800 CST m=+6900.152308101 
2019/12/27 18:45:15.978 [D] [alarm.go:68]  离线告警 2019-12-27 18:45:15.9781773 +0800 CST m=+6900.152308101 
2019/12/27 18:45:15.978 [D] [alarm.go:98]  CPU使用率告警 2019-12-27 18:45:15.9781773 +0800 CST m=+6900.152308101 
2019/12/27 18:45:15.986 [D] [alarm.go:78]  告警数量(1)超过阈值(1), 终端cefa7658d0a54b23aa77c6dd927436b9已离线超过5分钟 
2019/12/27 18:46:15.978 [D] [alarm.go:98]  CPU使用率告警 2019-12-27 18:46:15.9786218 +0800 CST m=+6960.151843501 
2019/12/27 18:46:15.978 [D] [alarm.go:68]  离线告警 2019-12-27 18:46:15.9786218 +0800 CST m=+6960.151843501 
2019/12/27 18:46:15.978 [D] [alarm.go:127]  内存使用率告警 2019-12-27 18:46:15.9786218 +0800 CST m=+6960.151843501 
2019/12/27 18:46:15.979 [D] [alarm.go:78]  告警数量(1)超过阈值(1), 终端cefa7658d0a54b23aa77c6dd927436b9已离线超过5分钟 
2019/12/27 18:47:15.982 [D] [alarm.go:68]  离线告警 2019-12-27 18:47:15.9826508 +0800 CST m=+7020.151941301 
2019/12/27 18:47:15.983 [D] [alarm.go:78]  告警数量(1)超过阈值(1), 终端cefa7658d0a54b23aa77c6dd927436b9已离线超过5分钟 
2019/12/27 18:47:15.983 [D] [alarm.go:98]  CPU使用率告警 2019-12-27 18:47:15.9836483 +0800 CST m=+7020.152938701 
2019/12/27 18:47:15.983 [D] [alarm.go:127]  内存使用率告警 2019-12-27 18:47:15.9836483 +0800 CST m=+7020.152938701 
2019/12/27 18:48:15.987 [D] [alarm.go:98]  CPU使用率告警 2019-12-27 18:48:15.9877091 +0800 CST m=+7080.153212601 
2019/12/27 18:48:15.987 [D] [alarm.go:68]  离线告警 2019-12-27 18:48:15.9877091 +0800 CST m=+7080.153212601 
2019/12/27 18:48:15.988 [D] [alarm.go:78]  告警数量(1)超过阈值(1), 终端cefa7658d0a54b23aa77c6dd927436b9已离线超过5分钟 
2019/12/27 18:48:15.987 [D] [alarm.go:127]  内存使用率告警 2019-12-27 18:48:15.9877091 +0800 CST m=+7080.153212601 
2019/12/27 18:49:15.989 [D] [alarm.go:68]  离线告警 2019-12-27 18:49:15.9894126 +0800 CST m=+7140.151756301 
2019/12/27 18:49:15.989 [D] [alarm.go:127]  内存使用率告警 2019-12-27 18:49:15.9894126 +0800 CST m=+7140.151756301 
2019/12/27 18:49:15.989 [D] [alarm.go:98]  CPU使用率告警 2019-12-27 18:49:15.9894126 +0800 CST m=+7140.151756301 
2019/12/27 18:49:15.990 [D] [alarm.go:78]  告警数量(1)超过阈值(1), 终端cefa7658d0a54b23aa77c6dd927436b9已离线超过5分钟 
2019/12/27 18:50:15.993 [D] [alarm.go:127]  内存使用率告警 2019-12-27 18:50:15.9936158 +0800 CST m=+7200.153294801 
2019/12/27 18:50:15.993 [D] [alarm.go:68]  离线告警 2019-12-27 18:50:15.9936158 +0800 CST m=+7200.153294801 
2019/12/27 18:50:15.993 [D] [alarm.go:98]  CPU使用率告警 2019-12-27 18:50:15.9936158 +0800 CST m=+7200.153294801 
2019/12/27 18:50:15.994 [D] [alarm.go:78]  告警数量(1)超过阈值(1), 终端cefa7658d0a54b23aa77c6dd927436b9已离线超过5分钟 
2019/12/27 18:51:15.994 [D] [alarm.go:68]  离线告警 2019-12-27 18:51:15.9943784 +0800 CST m=+7260.151780201 
2019/12/27 18:51:15.994 [D] [alarm.go:98]  CPU使用率告警 2019-12-27 18:51:15.9943784 +0800 CST m=+7260.151780201 
2019/12/27 18:51:15.994 [D] [alarm.go:127]  内存使用率告警 2019-12-27 18:51:15.9943784 +0800 CST m=+7260.151780201 
2019/12/27 18:51:16.001 [D] [alarm.go:78]  告警数量(1)超过阈值(1), 终端cefa7658d0a54b23aa77c6dd927436b9已离线超过5分钟 
2019/12/27 18:52:15.997 [D] [alarm.go:68]  离线告警 2019-12-27 18:52:15.9972217 +0800 CST m=+7320.152656501 
2019/12/27 18:52:15.997 [D] [alarm.go:98]  CPU使用率告警 2019-12-27 18:52:15.9972217 +0800 CST m=+7320.152656501 
2019/12/27 18:52:15.997 [D] [alarm.go:127]  内存使用率告警 2019-12-27 18:52:15.9972217 +0800 CST m=+7320.152656501 
2019/12/27 18:52:15.997 [D] [alarm.go:78]  告警数量(1)超过阈值(1), 终端cefa7658d0a54b23aa77c6dd927436b9已离线超过5分钟 
2019/12/27 18:53:15.998 [D] [alarm.go:127]  内存使用率告警 2019-12-27 18:53:15.9984355 +0800 CST m=+7380.152149001 
2019/12/27 18:53:15.999 [D] [alarm.go:68]  离线告警 2019-12-27 18:53:15.9984355 +0800 CST m=+7380.152149001 
2019/12/27 18:53:15.999 [D] [alarm.go:98]  CPU使用率告警 2019-12-27 18:53:15.9984355 +0800 CST m=+7380.152149001 
2019/12/27 18:53:16.000 [D] [alarm.go:78]  告警数量(1)超过阈值(1), 终端cefa7658d0a54b23aa77c6dd927436b9已离线超过5分钟 
2019/12/27 18:54:15.999 [D] [alarm.go:127]  内存使用率告警 2019-12-27 18:54:15.9999137 +0800 CST m=+7440.152100001 
2019/12/27 18:54:15.999 [D] [alarm.go:68]  离线告警 2019-12-27 18:54:15.9999137 +0800 CST m=+7440.152100001 
2019/12/27 18:54:16.000 [D] [alarm.go:98]  CPU使用率告警 2019-12-27 18:54:16.0009132 +0800 CST m=+7440.153099501 
2019/12/27 18:54:16.000 [D] [alarm.go:78]  告警数量(1)超过阈值(1), 终端cefa7658d0a54b23aa77c6dd927436b9已离线超过5分钟 
2019/12/27 18:55:16.002 [D] [alarm.go:127]  内存使用率告警 2019-12-27 18:55:16.0026913 +0800 CST m=+7500.153504201 
2019/12/27 18:55:16.002 [D] [alarm.go:98]  CPU使用率告警 2019-12-27 18:55:16.0026913 +0800 CST m=+7500.153504201 
2019/12/27 18:55:16.002 [D] [alarm.go:68]  离线告警 2019-12-27 18:55:16.0026913 +0800 CST m=+7500.153504201 
2019/12/27 18:55:16.006 [D] [alarm.go:78]  告警数量(1)超过阈值(1), 终端cefa7658d0a54b23aa77c6dd927436b9已离线超过5分钟 
2019/12/27 18:56:16.002 [D] [alarm.go:68]  离线告警 2019-12-27 18:56:16.0028321 +0800 CST m=+7560.152393101 
2019/12/27 18:56:16.002 [D] [alarm.go:98]  CPU使用率告警 2019-12-27 18:56:16.0028321 +0800 CST m=+7560.152393101 
2019/12/27 18:56:16.002 [D] [alarm.go:127]  内存使用率告警 2019-12-27 18:56:16.0028321 +0800 CST m=+7560.152393101 
2019/12/27 18:56:16.014 [D] [alarm.go:78]  告警数量(1)超过阈值(1), 终端cefa7658d0a54b23aa77c6dd927436b9已离线超过5分钟 
2019/12/27 18:57:16.003 [D] [alarm.go:127]  内存使用率告警 2019-12-27 18:57:16.0035393 +0800 CST m=+7620.151944401 
2019/12/27 18:57:16.003 [D] [alarm.go:68]  离线告警 2019-12-27 18:57:16.0035393 +0800 CST m=+7620.151944401 
2019/12/27 18:57:16.003 [D] [alarm.go:98]  CPU使用率告警 2019-12-27 18:57:16.0035393 +0800 CST m=+7620.151944401 
2019/12/27 18:57:16.004 [D] [alarm.go:78]  告警数量(1)超过阈值(1), 终端cefa7658d0a54b23aa77c6dd927436b9已离线超过5分钟 
2019/12/27 18:58:16.004 [D] [alarm.go:127]  内存使用率告警 2019-12-27 18:58:16.0047175 +0800 CST m=+7680.152042601 
2019/12/27 18:58:16.005 [D] [alarm.go:98]  CPU使用率告警 2019-12-27 18:58:16.0056885 +0800 CST m=+7680.153013501 
2019/12/27 18:58:16.005 [D] [alarm.go:68]  离线告警 2019-12-27 18:58:16.0056885 +0800 CST m=+7680.153013501 
2019/12/27 18:58:16.006 [D] [alarm.go:78]  告警数量(1)超过阈值(1), 终端cefa7658d0a54b23aa77c6dd927436b9已离线超过5分钟 
2019/12/27 18:59:16.071 [D] [alarm.go:68]  离线告警 2019-12-27 18:59:16.0077597 +0800 CST m=+7740.154065001 
2019/12/27 18:59:16.071 [D] [alarm.go:98]  CPU使用率告警 2019-12-27 18:59:16.0077597 +0800 CST m=+7740.154065001 
2019/12/27 18:59:16.071 [D] [alarm.go:127]  内存使用率告警 2019-12-27 18:59:16.0077597 +0800 CST m=+7740.154065001 
2019/12/27 18:59:16.127 [D] [alarm.go:78]  告警数量(1)超过阈值(1), 终端cefa7658d0a54b23aa77c6dd927436b9已离线超过5分钟 
2019/12/27 19:00:16.006 [D] [alarm.go:98]  CPU使用率告警 2019-12-27 19:00:16.0062812 +0800 CST m=+7800.151614101 
2019/12/27 19:00:16.006 [D] [alarm.go:127]  内存使用率告警 2019-12-27 19:00:16.0062812 +0800 CST m=+7800.151614101 
2019/12/27 19:00:16.006 [D] [alarm.go:68]  离线告警 2019-12-27 19:00:16.0062812 +0800 CST m=+7800.151614101 
2019/12/27 19:00:16.012 [D] [alarm.go:78]  告警数量(1)超过阈值(1), 终端cefa7658d0a54b23aa77c6dd927436b9已离线超过5分钟 
2019/12/27 19:01:16.010 [D] [alarm.go:68]  离线告警 2019-12-27 19:01:16.009756 +0800 CST m=+7860.154154201 
2019/12/27 19:01:16.011 [D] [alarm.go:127]  内存使用率告警 2019-12-27 19:01:16.009756 +0800 CST m=+7860.154154201 
2019/12/27 19:01:16.011 [D] [alarm.go:98]  CPU使用率告警 2019-12-27 19:01:16.009756 +0800 CST m=+7860.154154201 
2019/12/27 19:01:16.019 [D] [alarm.go:78]  告警数量(1)超过阈值(1), 终端cefa7658d0a54b23aa77c6dd927436b9已离线超过5分钟 
2019/12/27 19:02:16.008 [D] [alarm.go:127]  内存使用率告警 2019-12-27 19:02:16.0082509 +0800 CST m=+7920.151744001 
2019/12/27 19:02:16.008 [D] [alarm.go:68]  离线告警 2019-12-27 19:02:16.0082509 +0800 CST m=+7920.151744001 
2019/12/27 19:02:16.009 [D] [alarm.go:98]  CPU使用率告警 2019-12-27 19:02:16.0082509 +0800 CST m=+7920.151744001 
2019/12/27 19:02:16.010 [D] [alarm.go:78]  告警数量(1)超过阈值(1), 终端cefa7658d0a54b23aa77c6dd927436b9已离线超过5分钟 
2019/12/27 19:03:16.009 [D] [alarm.go:68]  离线告警 2019-12-27 19:03:16.0097372 +0800 CST m=+7980.152348701 
2019/12/27 19:03:16.009 [D] [alarm.go:127]  内存使用率告警 2019-12-27 19:03:16.0097372 +0800 CST m=+7980.152348701 
2019/12/27 19:03:16.009 [D] [alarm.go:98]  CPU使用率告警 2019-12-27 19:03:16.0097372 +0800 CST m=+7980.152348701 
2019/12/27 19:03:16.010 [D] [alarm.go:78]  告警数量(1)超过阈值(1), 终端cefa7658d0a54b23aa77c6dd927436b9已离线超过5分钟 
2019/12/27 19:04:16.039 [D] [alarm.go:68]  离线告警 2019-12-27 19:04:16.0270211 +0800 CST m=+8040.165282301 
2019/12/27 19:04:16.041 [D] [alarm.go:78]  告警数量(1)超过阈值(1), 终端cefa7658d0a54b23aa77c6dd927436b9已离线超过5分钟 
2019/12/27 19:04:16.042 [D] [alarm.go:127]  内存使用率告警 2019-12-27 19:04:16.0270211 +0800 CST m=+8040.165282301 
2019/12/27 19:04:16.042 [D] [alarm.go:98]  CPU使用率告警 2019-12-27 19:04:16.0270211 +0800 CST m=+8040.165282301 
2019/12/27 19:05:16.019 [D] [alarm.go:127]  内存使用率告警 2019-12-27 19:05:16.0195822 +0800 CST m=+8100.153333201 
2019/12/27 19:05:16.019 [D] [alarm.go:98]  CPU使用率告警 2019-12-27 19:05:16.0195822 +0800 CST m=+8100.153333201 
2019/12/27 19:05:16.019 [D] [alarm.go:68]  离线告警 2019-12-27 19:05:16.0195822 +0800 CST m=+8100.153333201 
2019/12/27 19:05:16.027 [D] [alarm.go:78]  告警数量(1)超过阈值(1), 终端cefa7658d0a54b23aa77c6dd927436b9已离线超过5分钟 
2019/12/27 19:06:16.022 [D] [alarm.go:68]  离线告警 2019-12-27 19:06:16.0223677 +0800 CST m=+8160.152381501 
2019/12/27 19:06:16.022 [D] [alarm.go:127]  内存使用率告警 2019-12-27 19:06:16.0223677 +0800 CST m=+8160.152381501 
2019/12/27 19:06:16.022 [D] [alarm.go:98]  CPU使用率告警 2019-12-27 19:06:16.0223677 +0800 CST m=+8160.152381501 
2019/12/27 19:06:16.023 [D] [alarm.go:78]  告警数量(1)超过阈值(1), 终端cefa7658d0a54b23aa77c6dd927436b9已离线超过5分钟 
2019/12/27 19:07:16.025 [D] [alarm.go:68]  离线告警 2019-12-27 19:07:16.025135 +0800 CST m=+8220.152023601 
2019/12/27 19:07:16.025 [D] [alarm.go:127]  内存使用率告警 2019-12-27 19:07:16.025135 +0800 CST m=+8220.152023601 
2019/12/27 19:07:16.026 [D] [alarm.go:98]  CPU使用率告警 2019-12-27 19:07:16.0261323 +0800 CST m=+8220.153020901 
2019/12/27 19:07:16.027 [D] [alarm.go:78]  告警数量(1)超过阈值(1), 终端cefa7658d0a54b23aa77c6dd927436b9已离线超过5分钟 
2019/12/27 19:08:16.029 [D] [alarm.go:98]  CPU使用率告警 2019-12-27 19:08:16.029327 +0800 CST m=+8280.153568301 
2019/12/27 19:08:16.029 [D] [alarm.go:68]  离线告警 2019-12-27 19:08:16.029327 +0800 CST m=+8280.153568301 
2019/12/27 19:08:16.029 [D] [alarm.go:127]  内存使用率告警 2019-12-27 19:08:16.029327 +0800 CST m=+8280.153568301 
2019/12/27 19:08:16.030 [D] [alarm.go:78]  告警数量(1)超过阈值(1), 终端cefa7658d0a54b23aa77c6dd927436b9已离线超过5分钟 
2019/12/27 19:09:16.031 [D] [alarm.go:68]  离线告警 2019-12-27 19:09:16.0301322 +0800 CST m=+8340.152109101 
2019/12/27 19:09:16.030 [D] [alarm.go:98]  CPU使用率告警 2019-12-27 19:09:16.0301322 +0800 CST m=+8340.152109101 
2019/12/27 19:09:16.042 [D] [alarm.go:127]  内存使用率告警 2019-12-27 19:09:16.0401089 +0800 CST m=+8340.162085401 
2019/12/27 19:09:16.043 [D] [alarm.go:78]  告警数量(1)超过阈值(1), 终端cefa7658d0a54b23aa77c6dd927436b9已离线超过5分钟 
2019/12/27 19:10:16.031 [D] [alarm.go:127]  内存使用率告警 2019-12-27 19:10:16.0317357 +0800 CST m=+8400.151752501 
2019/12/27 19:10:16.031 [D] [alarm.go:68]  离线告警 2019-12-27 19:10:16.0317357 +0800 CST m=+8400.151752501 
2019/12/27 19:10:16.031 [D] [alarm.go:98]  CPU使用率告警 2019-12-27 19:10:16.0317357 +0800 CST m=+8400.151752501 
2019/12/27 19:10:16.032 [D] [alarm.go:78]  告警数量(1)超过阈值(1), 终端cefa7658d0a54b23aa77c6dd927436b9已离线超过5分钟 
2019/12/27 19:11:16.033 [D] [alarm.go:98]  CPU使用率告警 2019-12-27 19:11:16.0339178 +0800 CST m=+8460.152214501 
2019/12/27 19:11:16.033 [D] [alarm.go:68]  离线告警 2019-12-27 19:11:16.0339178 +0800 CST m=+8460.152214501 
2019/12/27 19:11:16.033 [D] [alarm.go:127]  内存使用率告警 2019-12-27 19:11:16.0339178 +0800 CST m=+8460.152214501 
2019/12/27 19:11:16.034 [D] [alarm.go:78]  告警数量(1)超过阈值(1), 终端cefa7658d0a54b23aa77c6dd927436b9已离线超过5分钟 
2019/12/27 19:12:16.034 [D] [alarm.go:98]  CPU使用率告警 2019-12-27 19:12:16.0349703 +0800 CST m=+8520.151737001 
2019/12/27 19:12:16.034 [D] [alarm.go:127]  内存使用率告警 2019-12-27 19:12:16.0349703 +0800 CST m=+8520.151737001 
2019/12/27 19:12:16.034 [D] [alarm.go:68]  离线告警 2019-12-27 19:12:16.0349703 +0800 CST m=+8520.151737001 
2019/12/27 19:12:16.038 [D] [alarm.go:78]  告警数量(1)超过阈值(1), 终端cefa7658d0a54b23aa77c6dd927436b9已离线超过5分钟 
2019/12/27 19:13:16.038 [D] [alarm.go:98]  CPU使用率告警 2019-12-27 19:13:16.038046 +0800 CST m=+8580.153432901 
2019/12/27 19:13:16.038 [D] [alarm.go:68]  离线告警 2019-12-27 19:13:16.038046 +0800 CST m=+8580.153432901 
2019/12/27 19:13:16.038 [D] [alarm.go:127]  内存使用率告警 2019-12-27 19:13:16.038046 +0800 CST m=+8580.153432901 
2019/12/27 19:13:16.038 [D] [alarm.go:78]  告警数量(1)超过阈值(1), 终端cefa7658d0a54b23aa77c6dd927436b9已离线超过5分钟 
2019/12/27 19:14:16.037 [D] [alarm.go:127]  内存使用率告警 2019-12-27 19:14:16.0375193 +0800 CST m=+8640.151645301 
2019/12/27 19:14:16.037 [D] [alarm.go:98]  CPU使用率告警 2019-12-27 19:14:16.0375193 +0800 CST m=+8640.151645301 
2019/12/27 19:14:16.037 [D] [alarm.go:68]  离线告警 2019-12-27 19:14:16.0375193 +0800 CST m=+8640.151645301 
2019/12/27 19:14:16.044 [D] [alarm.go:78]  告警数量(1)超过阈值(1), 终端cefa7658d0a54b23aa77c6dd927436b9已离线超过5分钟 
2019/12/27 19:15:16.039 [D] [alarm.go:98]  CPU使用率告警 2019-12-27 19:15:16.0391283 +0800 CST m=+8700.152087301 
2019/12/27 19:15:16.039 [D] [alarm.go:127]  内存使用率告警 2019-12-27 19:15:16.0391283 +0800 CST m=+8700.152087301 
2019/12/27 19:15:16.039 [D] [alarm.go:68]  离线告警 2019-12-27 19:15:16.0391283 +0800 CST m=+8700.152087301 
2019/12/27 19:15:16.042 [D] [alarm.go:78]  告警数量(1)超过阈值(1), 终端cefa7658d0a54b23aa77c6dd927436b9已离线超过5分钟 
2019/12/27 19:16:16.039 [D] [alarm.go:98]  CPU使用率告警 2019-12-27 19:16:16.039733 +0800 CST m=+8760.151599101 
2019/12/27 19:16:16.039 [D] [alarm.go:68]  离线告警 2019-12-27 19:16:16.039733 +0800 CST m=+8760.151599101 
2019/12/27 19:16:16.039 [D] [alarm.go:127]  内存使用率告警 2019-12-27 19:16:16.039733 +0800 CST m=+8760.151599101 
2019/12/27 19:16:16.040 [D] [alarm.go:78]  告警数量(1)超过阈值(1), 终端cefa7658d0a54b23aa77c6dd927436b9已离线超过5分钟 
2019/12/27 19:17:16.042 [D] [alarm.go:127]  内存使用率告警 2019-12-27 19:17:16.0421208 +0800 CST m=+8820.152952801 
2019/12/27 19:17:16.042 [D] [alarm.go:98]  CPU使用率告警 2019-12-27 19:17:16.0421208 +0800 CST m=+8820.152952801 
2019/12/27 19:17:16.042 [D] [alarm.go:68]  离线告警 2019-12-27 19:17:16.0421208 +0800 CST m=+8820.152952801 
2019/12/27 19:17:16.046 [D] [alarm.go:78]  告警数量(1)超过阈值(1), 终端cefa7658d0a54b23aa77c6dd927436b9已离线超过5分钟 
2019/12/27 19:18:16.042 [D] [alarm.go:68]  离线告警 2019-12-27 19:18:16.0420675 +0800 CST m=+8880.151911701 
2019/12/27 19:18:16.042 [D] [alarm.go:127]  内存使用率告警 2019-12-27 19:18:16.0420675 +0800 CST m=+8880.151911701 
2019/12/27 19:18:16.042 [D] [alarm.go:98]  CPU使用率告警 2019-12-27 19:18:16.0420675 +0800 CST m=+8880.151911701 
2019/12/27 19:18:16.043 [D] [alarm.go:78]  告警数量(1)超过阈值(1), 终端cefa7658d0a54b23aa77c6dd927436b9已离线超过5分钟 
2019/12/27 19:19:16.043 [D] [alarm.go:127]  内存使用率告警 2019-12-27 19:19:16.0433297 +0800 CST m=+8940.152222901 
2019/12/27 19:19:16.043 [D] [alarm.go:68]  离线告警 2019-12-27 19:19:16.0433297 +0800 CST m=+8940.152222901 
2019/12/27 19:19:16.043 [D] [alarm.go:98]  CPU使用率告警 2019-12-27 19:19:16.0433297 +0800 CST m=+8940.152222901 
2019/12/27 19:19:16.045 [D] [alarm.go:78]  告警数量(1)超过阈值(1), 终端cefa7658d0a54b23aa77c6dd927436b9已离线超过5分钟 
2019/12/27 19:20:16.063 [D] [alarm.go:98]  CPU使用率告警 2019-12-27 19:20:16.0545758 +0800 CST m=+9000.162546801 
2019/12/27 19:20:16.064 [D] [alarm.go:68]  离线告警 2019-12-27 19:20:16.0555725 +0800 CST m=+9000.163543501 
2019/12/27 19:20:16.065 [D] [alarm.go:127]  内存使用率告警 2019-12-27 19:20:16.0555725 +0800 CST m=+9000.163543501 
2019/12/27 19:20:16.075 [D] [alarm.go:78]  告警数量(1)超过阈值(1), 终端cefa7658d0a54b23aa77c6dd927436b9已离线超过5分钟 
2019/12/27 19:21:16.048 [D] [alarm.go:68]  离线告警 2019-12-27 19:21:16.0481311 +0800 CST m=+9060.152147901 
2019/12/27 19:21:16.048 [D] [alarm.go:127]  内存使用率告警 2019-12-27 19:21:16.0481311 +0800 CST m=+9060.152147901 
2019/12/27 19:21:16.049 [D] [alarm.go:98]  CPU使用率告警 2019-12-27 19:21:16.0490998 +0800 CST m=+9060.153116501 
2019/12/27 19:21:16.049 [D] [alarm.go:78]  告警数量(1)超过阈值(1), 终端cefa7658d0a54b23aa77c6dd927436b9已离线超过5分钟 
2019/12/27 19:22:16.052 [D] [alarm.go:98]  CPU使用率告警 2019-12-27 19:22:16.052066 +0800 CST m=+9120.151660601 
2019/12/27 19:22:16.052 [D] [alarm.go:127]  内存使用率告警 2019-12-27 19:22:16.052066 +0800 CST m=+9120.151660601 
2019/12/27 19:22:16.052 [D] [alarm.go:68]  离线告警 2019-12-27 19:22:16.052066 +0800 CST m=+9120.151660601 
2019/12/27 19:22:16.056 [D] [alarm.go:78]  告警数量(1)超过阈值(1), 终端cefa7658d0a54b23aa77c6dd927436b9已离线超过5分钟 
2019/12/27 19:23:16.056 [D] [alarm.go:127]  内存使用率告警 2019-12-27 19:23:16.0562844 +0800 CST m=+9180.152208201 
2019/12/27 19:23:16.056 [D] [alarm.go:98]  CPU使用率告警 2019-12-27 19:23:16.0562844 +0800 CST m=+9180.152208201 
2019/12/27 19:23:16.056 [D] [alarm.go:68]  离线告警 2019-12-27 19:23:16.0562844 +0800 CST m=+9180.152208201 
2019/12/27 19:23:16.065 [D] [alarm.go:78]  告警数量(1)超过阈值(1), 终端cefa7658d0a54b23aa77c6dd927436b9已离线超过5分钟 
2019/12/27 19:24:16.058 [D] [alarm.go:98]  CPU使用率告警 2019-12-27 19:24:16.0589166 +0800 CST m=+9240.151763701 
2019/12/27 19:24:16.058 [D] [alarm.go:68]  离线告警 2019-12-27 19:24:16.0589166 +0800 CST m=+9240.151763701 
2019/12/27 19:24:16.058 [D] [alarm.go:127]  内存使用率告警 2019-12-27 19:24:16.0589166 +0800 CST m=+9240.151763701 
2019/12/27 19:24:16.065 [D] [alarm.go:78]  告警数量(1)超过阈值(1), 终端cefa7658d0a54b23aa77c6dd927436b9已离线超过5分钟 
2019/12/27 19:25:16.062 [D] [alarm.go:98]  CPU使用率告警 2019-12-27 19:25:16.0621079 +0800 CST m=+9300.152342801 
2019/12/27 19:25:16.062 [D] [alarm.go:127]  内存使用率告警 2019-12-27 19:25:16.0621079 +0800 CST m=+9300.152342801 
2019/12/27 19:25:16.062 [D] [alarm.go:68]  离线告警 2019-12-27 19:25:16.0621079 +0800 CST m=+9300.152342801 
2019/12/27 19:25:16.073 [D] [alarm.go:78]  告警数量(1)超过阈值(1), 终端cefa7658d0a54b23aa77c6dd927436b9已离线超过5分钟 
2019/12/27 19:26:16.063 [D] [alarm.go:98]  CPU使用率告警 2019-12-27 19:26:16.0638574 +0800 CST m=+9360.151851901 
2019/12/27 19:26:16.063 [D] [alarm.go:127]  内存使用率告警 2019-12-27 19:26:16.0638574 +0800 CST m=+9360.151851901 
2019/12/27 19:26:16.063 [D] [alarm.go:68]  离线告警 2019-12-27 19:26:16.0638574 +0800 CST m=+9360.151851901 
2019/12/27 19:26:16.069 [D] [alarm.go:78]  告警数量(1)超过阈值(1), 终端cefa7658d0a54b23aa77c6dd927436b9已离线超过5分钟 
2019/12/27 19:27:16.066 [D] [alarm.go:68]  离线告警 2019-12-27 19:27:16.0666558 +0800 CST m=+9420.152704601 
2019/12/27 19:27:16.066 [D] [alarm.go:98]  CPU使用率告警 2019-12-27 19:27:16.0666558 +0800 CST m=+9420.152704601 
2019/12/27 19:27:16.066 [D] [alarm.go:127]  内存使用率告警 2019-12-27 19:27:16.0666558 +0800 CST m=+9420.152704601 
2019/12/27 19:27:16.068 [D] [alarm.go:78]  告警数量(1)超过阈值(1), 终端cefa7658d0a54b23aa77c6dd927436b9已离线超过5分钟 
2019/12/27 19:28:16.069 [D] [alarm.go:98]  CPU使用率告警 2019-12-27 19:28:16.0691019 +0800 CST m=+9480.153438501 
2019/12/27 19:28:16.069 [D] [alarm.go:127]  内存使用率告警 2019-12-27 19:28:16.0691019 +0800 CST m=+9480.153438501 
2019/12/27 19:28:16.069 [D] [alarm.go:68]  离线告警 2019-12-27 19:28:16.0691019 +0800 CST m=+9480.153438501 
2019/12/27 19:28:16.073 [D] [alarm.go:78]  告警数量(1)超过阈值(1), 终端cefa7658d0a54b23aa77c6dd927436b9已离线超过5分钟 
2019/12/27 19:29:16.069 [D] [alarm.go:127]  内存使用率告警 2019-12-27 19:29:16.0691576 +0800 CST m=+9540.151966401 
2019/12/27 19:29:16.069 [D] [alarm.go:68]  离线告警 2019-12-27 19:29:16.0691576 +0800 CST m=+9540.151966401 
2019/12/27 19:29:16.069 [D] [alarm.go:98]  CPU使用率告警 2019-12-27 19:29:16.0691576 +0800 CST m=+9540.151966401 
2019/12/27 19:29:16.075 [D] [alarm.go:78]  告警数量(1)超过阈值(1), 终端cefa7658d0a54b23aa77c6dd927436b9已离线超过5分钟 
2019/12/27 19:30:16.071 [D] [alarm.go:68]  离线告警 2019-12-27 19:30:16.0710811 +0800 CST m=+9600.152507801 
2019/12/27 19:30:16.071 [D] [alarm.go:98]  CPU使用率告警 2019-12-27 19:30:16.0710811 +0800 CST m=+9600.152507801 
2019/12/27 19:30:16.071 [D] [alarm.go:127]  内存使用率告警 2019-12-27 19:30:16.0710811 +0800 CST m=+9600.152507801 
2019/12/27 19:30:16.072 [D] [alarm.go:78]  告警数量(1)超过阈值(1), 终端cefa7658d0a54b23aa77c6dd927436b9已离线超过5分钟 
2019/12/27 19:31:16.071 [D] [alarm.go:68]  离线告警 2019-12-27 19:31:16.0718844 +0800 CST m=+9660.152044401 
2019/12/27 19:31:16.071 [D] [alarm.go:127]  内存使用率告警 2019-12-27 19:31:16.0718844 +0800 CST m=+9660.152044401 
2019/12/27 19:31:16.072 [D] [alarm.go:78]  告警数量(1)超过阈值(1), 终端cefa7658d0a54b23aa77c6dd927436b9已离线超过5分钟 
2019/12/27 19:31:16.072 [D] [alarm.go:98]  CPU使用率告警 2019-12-27 19:31:16.0728799 +0800 CST m=+9660.153039901 
2019/12/27 19:32:16.074 [D] [alarm.go:127]  内存使用率告警 2019-12-27 19:32:16.074368 +0800 CST m=+9720.153352501 
2019/12/27 19:32:16.074 [D] [alarm.go:98]  CPU使用率告警 2019-12-27 19:32:16.074368 +0800 CST m=+9720.153352501 
2019/12/27 19:32:16.074 [D] [alarm.go:68]  离线告警 2019-12-27 19:32:16.074368 +0800 CST m=+9720.153352501 
2019/12/27 19:32:16.084 [D] [alarm.go:78]  告警数量(1)超过阈值(1), 终端cefa7658d0a54b23aa77c6dd927436b9已离线超过5分钟 
2019/12/27 19:33:16.073 [D] [alarm.go:68]  离线告警 2019-12-27 19:33:16.0739473 +0800 CST m=+9780.151828501 
2019/12/27 19:33:16.073 [D] [alarm.go:127]  内存使用率告警 2019-12-27 19:33:16.0739473 +0800 CST m=+9780.151828501 
2019/12/27 19:33:16.073 [D] [alarm.go:98]  CPU使用率告警 2019-12-27 19:33:16.0739473 +0800 CST m=+9780.151828501 
2019/12/27 19:33:16.074 [D] [alarm.go:78]  告警数量(1)超过阈值(1), 终端cefa7658d0a54b23aa77c6dd927436b9已离线超过5分钟 
2019/12/27 19:34:16.076 [D] [alarm.go:127]  内存使用率告警 2019-12-27 19:34:16.0766566 +0800 CST m=+9840.153491501 
2019/12/27 19:34:16.076 [D] [alarm.go:68]  离线告警 2019-12-27 19:34:16.0766566 +0800 CST m=+9840.153491501 
2019/12/27 19:34:16.076 [D] [alarm.go:98]  CPU使用率告警 2019-12-27 19:34:16.0766566 +0800 CST m=+9840.153491501 
2019/12/27 19:34:16.077 [D] [alarm.go:78]  告警数量(1)超过阈值(1), 终端cefa7658d0a54b23aa77c6dd927436b9已离线超过5分钟 
2019/12/27 19:35:16.076 [D] [alarm.go:127]  内存使用率告警 2019-12-27 19:35:16.076005 +0800 CST m=+9900.151838701 
2019/12/27 19:35:16.076 [D] [alarm.go:98]  CPU使用率告警 2019-12-27 19:35:16.076005 +0800 CST m=+9900.151838701 
2019/12/27 19:35:16.076 [D] [alarm.go:68]  离线告警 2019-12-27 19:35:16.076005 +0800 CST m=+9900.151838701 
2019/12/27 19:35:16.085 [D] [alarm.go:78]  告警数量(1)超过阈值(1), 终端cefa7658d0a54b23aa77c6dd927436b9已离线超过5分钟 
2019/12/27 19:36:16.078 [D] [alarm.go:127]  内存使用率告警 2019-12-27 19:36:16.07848 +0800 CST m=+9960.153347901 
2019/12/27 19:36:16.078 [D] [alarm.go:68]  离线告警 2019-12-27 19:36:16.07848 +0800 CST m=+9960.153347901 
2019/12/27 19:36:16.078 [D] [alarm.go:98]  CPU使用率告警 2019-12-27 19:36:16.07848 +0800 CST m=+9960.153347901 
2019/12/27 19:36:16.081 [D] [alarm.go:78]  告警数量(1)超过阈值(1), 终端cefa7658d0a54b23aa77c6dd927436b9已离线超过5分钟 
2019/12/27 19:37:16.078 [D] [alarm.go:68]  离线告警 2019-12-27 19:37:16.0780692 +0800 CST m=+10020.151999801 
2019/12/27 19:37:16.078 [D] [alarm.go:98]  CPU使用率告警 2019-12-27 19:37:16.0780692 +0800 CST m=+10020.151999801 
2019/12/27 19:37:16.078 [D] [alarm.go:127]  内存使用率告警 2019-12-27 19:37:16.0780692 +0800 CST m=+10020.151999801 
2019/12/27 19:37:16.080 [D] [alarm.go:78]  告警数量(1)超过阈值(1), 终端cefa7658d0a54b23aa77c6dd927436b9已离线超过5分钟 
2019/12/27 19:38:16.083 [D] [alarm.go:68]  离线告警 2019-12-27 19:38:16.0831807 +0800 CST m=+10080.153447501 
2019/12/27 19:38:16.083 [D] [alarm.go:98]  CPU使用率告警 2019-12-27 19:38:16.0831807 +0800 CST m=+10080.153447501 
2019/12/27 19:38:16.083 [D] [alarm.go:127]  内存使用率告警 2019-12-27 19:38:16.0831807 +0800 CST m=+10080.153447501 
2019/12/27 19:38:16.085 [D] [alarm.go:78]  告警数量(1)超过阈值(1), 终端cefa7658d0a54b23aa77c6dd927436b9已离线超过5分钟 
2019/12/27 19:39:16.086 [D] [alarm.go:127]  内存使用率告警 2019-12-27 19:39:16.086151 +0800 CST m=+10140.151974401 
2019/12/27 19:39:16.086 [D] [alarm.go:68]  离线告警 2019-12-27 19:39:16.086151 +0800 CST m=+10140.151974401 
2019/12/27 19:39:16.086 [D] [alarm.go:78]  告警数量(1)超过阈值(1), 终端cefa7658d0a54b23aa77c6dd927436b9已离线超过5分钟 
2019/12/27 19:39:16.087 [D] [alarm.go:98]  CPU使用率告警 2019-12-27 19:39:16.0871539 +0800 CST m=+10140.152977201 
2019/12/27 19:40:16.090 [D] [alarm.go:98]  CPU使用率告警 2019-12-27 19:40:16.0907091 +0800 CST m=+10200.152841201 
2019/12/27 19:40:16.090 [D] [alarm.go:68]  离线告警 2019-12-27 19:40:16.0907091 +0800 CST m=+10200.152841201 
2019/12/27 19:40:16.090 [D] [alarm.go:127]  内存使用率告警 2019-12-27 19:40:16.0907091 +0800 CST m=+10200.152841201 
2019/12/27 19:40:16.097 [D] [alarm.go:78]  告警数量(1)超过阈值(1), 终端cefa7658d0a54b23aa77c6dd927436b9已离线超过5分钟 
2019/12/27 19:41:16.093 [D] [alarm.go:127]  内存使用率告警 2019-12-27 19:41:16.0931157 +0800 CST m=+10260.152151201 
2019/12/27 19:41:16.093 [D] [alarm.go:98]  CPU使用率告警 2019-12-27 19:41:16.0931157 +0800 CST m=+10260.152151201 
2019/12/27 19:41:16.093 [D] [alarm.go:68]  离线告警 2019-12-27 19:41:16.0931157 +0800 CST m=+10260.152151201 
2019/12/27 19:41:16.099 [D] [alarm.go:78]  告警数量(1)超过阈值(1), 终端cefa7658d0a54b23aa77c6dd927436b9已离线超过5分钟 
