2019/11/16 11:38:15.512 [I] [asm_amd64.s:1337]  http server Running on http://:80
2019/11/16 11:39:28.220 [E] [web.go:45]  数据库连接错误
2019/11/16 11:40:37.888 [E] [web.go:46]  数据库连接错误
2019/11/16 11:44:51.602 [I] [asm_amd64.s:1337]  http server Running on http://:80
2019/11/16 11:45:29.219 [I] [asm_amd64.s:1337]  http server Running on http://:8888
2019/11/16 14:03:17.257 [I] [web.go:66]  初始化admin成功, 默认密码: %s hdf3-I 
2019/11/16 14:03:41.570 [I] [web.go:71]  admin用户已存在, 跳过 
2019/11/16 14:03:51.393 [I] [web.go:66]  初始化admin成功, 默认密码: FtQll9 
2019/11/16 15:33:50.882 [I] [asm_amd64.s:1337]  http server Running on http://:8888
2019/11/16 15:34:04.111 [D] [server.go:2774]  |            ::1|[42m 200 [0m|     7.0043ms|   match|[44m GET     [0m /auth/login   r:/auth/login/*
2019/11/16 15:34:04.237 [D] [server.go:2774]  |            ::1|[43m 404 [0m|     4.0014ms| nomatch|[44m GET     [0m /favicon.ico
2019/11/16 15:36:00.368 [I] [asm_amd64.s:1337]  http server Running on http://:8888
2019/11/16 15:36:23.694 [I] [asm_amd64.s:1337]  http server Running on http://:8888
2019/11/16 15:36:41.408 [D] [server.go:2774]  |            ::1|[42m 200 [0m|     3.0124ms|   match|[44m GET     [0m /auth/login   r:/auth/login/*
2019/11/16 16:51:36.875 [D] [server.go:2774]  |            ::1|[42m 200 [0m|    40.9996ms|   match|[44m GET     [0m /auth/login   r:/auth/login/*
2019/11/16 16:51:36.908 [D] [server.go:2774]  |            ::1|[43m 404 [0m|     5.0541ms| nomatch|[44m GET     [0m /static/css/plugins/Font-Awesome-4.7.0/css/font-awesome/min.css
2019/11/16 16:51:36.921 [D] [server.go:2774]  |            ::1|[43m 404 [0m|     16.001ms| nomatch|[44m GET     [0m /auth/js/jquery-3.3.1.min.js
2019/11/16 16:51:36.927 [D] [server.go:2774]  |            ::1|[42m 200 [0m|    25.0055ms|   match|[44m GET     [0m /static/css/main.css
2019/11/16 16:51:36.931 [D] [server.go:2774]  |            ::1|[43m 404 [0m|     7.9928ms| nomatch|[44m GET     [0m /auth/js/plugins/pace.min.js
2019/11/16 16:51:36.965 [D] [server.go:2774]  |            ::1|[43m 404 [0m|    60.0023ms| nomatch|[44m GET     [0m /auth/js/bootstrap.min.js
2019/11/16 16:51:36.965 [D] [server.go:2774]  |            ::1|[43m 404 [0m|    60.0023ms| nomatch|[44m GET     [0m /auth/js/main.js
2019/11/16 16:51:36.966 [D] [server.go:2774]  |            ::1|[43m 404 [0m|    60.9979ms| nomatch|[44m GET     [0m /auth/js/popper.min.js
2019/11/16 16:51:37.453 [D] [server.go:2774]  |            ::1|[43m 404 [0m|     1.9877ms| nomatch|[44m GET     [0m /auth/js/popper.min.js
2019/11/16 16:51:37.605 [D] [server.go:2774]  |            ::1|[43m 404 [0m|      999.6µs| nomatch|[44m GET     [0m /auth/js/bootstrap.min.js
2019/11/16 16:51:37.626 [D] [server.go:2774]  |            ::1|[43m 404 [0m|      999.7µs| nomatch|[44m GET     [0m /auth/js/main.js
2019/11/16 16:51:37.658 [D] [server.go:2774]  |            ::1|[43m 404 [0m|      994.5µs| nomatch|[44m GET     [0m /auth/js/plugins/pace.min.js
2019/11/16 16:52:51.052 [D] [server.go:2774]  |            ::1|[42m 200 [0m|     8.9984ms|   match|[44m GET     [0m /auth/login   r:/auth/login/*
2019/11/16 16:52:51.101 [D] [server.go:2774]  |            ::1|[43m 404 [0m|        997µs| nomatch|[44m GET     [0m /static/css/plugins/Font-Awesome-4.7.0/css/font-awesome/min.css
2019/11/16 16:52:54.622 [D] [server.go:2774]  |            ::1|[42m 200 [0m|     1.9989ms|   match|[44m GET     [0m /auth/login   r:/auth/login/*
2019/11/16 16:52:54.658 [D] [server.go:2774]  |            ::1|[43m 404 [0m|     1.9991ms| nomatch|[44m GET     [0m /static/css/plugins/Font-Awesome-4.7.0/css/font-awesome/min.css
2019/11/16 16:52:54.660 [D] [server.go:2774]  |            ::1|[42m 200 [0m|     1.0034ms|   match|[44m GET     [0m /static/css/main.css
2019/11/16 16:52:55.174 [D] [server.go:2774]  |            ::1|[43m 404 [0m|     1.0011ms| nomatch|[44m GET     [0m /favicon.ico
2019/11/16 16:53:09.185 [D] [server.go:2774]  |            ::1|[42m 200 [0m|    11.9967ms|   match|[44m GET     [0m /auth/login   r:/auth/login/*
2019/11/16 16:53:09.217 [D] [server.go:2774]  |            ::1|[43m 404 [0m|     2.0048ms| nomatch|[44m GET     [0m /static/css/plugins/Font-Awesome-4.7.0/css/font-awesome.min.css
2019/11/16 16:53:39.594 [D] [server.go:2774]  |            ::1|[42m 200 [0m|     7.9996ms|   match|[44m GET     [0m /auth/login   r:/auth/login/*
2019/11/16 16:53:39.674 [D] [server.go:2774]  |            ::1|[42m 200 [0m|    21.0011ms|   match|[44m GET     [0m /static/plugins/Font-Awesome-4.7.0/css/font-awesome.min.css
2019/11/16 16:53:39.798 [D] [server.go:2774]  |            ::1|[42m 200 [0m|    13.9934ms|   match|[44m GET     [0m /static/plugins/Font-Awesome-4.7.0/fonts/fontawesome-webfont.woff2
2019/11/16 16:53:51.815 [D] [server.go:2774]  |            ::1|[42m 200 [0m|     2.9945ms|   match|[44m GET     [0m /auth/login   r:/auth/login/*
2019/11/16 16:53:53.033 [D] [server.go:2774]  |            ::1|[42m 200 [0m|     1.9995ms|   match|[44m GET     [0m /auth/login   r:/auth/login/*
2019/11/16 16:53:54.143 [D] [server.go:2774]  |            ::1|[42m 200 [0m|     1.0026ms|   match|[44m GET     [0m /auth/login   r:/auth/login/*
2019/11/16 16:53:55.049 [D] [server.go:2774]  |            ::1|[42m 200 [0m|     2.9984ms|   match|[44m GET     [0m /auth/login   r:/auth/login/*
2019/11/16 16:54:07.053 [D] [server.go:2774]  |            ::1|[42m 200 [0m|      994.8µs|   match|[44m GET     [0m /auth/login   r:/auth/login/*
2019/11/16 16:54:07.775 [D] [server.go:2774]  |            ::1|[42m 200 [0m|     1.9996ms|   match|[44m GET     [0m /auth/login   r:/auth/login/*
2019/11/16 16:54:08.356 [D] [server.go:2774]  |            ::1|[42m 200 [0m|     6.0045ms|   match|[44m GET     [0m /auth/login   r:/auth/login/*
2019/11/16 16:54:09.554 [D] [server.go:2774]  |            ::1|[42m 200 [0m|     1.9958ms|   match|[44m GET     [0m /auth/login   r:/auth/login/*
2019/11/16 16:54:10.037 [D] [server.go:2774]  |            ::1|[42m 200 [0m|      997.9µs|   match|[44m GET     [0m /auth/login   r:/auth/login/*
2019/11/16 16:54:11.580 [D] [server.go:2774]  |            ::1|[43m 404 [0m|     2.0001ms| nomatch|[44m GET     [0m /  
2019/11/16 16:54:14.806 [D] [server.go:2774]  |            ::1|[42m 200 [0m|      999.7µs|   match|[44m GET     [0m /auth/login   r:/auth/login/*
2019/11/16 16:54:16.658 [D] [server.go:2774]  |            ::1|[43m 404 [0m|     2.0086ms| nomatch|[44m GET     [0m /auth/index.html
2019/11/16 17:00:00.901 [D] [server.go:2774]  |            ::1|[42m 200 [0m|    10.9962ms|   match|[44m GET     [0m /auth/login   r:/auth/login/*
2019/11/16 17:00:02.275 [C] [panic.go:522]  the request url is  /auth/login
2019/11/16 17:00:02.275 [C] [panic.go:522]  Handler crashed with error '_xsrf' argument missing from POST
2019/11/16 17:00:02.275 [C] [panic.go:522]  C:/Program Files/Go/src/runtime/panic.go:522
2019/11/16 17:00:02.275 [C] [panic.go:522]  C:/Users/Administrator/go/pkg/mod/github.com/astaxie/beego@v1.12.0/context/context.go:88
2019/11/16 17:00:02.275 [C] [panic.go:522]  C:/Users/Administrator/go/pkg/mod/github.com/astaxie/beego@v1.12.0/context/context.go:172
2019/11/16 17:00:02.275 [C] [panic.go:522]  C:/Users/Administrator/go/pkg/mod/github.com/astaxie/beego@v1.12.0/controller.go:694
2019/11/16 17:00:02.275 [C] [panic.go:522]  C:/Users/Administrator/go/pkg/mod/github.com/astaxie/beego@v1.12.0/router.go:823
2019/11/16 17:00:02.275 [C] [panic.go:522]  C:/Program Files/Go/src/net/http/server.go:2774
2019/11/16 17:00:02.275 [C] [panic.go:522]  C:/Program Files/Go/src/net/http/server.go:1878
2019/11/16 17:00:02.275 [C] [panic.go:522]  C:/Program Files/Go/src/runtime/asm_amd64.s:1337
2019/11/16 17:00:02.275 [server.go:3010]  [HTTP] http: superfluous response.WriteHeader call from github.com/astaxie/beego/context.(*Response).WriteHeader (context.go:230)
2019/11/16 17:02:31.005 [D] [server.go:2774]  |            ::1|[42m 200 [0m|     7.9978ms|   match|[44m GET     [0m /auth/login   r:/auth/login/*
2019/11/16 17:02:31.877 [D] [server.go:2774]  |            ::1|[42m 200 [0m|     1.0004ms|   match|[44m GET     [0m /auth/login   r:/auth/login/*
2019/11/16 17:02:33.003 [C] [panic.go:522]  the request url is  /auth/login
2019/11/16 17:02:33.003 [C] [panic.go:522]  Handler crashed with error '_xsrf' argument missing from POST
2019/11/16 17:02:33.003 [C] [panic.go:522]  C:/Program Files/Go/src/runtime/panic.go:522
2019/11/16 17:02:33.003 [C] [panic.go:522]  C:/Users/Administrator/go/pkg/mod/github.com/astaxie/beego@v1.12.0/context/context.go:88
2019/11/16 17:02:33.003 [C] [panic.go:522]  C:/Users/Administrator/go/pkg/mod/github.com/astaxie/beego@v1.12.0/context/context.go:172
2019/11/16 17:02:33.003 [C] [panic.go:522]  C:/Users/Administrator/go/pkg/mod/github.com/astaxie/beego@v1.12.0/controller.go:694
2019/11/16 17:02:33.003 [C] [panic.go:522]  C:/Users/Administrator/go/pkg/mod/github.com/astaxie/beego@v1.12.0/router.go:823
2019/11/16 17:02:33.003 [C] [panic.go:522]  C:/Program Files/Go/src/net/http/server.go:2774
2019/11/16 17:02:33.003 [C] [panic.go:522]  C:/Program Files/Go/src/net/http/server.go:1878
2019/11/16 17:02:33.003 [C] [panic.go:522]  C:/Program Files/Go/src/runtime/asm_amd64.s:1337
2019/11/16 17:02:33.003 [server.go:3010]  [HTTP] http: superfluous response.WriteHeader call from github.com/astaxie/beego/context.(*Response).WriteHeader (context.go:230)
2019/11/16 17:02:35.477 [D] [server.go:2774]  |            ::1|[42m 200 [0m|     1.0008ms|   match|[44m GET     [0m /auth/login   r:/auth/login/*
2019/11/16 17:02:51.885 [I] [asm_amd64.s:1337]  http server Running on http://:8888
2019/11/16 17:02:56.617 [D] [server.go:2774]  |            ::1|[42m 200 [0m|      998.8µs|   match|[44m GET     [0m /auth/login   r:/auth/login/*
2019/11/16 17:02:58.227 [D] [server.go:2774]  |            ::1|[42m 200 [0m|     4.0009ms|   match|[46m POST    [0m /auth/login   r:/auth/login/*
2019/11/16 17:02:59.104 [D] [server.go:2774]  |            ::1|[42m 200 [0m|     2.0035ms|   match|[46m POST    [0m /auth/login   r:/auth/login/*
2019/11/16 17:02:59.279 [D] [server.go:2774]  |            ::1|[42m 200 [0m|     2.0022ms|   match|[46m POST    [0m /auth/login   r:/auth/login/*
2019/11/16 17:02:59.432 [D] [server.go:2774]  |            ::1|[42m 200 [0m|     4.0028ms|   match|[46m POST    [0m /auth/login   r:/auth/login/*
2019/11/16 17:02:59.606 [D] [server.go:2774]  |            ::1|[42m 200 [0m|     2.0002ms|   match|[46m POST    [0m /auth/login   r:/auth/login/*
2019/11/16 17:02:59.769 [D] [server.go:2774]  |            ::1|[42m 200 [0m|     2.9999ms|   match|[46m POST    [0m /auth/login   r:/auth/login/*
2019/11/16 17:03:04.892 [D] [server.go:2774]  |            ::1|[42m 200 [0m|     6.0018ms|   match|[46m POST    [0m /auth/login   r:/auth/login/*
2019/11/16 17:03:32.877 [D] [server.go:2774]  |            ::1|[42m 200 [0m|     7.9891ms|   match|[46m POST    [0m /auth/login   r:/auth/login/*
2019/11/16 17:03:35.877 [D] [server.go:2774]  |            ::1|[42m 200 [0m|      3.002ms|   match|[46m POST    [0m /auth/login   r:/auth/login/*
2019/11/16 17:34:43.755 [E] [template.go:176]  parse template err: auth/login.html template: auth/login.html:32: function "valid" not defined
2019/11/16 17:34:43.755 [W] [beego.go:103]  template: auth/login.html:32: function "valid" not defined
2019/11/16 17:34:57.769 [I] [asm_amd64.s:1337]  http server Running on http://:8888
2019/11/16 17:35:00.609 [D] [server.go:2774]  |            ::1|[42m 200 [0m|    29.9895ms|   match|[46m POST    [0m /auth/login   r:/auth/login/*
2019/11/16 17:35:02.623 [D] [server.go:2774]  |            ::1|[42m 200 [0m|      999.8µs|   match|[44m GET     [0m /auth/login   r:/auth/login/*
2019/11/16 17:35:05.227 [D] [server.go:2774]  |            ::1|[42m 200 [0m|     2.9969ms|   match|[46m POST    [0m /auth/login   r:/auth/login/*
2019/11/16 17:35:07.403 [D] [server.go:2774]  |            ::1|[42m 200 [0m|     7.9999ms|   match|[46m POST    [0m /auth/login   r:/auth/login/*
2019/11/16 17:35:10.748 [D] [server.go:2774]  |            ::1|[42m 200 [0m|     1.9987ms|   match|[46m POST    [0m /auth/login   r:/auth/login/*
2019/11/16 17:35:12.796 [D] [server.go:2774]  |            ::1|[42m 200 [0m|     5.0036ms|   match|[46m POST    [0m /auth/login   r:/auth/login/*
2019/11/16 17:35:13.762 [D] [server.go:2774]  |            ::1|[42m 200 [0m|     4.9984ms|   match|[46m POST    [0m /auth/login   r:/auth/login/*
2019/11/16 17:35:26.089 [I] [web.go:68]  初始化admin成功, 默认密码: jkeunJ 
2019/11/16 17:35:53.152 [I] [asm_amd64.s:1337]  http server Running on http://:8888
2019/11/16 17:35:55.479 [D] [server.go:2774]  |            ::1|[42m 200 [0m|     8.0013ms|   match|[46m POST    [0m /auth/login   r:/auth/login/*
2019/11/16 17:35:57.867 [D] [server.go:2774]  |            ::1|[42m 200 [0m|     4.9968ms|   match|[46m POST    [0m /auth/login   r:/auth/login/*
2019/11/16 17:35:59.910 [D] [server.go:2774]  |            ::1|[42m 200 [0m|     3.9995ms|   match|[46m POST    [0m /auth/login   r:/auth/login/*
2019/11/16 17:36:01.186 [D] [server.go:2774]  |            ::1|[42m 200 [0m|     5.9954ms|   match|[46m POST    [0m /auth/login   r:/auth/login/*
2019/11/16 17:36:05.365 [D] [server.go:2774]  |            ::1|[42m 200 [0m|     3.0007ms|   match|[46m POST    [0m /auth/login   r:/auth/login/*
2019/11/16 17:37:19.903 [I] [asm_amd64.s:1337]  http server Running on http://:8888
2019/11/16 17:37:23.927 [D] [server.go:2774]  |            ::1|[42m 200 [0m|     4.0005ms|   match|[46m POST    [0m /auth/login   r:/auth/login/*
2019/11/16 17:37:57.216 [I] [asm_amd64.s:1337]  http server Running on http://:8888
2019/11/16 17:38:02.475 [D] [server.go:2774]  |            ::1|[42m 200 [0m|    10.9989ms|   match|[46m POST    [0m /auth/login   r:/auth/login/*
2019/11/16 17:39:11.942 [I] [asm_amd64.s:1337]  http server Running on http://:8888
2019/11/16 17:39:16.573 [D] [server.go:2774]  |            ::1|[42m 200 [0m|    17.9934ms|   match|[46m POST    [0m /auth/login   r:/auth/login/*
2019/11/16 17:43:28.333 [I] [asm_amd64.s:1337]  http server Running on http://:8888
2019/11/16 17:43:32.985 [D] [server.go:2774]  |            ::1|[47m 302 [0m|     6.0018ms|   match|[46m POST    [0m /auth/login   r:/auth/login/*
2019/11/16 17:43:33.044 [C] [panic.go:522]  the request url is  /test/test
2019/11/16 17:43:33.044 [C] [panic.go:522]  Handler crashed with error can't find templatefile in the path:views/testcontroller/test.tpl
2019/11/16 17:43:33.044 [C] [panic.go:522]  C:/Program Files/Go/src/runtime/panic.go:522
2019/11/16 17:43:33.045 [C] [panic.go:522]  C:/Users/Administrator/go/pkg/mod/github.com/astaxie/beego@v1.12.0/template.go:75
2019/11/16 17:43:33.046 [C] [panic.go:522]  C:/Users/Administrator/go/pkg/mod/github.com/astaxie/beego@v1.12.0/controller.go:306
2019/11/16 17:43:33.046 [C] [panic.go:522]  C:/Users/Administrator/go/pkg/mod/github.com/astaxie/beego@v1.12.0/controller.go:257
2019/11/16 17:43:33.047 [C] [panic.go:522]  C:/Users/Administrator/go/pkg/mod/github.com/astaxie/beego@v1.12.0/controller.go:237
2019/11/16 17:43:33.047 [C] [panic.go:522]  C:/Users/Administrator/go/pkg/mod/github.com/astaxie/beego@v1.12.0/router.go:865
2019/11/16 17:43:33.048 [C] [panic.go:522]  C:/Program Files/Go/src/net/http/server.go:2774
2019/11/16 17:43:33.060 [C] [panic.go:522]  C:/Program Files/Go/src/net/http/server.go:1878
2019/11/16 17:43:33.062 [C] [panic.go:522]  C:/Program Files/Go/src/runtime/asm_amd64.s:1337
2019/11/16 17:43:33.063 [server.go:3010]  [HTTP] http: superfluous response.WriteHeader call from github.com/astaxie/beego/context.(*Response).WriteHeader (context.go:230)
2019/11/16 17:44:14.613 [D] [server.go:2774]  |            ::1|[47m 302 [0m|     1.9977ms|   match|[46m POST    [0m /auth/login   r:/auth/login/*
2019/11/16 17:44:14.631 [C] [panic.go:522]  the request url is  /test/test
2019/11/16 17:44:14.639 [C] [panic.go:522]  Handler crashed with error can't find templatefile in the path:views/testcontroller/test.tpl
2019/11/16 17:44:14.641 [C] [panic.go:522]  C:/Program Files/Go/src/runtime/panic.go:522
2019/11/16 17:44:14.641 [C] [panic.go:522]  C:/Users/Administrator/go/pkg/mod/github.com/astaxie/beego@v1.12.0/template.go:75
2019/11/16 17:44:14.642 [C] [panic.go:522]  C:/Users/Administrator/go/pkg/mod/github.com/astaxie/beego@v1.12.0/controller.go:306
2019/11/16 17:44:14.643 [C] [panic.go:522]  C:/Users/Administrator/go/pkg/mod/github.com/astaxie/beego@v1.12.0/controller.go:257
2019/11/16 17:44:14.643 [C] [panic.go:522]  C:/Users/Administrator/go/pkg/mod/github.com/astaxie/beego@v1.12.0/controller.go:237
2019/11/16 17:44:14.644 [C] [panic.go:522]  C:/Users/Administrator/go/pkg/mod/github.com/astaxie/beego@v1.12.0/router.go:865
2019/11/16 17:44:14.644 [C] [panic.go:522]  C:/Program Files/Go/src/net/http/server.go:2774
2019/11/16 17:44:14.645 [C] [panic.go:522]  C:/Program Files/Go/src/net/http/server.go:1878
2019/11/16 17:44:14.646 [C] [panic.go:522]  C:/Program Files/Go/src/runtime/asm_amd64.s:1337
2019/11/16 17:44:14.647 [server.go:3010]  [HTTP] http: superfluous response.WriteHeader call from github.com/astaxie/beego/context.(*Response).WriteHeader (context.go:230)
2019/11/16 17:45:38.861 [I] [asm_amd64.s:1337]  http server Running on http://:8888
2019/11/16 17:45:41.274 [C] [panic.go:522]  the request url is  /test/test
2019/11/16 17:45:41.283 [C] [panic.go:522]  Handler crashed with error can't find templatefile in the path:views/testcontroller/test.tpl
2019/11/16 17:45:41.291 [C] [panic.go:522]  C:/Program Files/Go/src/runtime/panic.go:522
2019/11/16 17:45:41.292 [C] [panic.go:522]  C:/Users/Administrator/go/pkg/mod/github.com/astaxie/beego@v1.12.0/template.go:75
2019/11/16 17:45:41.295 [C] [panic.go:522]  C:/Users/Administrator/go/pkg/mod/github.com/astaxie/beego@v1.12.0/controller.go:306
2019/11/16 17:45:41.295 [C] [panic.go:522]  C:/Users/Administrator/go/pkg/mod/github.com/astaxie/beego@v1.12.0/controller.go:257
2019/11/16 17:45:41.296 [C] [panic.go:522]  C:/Users/Administrator/go/pkg/mod/github.com/astaxie/beego@v1.12.0/controller.go:237
2019/11/16 17:45:41.297 [C] [panic.go:522]  C:/Users/Administrator/go/pkg/mod/github.com/astaxie/beego@v1.12.0/router.go:865
2019/11/16 17:45:41.299 [C] [panic.go:522]  C:/Program Files/Go/src/net/http/server.go:2774
2019/11/16 17:45:41.310 [C] [panic.go:522]  C:/Program Files/Go/src/net/http/server.go:1878
2019/11/16 17:45:41.312 [C] [panic.go:522]  C:/Program Files/Go/src/runtime/asm_amd64.s:1337
2019/11/16 17:45:41.313 [server.go:3010]  [HTTP] http: superfluous response.WriteHeader call from github.com/astaxie/beego/context.(*Response).WriteHeader (context.go:230)
2019/11/16 17:45:43.278 [D] [server.go:2774]  |            ::1|[42m 200 [0m|    17.9983ms|   match|[44m GET     [0m /auth/login   r:/auth/login/*
2019/11/16 17:45:46.959 [D] [server.go:2774]  |            ::1|[42m 200 [0m|     3.9998ms|   match|[46m POST    [0m /auth/login   r:/auth/login/*
2019/11/16 17:45:50.614 [D] [server.go:2774]  |            ::1|[42m 200 [0m|     4.9998ms|   match|[46m POST    [0m /auth/login   r:/auth/login/*
2019/11/16 17:46:11.874 [D] [server.go:2774]  |            ::1|[47m 302 [0m|    11.9939ms|   match|[46m POST    [0m /auth/login   r:/auth/login/*
2019/11/16 17:46:11.911 [C] [panic.go:522]  the request url is  /test/test
2019/11/16 17:46:11.912 [C] [panic.go:522]  Handler crashed with error can't find templatefile in the path:views/testcontroller/test.tpl
2019/11/16 17:46:11.913 [C] [panic.go:522]  C:/Program Files/Go/src/runtime/panic.go:522
2019/11/16 17:46:11.913 [C] [panic.go:522]  C:/Users/Administrator/go/pkg/mod/github.com/astaxie/beego@v1.12.0/template.go:75
2019/11/16 17:46:11.916 [C] [panic.go:522]  C:/Users/Administrator/go/pkg/mod/github.com/astaxie/beego@v1.12.0/controller.go:306
2019/11/16 17:46:11.921 [C] [panic.go:522]  C:/Users/Administrator/go/pkg/mod/github.com/astaxie/beego@v1.12.0/controller.go:257
2019/11/16 17:46:11.924 [C] [panic.go:522]  C:/Users/Administrator/go/pkg/mod/github.com/astaxie/beego@v1.12.0/controller.go:237
2019/11/16 17:46:11.925 [C] [panic.go:522]  C:/Users/Administrator/go/pkg/mod/github.com/astaxie/beego@v1.12.0/router.go:865
2019/11/16 17:46:11.926 [C] [panic.go:522]  C:/Program Files/Go/src/net/http/server.go:2774
2019/11/16 17:46:11.927 [C] [panic.go:522]  C:/Program Files/Go/src/net/http/server.go:1878
2019/11/16 17:46:11.930 [C] [panic.go:522]  C:/Program Files/Go/src/runtime/asm_amd64.s:1337
2019/11/16 17:46:11.943 [server.go:3010]  [HTTP] http: superfluous response.WriteHeader call from github.com/astaxie/beego/context.(*Response).WriteHeader (context.go:230)
2019/11/16 17:46:21.653 [D] [server.go:2774]  |            ::1|[47m 302 [0m|     5.9976ms|   match|[44m GET     [0m /auth/logout   r:/auth/logout/*
2019/11/16 17:46:21.681 [D] [server.go:2774]  |            ::1|[42m 200 [0m|    16.0018ms|   match|[44m GET     [0m /auth/login   r:/auth/login/*
2019/11/16 17:46:24.494 [D] [server.go:2774]  |            ::1|[42m 200 [0m|    11.9999ms|   match|[44m GET     [0m /auth/login   r:/auth/login/*
2019/11/16 18:18:03.350 [D] [server.go:2774]  |            ::1|[42m 200 [0m|     3.0024ms|   match|[44m GET     [0m /auth/login   r:/auth/login/*
2019/11/16 18:18:16.530 [D] [server.go:2774]  |            ::1|[47m 302 [0m|    13.0038ms|   match|[46m POST    [0m /auth/login   r:/auth/login/*
2019/11/16 18:18:16.575 [C] [panic.go:522]  the request url is  /test/test
2019/11/16 18:18:16.575 [C] [panic.go:522]  Handler crashed with error can't find templatefile in the path:views/testcontroller/test.tpl
2019/11/16 18:18:16.576 [C] [panic.go:522]  C:/Program Files/Go/src/runtime/panic.go:522
2019/11/16 18:18:16.576 [C] [panic.go:522]  C:/Users/Administrator/go/pkg/mod/github.com/astaxie/beego@v1.12.0/template.go:75
2019/11/16 18:18:16.577 [C] [panic.go:522]  C:/Users/Administrator/go/pkg/mod/github.com/astaxie/beego@v1.12.0/controller.go:306
2019/11/16 18:18:16.577 [C] [panic.go:522]  C:/Users/Administrator/go/pkg/mod/github.com/astaxie/beego@v1.12.0/controller.go:257
2019/11/16 18:18:16.577 [C] [panic.go:522]  C:/Users/Administrator/go/pkg/mod/github.com/astaxie/beego@v1.12.0/controller.go:237
2019/11/16 18:18:16.578 [C] [panic.go:522]  C:/Users/Administrator/go/pkg/mod/github.com/astaxie/beego@v1.12.0/router.go:865
2019/11/16 18:18:16.578 [C] [panic.go:522]  C:/Program Files/Go/src/net/http/server.go:2774
2019/11/16 18:18:16.579 [C] [panic.go:522]  C:/Program Files/Go/src/net/http/server.go:1878
2019/11/16 18:18:16.580 [C] [panic.go:522]  C:/Program Files/Go/src/runtime/asm_amd64.s:1337
2019/11/16 18:18:16.580 [server.go:3010]  [HTTP] http: superfluous response.WriteHeader call from github.com/astaxie/beego/context.(*Response).WriteHeader (context.go:230)
2019/11/16 18:18:28.304 [I] [asm_amd64.s:1337]  http server Running on http://:8888
2019/11/16 18:18:29.657 [D] [server.go:2774]  |            ::1|[42m 200 [0m|    12.9978ms|   match|[44m GET     [0m /test/test   r:/test/test/*
2019/11/16 18:18:31.945 [D] [server.go:2774]  |            ::1|[42m 200 [0m|     5.0011ms|   match|[44m GET     [0m /test/test   r:/test/test/*
2019/11/16 18:18:32.524 [D] [server.go:2774]  |            ::1|[42m 200 [0m|     8.0024ms|   match|[44m GET     [0m /test/test   r:/test/test/*
2019/11/16 18:18:32.778 [D] [server.go:2774]  |            ::1|[42m 200 [0m|          4ms|   match|[44m GET     [0m /test/test   r:/test/test/*
2019/11/16 18:18:32.977 [D] [server.go:2774]  |            ::1|[42m 200 [0m|      4.996ms|   match|[44m GET     [0m /test/test   r:/test/test/*
2019/11/16 18:18:33.163 [D] [server.go:2774]  |            ::1|[42m 200 [0m|     8.0007ms|   match|[44m GET     [0m /test/test   r:/test/test/*
2019/11/16 18:19:00.393 [I] [asm_amd64.s:1337]  http server Running on http://:8888
2019/11/16 18:19:00.624 [D] [server.go:2774]  |            ::1|[42m 200 [0m|    53.0005ms|   match|[44m GET     [0m /test/test   r:/test/test/*
2019/11/16 18:19:01.600 [D] [server.go:2774]  |            ::1|[42m 200 [0m|     2.0005ms|   match|[44m GET     [0m /test/test   r:/test/test/*
2019/11/16 18:19:02.325 [D] [server.go:2774]  |            ::1|[42m 200 [0m|     1.9997ms|   match|[44m GET     [0m /test/test   r:/test/test/*
2019/11/16 18:19:02.786 [D] [server.go:2774]  |            ::1|[42m 200 [0m|     1.0012ms|   match|[44m GET     [0m /test/test   r:/test/test/*
2019/11/16 18:19:03.051 [D] [server.go:2774]  |            ::1|[42m 200 [0m|     1.9969ms|   match|[44m GET     [0m /test/test   r:/test/test/*
2019/11/16 18:19:03.278 [D] [server.go:2774]  |            ::1|[42m 200 [0m|     1.9929ms|   match|[44m GET     [0m /test/test   r:/test/test/*
2019/11/16 18:45:26.981 [I] [web.go:70]  初始化admin成功, 默认密码: b2-uGR 
2019/11/16 18:46:33.296 [I] [web.go:70]  初始化admin成功, 默认密码: 6BTP7J 
2019/11/16 18:47:12.852 [I] [web.go:70]  初始化admin成功, 默认密码: CFWGUY 
2019/11/16 18:47:45.755 [I] [web.go:79]  同步数据库 
2019/11/16 18:48:16.259 [I] [web.go:79]  同步数据库 
2019/11/16 18:49:00.631 [I] [asm_amd64.s:1337]  http server Running on http://:8888
2019/11/16 18:51:42.848 [I] [asm_amd64.s:1337]  http server Running on http://:8888
2019/11/16 18:54:21.107 [I] [asm_amd64.s:1337]  http server Running on http://:8888
2019/11/16 18:54:32.248 [I] [asm_amd64.s:1337]  http server Running on http://:8888
2019/11/16 18:54:57.821 [I] [asm_amd64.s:1337]  http server Running on http://:8888
2019/11/16 18:55:24.577 [I] [asm_amd64.s:1337]  http server Running on http://:8888
2019/11/16 18:55:48.223 [I] [asm_amd64.s:1337]  http server Running on http://:8888
2019/11/16 18:56:53.619 [I] [asm_amd64.s:1337]  http server Running on http://:8888
2019/11/16 18:58:49.816 [I] [asm_amd64.s:1337]  http server Running on http://:8888
2019/11/16 18:58:53.484 [D] [server.go:2774]  |      127.0.0.1|[42m 200 [0m|    12.9927ms|   match|[44m GET     [0m /test/test   r:/test/test/*
2019/11/16 18:59:00.280 [D] [server.go:2774]  |      127.0.0.1|[42m 200 [0m|     6.0022ms|   match|[44m GET     [0m /test/test   r:/test/test/*
2019/11/16 18:59:36.667 [I] [asm_amd64.s:1337]  http server Running on http://:8888
2019/11/16 19:02:44.940 [D] [server.go:2774]  |      127.0.0.1|[42m 200 [0m|     4.0061ms|   match|[44m GET     [0m /test/test   r:/test/test/*
2019/11/16 19:11:52.516 [D] [server.go:2774]  |      127.0.0.1|[42m 200 [0m|     7.0012ms|   match|[44m GET     [0m /test/test   r:/test/test/*
2019/11/16 19:14:09.740 [D] [server.go:2774]  |            ::1|[42m 200 [0m|    17.9991ms|   match|[44m GET     [0m /test/test   r:/test/test/*
2019/11/16 19:14:10.466 [D] [server.go:2774]  |            ::1|[42m 200 [0m|     6.9949ms|   match|[44m GET     [0m /test/test   r:/test/test/*
2019/11/16 19:14:10.921 [D] [server.go:2774]  |            ::1|[42m 200 [0m|     2.0057ms|   match|[44m GET     [0m /test/test   r:/test/test/*
2019/11/16 19:14:11.130 [D] [server.go:2774]  |            ::1|[42m 200 [0m|     5.0251ms|   match|[44m GET     [0m /test/test   r:/test/test/*
2019/11/16 19:14:11.389 [D] [server.go:2774]  |            ::1|[42m 200 [0m|     13.993ms|   match|[44m GET     [0m /test/test   r:/test/test/*
2019/11/16 19:14:11.607 [D] [server.go:2774]  |            ::1|[42m 200 [0m|     2.9984ms|   match|[44m GET     [0m /test/test   r:/test/test/*
2019/11/16 19:14:11.818 [D] [server.go:2774]  |            ::1|[42m 200 [0m|     2.9959ms|   match|[44m GET     [0m /test/test   r:/test/test/*
2019/11/16 19:14:12.006 [D] [server.go:2774]  |            ::1|[42m 200 [0m|     2.9861ms|   match|[44m GET     [0m /test/test   r:/test/test/*
2019/11/16 19:14:12.225 [D] [server.go:2774]  |            ::1|[42m 200 [0m|     3.9991ms|   match|[44m GET     [0m /test/test   r:/test/test/*
